-- Install configuration: ""
-- Up-to-date: /work/prac_ws/install/small_arm_prac/share/small_arm_prac/urdf
-- Up-to-date: /work/prac_ws/install/small_arm_prac/share/small_arm_prac/urdf/materials.xacro
-- Up-to-date: /work/prac_ws/install/small_arm_prac/share/small_arm_prac/urdf/small_arm.ros2_control.xacro
-- Up-to-date: /work/prac_ws/install/small_arm_prac/share/small_arm_prac/urdf/small_arm.urdf
-- Up-to-date: /work/prac_ws/install/small_arm_prac/share/small_arm_prac/urdf/small_arm.xacro
-- Up-to-date: /work/prac_ws/install/small_arm_prac/share/small_arm_prac/urdf/small_arm.urdf.xacro
-- Up-to-date: /work/prac_ws/install/small_arm_prac/share/small_arm_prac/meshes
-- Up-to-date: /work/prac_ws/install/small_arm_prac/share/small_arm_prac/meshes/link_2_1.stl
-- Up-to-date: /work/prac_ws/install/small_arm_prac/share/small_arm_prac/meshes/link_5_1.stl
-- Up-to-date: /work/prac_ws/install/small_arm_prac/share/small_arm_prac/meshes/Claw_1_1.stl
-- Up-to-date: /work/prac_ws/install/small_arm_prac/share/small_arm_prac/meshes/link_3_1.stl
-- Up-to-date: /work/prac_ws/install/small_arm_prac/share/small_arm_prac/meshes/link_4_1.stl
-- Up-to-date: /work/prac_ws/install/small_arm_prac/share/small_arm_prac/meshes/link_1_1.stl
-- Up-to-date: /work/prac_ws/install/small_arm_prac/share/small_arm_prac/meshes/Claw_base_1.stl
-- Up-to-date: /work/prac_ws/install/small_arm_prac/share/small_arm_prac/meshes/Camera_1.stl
-- Up-to-date: /work/prac_ws/install/small_arm_prac/share/small_arm_prac/meshes/base_link.stl
-- Up-to-date: /work/prac_ws/install/small_arm_prac/share/small_arm_prac/meshes/Claw_2_1.stl
-- Up-to-date: /work/prac_ws/install/small_arm_prac/share/small_arm_prac/launch
-- Up-to-date: /work/prac_ws/install/small_arm_prac/share/small_arm_prac/launch/pantilt_bot_gazebo.launch.py
-- Up-to-date: /work/prac_ws/install/small_arm_prac/share/small_arm_prac/launch/small_arm.rviz
-- Up-to-date: /work/prac_ws/install/small_arm_prac/share/small_arm_prac/launch/display.launch.py
-- Installing: /work/prac_ws/install/small_arm_prac/share/small_arm_prac/launch/small_arm.launch.py
-- Up-to-date: /work/prac_ws/install/small_arm_prac/share/small_arm_prac/controllers
-- Up-to-date: /work/prac_ws/install/small_arm_prac/share/small_arm_prac/controllers/controllers.yaml
-- Up-to-date: /work/prac_ws/install/small_arm_prac/share/ament_index/resource_index/package_run_dependencies/small_arm_prac
-- Up-to-date: /work/prac_ws/install/small_arm_prac/share/ament_index/resource_index/parent_prefix_path/small_arm_prac
-- Up-to-date: /work/prac_ws/install/small_arm_prac/share/small_arm_prac/environment/ament_prefix_path.sh
-- Up-to-date: /work/prac_ws/install/small_arm_prac/share/small_arm_prac/environment/ament_prefix_path.dsv
-- Up-to-date: /work/prac_ws/install/small_arm_prac/share/small_arm_prac/environment/path.sh
-- Up-to-date: /work/prac_ws/install/small_arm_prac/share/small_arm_prac/environment/path.dsv
-- Up-to-date: /work/prac_ws/install/small_arm_prac/share/small_arm_prac/local_setup.bash
-- Up-to-date: /work/prac_ws/install/small_arm_prac/share/small_arm_prac/local_setup.sh
-- Up-to-date: /work/prac_ws/install/small_arm_prac/share/small_arm_prac/local_setup.zsh
-- Up-to-date: /work/prac_ws/install/small_arm_prac/share/small_arm_prac/local_setup.dsv
-- Up-to-date: /work/prac_ws/install/small_arm_prac/share/small_arm_prac/package.dsv
-- Up-to-date: /work/prac_ws/install/small_arm_prac/share/ament_index/resource_index/packages/small_arm_prac
-- Up-to-date: /work/prac_ws/install/small_arm_prac/share/small_arm_prac/cmake/small_arm_pracConfig.cmake
-- Up-to-date: /work/prac_ws/install/small_arm_prac/share/small_arm_prac/cmake/small_arm_pracConfig-version.cmake
-- Up-to-date: /work/prac_ws/install/small_arm_prac/share/small_arm_prac/package.xml
