[0.010s] Invoking command in '/work/prac_ws/build/pantilt_bot_description': AMENT_PREFIX_PATH=/work/prac_ws/install/dynamixel_hardware:/work/prac_ws/install/dynamixel_workbench_toolbox:${AMENT_PREFIX_PATH} CMAKE_PREFIX_PATH=/work/prac_ws/install/dynamixel_hardware:/work/prac_ws/install/dynamixel_workbench_toolbox:/opt/ros/humble LD_LIBRARY_PATH=/work/prac_ws/install/dynamixel_hardware/lib:/work/prac_ws/install/dynamixel_workbench_toolbox/lib:${LD_LIBRARY_PATH} /usr/bin/cmake /work/prac_ws/src/dynamixel_hardware/pantilt_bot_description -DCMAKE_INSTALL_PREFIX=/work/prac_ws/install/pantilt_bot_description
[0.059s] -- The C compiler identification is GNU 11.4.0
[0.107s] -- The CXX compiler identification is GNU 11.4.0
[0.114s] -- Detecting C compiler ABI info
[0.193s] -- Detecting C compiler ABI info - done
[0.199s] -- Check for working C compiler: /usr/bin/cc - skipped
[0.200s] -- Detecting C compile features
[0.200s] -- Detecting C compile features - done
[0.204s] -- Detecting CXX compiler ABI info
[0.277s] -- Detecting CXX compiler ABI info - done
[0.282s] -- Check for working CXX compiler: /usr/bin/c++ - skipped
[0.283s] -- Detecting CXX compile features
[0.283s] -- Detecting CXX compile features - done
[0.286s] -- Found ament_cmake: 1.3.12 (/opt/ros/humble/share/ament_cmake/cmake)
[0.405s] -- Found Python3: /usr/bin/python3 (found version "3.10.12") found components: Interpreter 
[0.509s] -- Found robot_state_publisher: 3.0.3 (/opt/ros/humble/share/robot_state_publisher/cmake)
[0.539s] -- Found rosidl_generator_c: 3.1.8 (/opt/ros/humble/share/rosidl_generator_c/cmake)
[0.544s] -- Found rosidl_adapter: 3.1.8 (/opt/ros/humble/share/rosidl_adapter/cmake)
[0.551s] -- Found rosidl_generator_cpp: 3.1.8 (/opt/ros/humble/share/rosidl_generator_cpp/cmake)
[0.560s] -- Using all available rosidl_typesupport_c: rosidl_typesupport_fastrtps_c;rosidl_typesupport_introspection_c
[0.573s] -- Using all available rosidl_typesupport_cpp: rosidl_typesupport_fastrtps_cpp;rosidl_typesupport_introspection_cpp
[0.624s] -- Found eigen3_cmake_module: 0.1.1 (/opt/ros/humble/share/eigen3_cmake_module/cmake)
[0.625s] -- Found Eigen3: TRUE (found version "3.4.0") 
[0.625s] -- Ensuring Eigen3 include directory is part of orocos-kdl CMake target
[0.662s] -- Found rmw_implementation_cmake: 6.1.2 (/opt/ros/humble/share/rmw_implementation_cmake/cmake)
[0.665s] -- Found rmw_fastrtps_cpp: 6.2.9 (/opt/ros/humble/share/rmw_fastrtps_cpp/cmake)
[0.736s] -- Found OpenSSL: /usr/lib/x86_64-linux-gnu/libcrypto.so (found version "3.0.2")  
[0.761s] -- Found FastRTPS: /opt/ros/humble/include  
[0.796s] -- Using RMW implementation 'rmw_fastrtps_cpp' as default
[0.804s] -- Looking for pthread.h
[0.863s] -- Looking for pthread.h - found
[0.864s] -- Performing Test CMAKE_HAVE_LIBC_PTHREAD
[0.920s] -- Performing Test CMAKE_HAVE_LIBC_PTHREAD - Success
[0.920s] -- Found Threads: TRUE  
[1.078s] -- Found xacro: 2.1.1 (/opt/ros/humble/share/xacro/cmake)
[1.081s] -- Found rviz2: 11.2.25 (/opt/ros/humble/share/rviz2/cmake)
[1.083s] -- Found ros2_control: 2.53.0 (/opt/ros/humble/share/ros2_control/cmake)
[1.085s] -- Found ros2_controllers: 2.52.0 (/opt/ros/humble/share/ros2_controllers/cmake)
[1.085s] -- Found dynamixel_hardware: 0.0.0 (/work/prac_ws/install/dynamixel_hardware/share/dynamixel_hardware/cmake)
[1.140s] -- Found realsense2_description: 4.56.4 (/opt/ros/humble/share/realsense2_description/cmake)
[1.190s] -- Configuring done
[1.193s] -- Generating done
[1.195s] -- Build files have been written to: /work/prac_ws/build/pantilt_bot_description
[1.202s] Invoked command in '/work/prac_ws/build/pantilt_bot_description' returned '0': AMENT_PREFIX_PATH=/work/prac_ws/install/dynamixel_hardware:/work/prac_ws/install/dynamixel_workbench_toolbox:${AMENT_PREFIX_PATH} CMAKE_PREFIX_PATH=/work/prac_ws/install/dynamixel_hardware:/work/prac_ws/install/dynamixel_workbench_toolbox:/opt/ros/humble LD_LIBRARY_PATH=/work/prac_ws/install/dynamixel_hardware/lib:/work/prac_ws/install/dynamixel_workbench_toolbox/lib:${LD_LIBRARY_PATH} /usr/bin/cmake /work/prac_ws/src/dynamixel_hardware/pantilt_bot_description -DCMAKE_INSTALL_PREFIX=/work/prac_ws/install/pantilt_bot_description
[1.203s] Invoking command in '/work/prac_ws/build/pantilt_bot_description': AMENT_PREFIX_PATH=/work/prac_ws/install/dynamixel_hardware:/work/prac_ws/install/dynamixel_workbench_toolbox:${AMENT_PREFIX_PATH} CMAKE_PREFIX_PATH=/work/prac_ws/install/dynamixel_hardware:/work/prac_ws/install/dynamixel_workbench_toolbox:/opt/ros/humble LD_LIBRARY_PATH=/work/prac_ws/install/dynamixel_hardware/lib:/work/prac_ws/install/dynamixel_workbench_toolbox/lib:${LD_LIBRARY_PATH} /usr/bin/cmake --build /work/prac_ws/build/pantilt_bot_description -- -j20 -l20
[1.240s] Invoked command in '/work/prac_ws/build/pantilt_bot_description' returned '0': AMENT_PREFIX_PATH=/work/prac_ws/install/dynamixel_hardware:/work/prac_ws/install/dynamixel_workbench_toolbox:${AMENT_PREFIX_PATH} CMAKE_PREFIX_PATH=/work/prac_ws/install/dynamixel_hardware:/work/prac_ws/install/dynamixel_workbench_toolbox:/opt/ros/humble LD_LIBRARY_PATH=/work/prac_ws/install/dynamixel_hardware/lib:/work/prac_ws/install/dynamixel_workbench_toolbox/lib:${LD_LIBRARY_PATH} /usr/bin/cmake --build /work/prac_ws/build/pantilt_bot_description -- -j20 -l20
[1.242s] Invoking command in '/work/prac_ws/build/pantilt_bot_description': AMENT_PREFIX_PATH=/work/prac_ws/install/dynamixel_hardware:/work/prac_ws/install/dynamixel_workbench_toolbox:${AMENT_PREFIX_PATH} CMAKE_PREFIX_PATH=/work/prac_ws/install/dynamixel_hardware:/work/prac_ws/install/dynamixel_workbench_toolbox:/opt/ros/humble LD_LIBRARY_PATH=/work/prac_ws/install/dynamixel_hardware/lib:/work/prac_ws/install/dynamixel_workbench_toolbox/lib:${LD_LIBRARY_PATH} /usr/bin/cmake --install /work/prac_ws/build/pantilt_bot_description
[1.248s] -- Install configuration: ""
[1.248s] -- Installing: /work/prac_ws/install/pantilt_bot_description/share/pantilt_bot_description/meshes
[1.249s] -- Installing: /work/prac_ws/install/pantilt_bot_description/share/pantilt_bot_description/meshes/joint2_horn.stl
[1.249s] -- Installing: /work/prac_ws/install/pantilt_bot_description/share/pantilt_bot_description/meshes/joint2.stl
[1.250s] -- Installing: /work/prac_ws/install/pantilt_bot_description/share/pantilt_bot_description/meshes/joint1_horn.stl
[1.251s] -- Installing: /work/prac_ws/install/pantilt_bot_description/share/pantilt_bot_description/meshes/joint1.stl
[1.251s] -- Installing: /work/prac_ws/install/pantilt_bot_description/share/pantilt_bot_description/urdf
[1.251s] -- Installing: /work/prac_ws/install/pantilt_bot_description/share/pantilt_bot_description/urdf/pantilt_bot.urdf.xacro
[1.252s] -- Installing: /work/prac_ws/install/pantilt_bot_description/share/pantilt_bot_description/urdf/pantilt_bot.xacro
[1.252s] -- Installing: /work/prac_ws/install/pantilt_bot_description/share/pantilt_bot_description/urdf/pantilt_bot.ros2_control.xacro
[1.252s] -- Installing: /work/prac_ws/install/pantilt_bot_description/share/pantilt_bot_description/urdf/pantilt_bot_gazebo.urdf.xacro
[1.252s] -- Installing: /work/prac_ws/install/pantilt_bot_description/share/pantilt_bot_description/urdf/pantilt_bot.material.xacro
[1.253s] -- Installing: /work/prac_ws/install/pantilt_bot_description/share/pantilt_bot_description/urdf/pantilt_bot.ros2_control_gazebo.xacro
[1.253s] -- Installing: /work/prac_ws/install/pantilt_bot_description/share/pantilt_bot_description/controllers
[1.253s] -- Installing: /work/prac_ws/install/pantilt_bot_description/share/pantilt_bot_description/controllers/controllers.yaml
[1.253s] -- Installing: /work/prac_ws/install/pantilt_bot_description/share/pantilt_bot_description/launch
[1.253s] -- Installing: /work/prac_ws/install/pantilt_bot_description/share/pantilt_bot_description/launch/pantilt_bot.launch.py
[1.254s] -- Installing: /work/prac_ws/install/pantilt_bot_description/share/pantilt_bot_description/launch/pantilt_bot_gazebo.launch.py
[1.254s] -- Installing: /work/prac_ws/install/pantilt_bot_description/share/pantilt_bot_description/launch/pantilt_bot.rviz
[1.254s] -- Installing: /work/prac_ws/install/pantilt_bot_description/share/pantilt_bot_description/launch/display.launch.py
[1.254s] -- Installing: /work/prac_ws/install/pantilt_bot_description/share/ament_index/resource_index/package_run_dependencies/pantilt_bot_description
[1.255s] -- Installing: /work/prac_ws/install/pantilt_bot_description/share/ament_index/resource_index/parent_prefix_path/pantilt_bot_description
[1.255s] -- Installing: /work/prac_ws/install/pantilt_bot_description/share/pantilt_bot_description/environment/ament_prefix_path.sh
[1.255s] -- Installing: /work/prac_ws/install/pantilt_bot_description/share/pantilt_bot_description/environment/ament_prefix_path.dsv
[1.255s] -- Installing: /work/prac_ws/install/pantilt_bot_description/share/pantilt_bot_description/environment/path.sh
[1.255s] -- Installing: /work/prac_ws/install/pantilt_bot_description/share/pantilt_bot_description/environment/path.dsv
[1.255s] -- Installing: /work/prac_ws/install/pantilt_bot_description/share/pantilt_bot_description/local_setup.bash
[1.256s] -- Installing: /work/prac_ws/install/pantilt_bot_description/share/pantilt_bot_description/local_setup.sh
[1.256s] -- Installing: /work/prac_ws/install/pantilt_bot_description/share/pantilt_bot_description/local_setup.zsh
[1.256s] -- Installing: /work/prac_ws/install/pantilt_bot_description/share/pantilt_bot_description/local_setup.dsv
[1.256s] -- Installing: /work/prac_ws/install/pantilt_bot_description/share/pantilt_bot_description/package.dsv
[1.256s] -- Installing: /work/prac_ws/install/pantilt_bot_description/share/ament_index/resource_index/packages/pantilt_bot_description
[1.256s] -- Installing: /work/prac_ws/install/pantilt_bot_description/share/pantilt_bot_description/cmake/pantilt_bot_descriptionConfig.cmake
[1.257s] -- Installing: /work/prac_ws/install/pantilt_bot_description/share/pantilt_bot_description/cmake/pantilt_bot_descriptionConfig-version.cmake
[1.257s] -- Installing: /work/prac_ws/install/pantilt_bot_description/share/pantilt_bot_description/package.xml
[1.260s] Invoked command in '/work/prac_ws/build/pantilt_bot_description' returned '0': AMENT_PREFIX_PATH=/work/prac_ws/install/dynamixel_hardware:/work/prac_ws/install/dynamixel_workbench_toolbox:${AMENT_PREFIX_PATH} CMAKE_PREFIX_PATH=/work/prac_ws/install/dynamixel_hardware:/work/prac_ws/install/dynamixel_workbench_toolbox:/opt/ros/humble LD_LIBRARY_PATH=/work/prac_ws/install/dynamixel_hardware/lib:/work/prac_ws/install/dynamixel_workbench_toolbox/lib:${LD_LIBRARY_PATH} /usr/bin/cmake --install /work/prac_ws/build/pantilt_bot_description
