[0.090s] DEBUG:colcon:Command line arguments: ['/usr/bin/colcon', 'build']
[0.090s] DEBUG:colcon:Parsed command line arguments: Namespace(log_base=None, log_level=None, verb_name='build', build_base='build', install_base='install', merge_install=False, symlink_install=False, test_result_base=None, continue_on_error=False, executor='parallel', parallel_workers=20, event_handlers=None, ignore_user_meta=False, metas=['./colcon.meta'], base_paths=['.'], packages_ignore=None, packages_ignore_regex=None, paths=None, packages_up_to=None, packages_up_to_regex=None, packages_above=None, packages_above_and_dependencies=None, packages_above_depth=None, packages_select_by_dep=None, packages_skip_by_dep=None, packages_skip_up_to=None, packages_select_build_failed=False, packages_skip_build_finished=False, packages_select_test_failures=False, packages_skip_test_passed=False, packages_select=None, packages_skip=None, packages_select_regex=None, packages_skip_regex=None, packages_start=None, packages_end=None, cmake_args=None, cmake_target=None, cmake_target_skip_unavailable=False, cmake_clean_cache=False, cmake_clean_first=False, cmake_force_configure=False, ament_cmake_args=None, catkin_cmake_args=None, catkin_skip_building_tests=False, mixin_files=None, mixin=None, verb_parser=<colcon_mixin.mixin.mixin_argument.MixinArgumentDecorator object at 0x7703345d01c0>, verb_extension=<colcon_core.verb.build.BuildVerb object at 0x77033459bbb0>, main=<bound method BuildVerb.main of <colcon_core.verb.build.BuildVerb object at 0x77033459bbb0>>, mixin_verb=('build',))
[0.176s] Level 1:colcon.colcon_core.package_discovery:discover_packages(colcon_meta) check parameters
[0.177s] Level 1:colcon.colcon_core.package_discovery:discover_packages(recursive) check parameters
[0.177s] Level 1:colcon.colcon_core.package_discovery:discover_packages(ignore) check parameters
[0.177s] Level 1:colcon.colcon_core.package_discovery:discover_packages(path) check parameters
[0.177s] Level 1:colcon.colcon_core.package_discovery:discover_packages(colcon_meta) discover
[0.177s] Level 1:colcon.colcon_core.package_discovery:discover_packages(recursive) discover
[0.177s] INFO:colcon.colcon_core.package_discovery:Crawling recursively for packages in '/work/prac_ws'
[0.177s] Level 1:colcon.colcon_core.package_identification:_identify(.) by extensions ['ignore', 'ignore_ament_install']
[0.177s] Level 1:colcon.colcon_core.package_identification:_identify(.) by extension 'ignore'
[0.177s] Level 1:colcon.colcon_core.package_identification:_identify(.) by extension 'ignore_ament_install'
[0.177s] Level 1:colcon.colcon_core.package_identification:_identify(.) by extensions ['colcon_pkg']
[0.177s] Level 1:colcon.colcon_core.package_identification:_identify(.) by extension 'colcon_pkg'
[0.177s] Level 1:colcon.colcon_core.package_identification:_identify(.) by extensions ['colcon_meta']
[0.177s] Level 1:colcon.colcon_core.package_identification:_identify(.) by extension 'colcon_meta'
[0.177s] Level 1:colcon.colcon_core.package_identification:_identify(.) by extensions ['ros']
[0.177s] Level 1:colcon.colcon_core.package_identification:_identify(.) by extension 'ros'
[0.184s] Level 1:colcon.colcon_core.package_identification:_identify(.) by extensions ['cmake', 'python']
[0.184s] Level 1:colcon.colcon_core.package_identification:_identify(.) by extension 'cmake'
[0.184s] Level 1:colcon.colcon_core.package_identification:_identify(.) by extension 'python'
[0.184s] Level 1:colcon.colcon_core.package_identification:_identify(.) by extensions ['python_setup_py']
[0.184s] Level 1:colcon.colcon_core.package_identification:_identify(.) by extension 'python_setup_py'
[0.184s] Level 1:colcon.colcon_core.package_identification:_identify(build) by extensions ['ignore', 'ignore_ament_install']
[0.184s] Level 1:colcon.colcon_core.package_identification:_identify(build) by extension 'ignore'
[0.184s] Level 1:colcon.colcon_core.package_identification:_identify(build) ignored
[0.184s] Level 1:colcon.colcon_core.package_identification:_identify(install) by extensions ['ignore', 'ignore_ament_install']
[0.184s] Level 1:colcon.colcon_core.package_identification:_identify(install) by extension 'ignore'
[0.184s] Level 1:colcon.colcon_core.package_identification:_identify(install) ignored
[0.184s] Level 1:colcon.colcon_core.package_identification:_identify(log) by extensions ['ignore', 'ignore_ament_install']
[0.184s] Level 1:colcon.colcon_core.package_identification:_identify(log) by extension 'ignore'
[0.184s] Level 1:colcon.colcon_core.package_identification:_identify(log) ignored
[0.184s] Level 1:colcon.colcon_core.package_identification:_identify(src) by extensions ['ignore', 'ignore_ament_install']
[0.184s] Level 1:colcon.colcon_core.package_identification:_identify(src) by extension 'ignore'
[0.184s] Level 1:colcon.colcon_core.package_identification:_identify(src) by extension 'ignore_ament_install'
[0.184s] Level 1:colcon.colcon_core.package_identification:_identify(src) by extensions ['colcon_pkg']
[0.184s] Level 1:colcon.colcon_core.package_identification:_identify(src) by extension 'colcon_pkg'
[0.184s] Level 1:colcon.colcon_core.package_identification:_identify(src) by extensions ['colcon_meta']
[0.184s] Level 1:colcon.colcon_core.package_identification:_identify(src) by extension 'colcon_meta'
[0.184s] Level 1:colcon.colcon_core.package_identification:_identify(src) by extensions ['ros']
[0.184s] Level 1:colcon.colcon_core.package_identification:_identify(src) by extension 'ros'
[0.184s] Level 1:colcon.colcon_core.package_identification:_identify(src) by extensions ['cmake', 'python']
[0.184s] Level 1:colcon.colcon_core.package_identification:_identify(src) by extension 'cmake'
[0.184s] Level 1:colcon.colcon_core.package_identification:_identify(src) by extension 'python'
[0.184s] Level 1:colcon.colcon_core.package_identification:_identify(src) by extensions ['python_setup_py']
[0.184s] Level 1:colcon.colcon_core.package_identification:_identify(src) by extension 'python_setup_py'
[0.184s] Level 1:colcon.colcon_core.package_identification:_identify(src/dynamixel-workbench) by extensions ['ignore', 'ignore_ament_install']
[0.184s] Level 1:colcon.colcon_core.package_identification:_identify(src/dynamixel-workbench) by extension 'ignore'
[0.184s] Level 1:colcon.colcon_core.package_identification:_identify(src/dynamixel-workbench) by extension 'ignore_ament_install'
[0.184s] Level 1:colcon.colcon_core.package_identification:_identify(src/dynamixel-workbench) by extensions ['colcon_pkg']
[0.184s] Level 1:colcon.colcon_core.package_identification:_identify(src/dynamixel-workbench) by extension 'colcon_pkg'
[0.185s] Level 1:colcon.colcon_core.package_identification:_identify(src/dynamixel-workbench) by extensions ['colcon_meta']
[0.185s] Level 1:colcon.colcon_core.package_identification:_identify(src/dynamixel-workbench) by extension 'colcon_meta'
[0.185s] Level 1:colcon.colcon_core.package_identification:_identify(src/dynamixel-workbench) by extensions ['ros']
[0.185s] Level 1:colcon.colcon_core.package_identification:_identify(src/dynamixel-workbench) by extension 'ros'
[0.185s] Level 1:colcon.colcon_core.package_identification:_identify(src/dynamixel-workbench) by extensions ['cmake', 'python']
[0.185s] Level 1:colcon.colcon_core.package_identification:_identify(src/dynamixel-workbench) by extension 'cmake'
[0.185s] Level 1:colcon.colcon_core.package_identification:_identify(src/dynamixel-workbench) by extension 'python'
[0.185s] Level 1:colcon.colcon_core.package_identification:_identify(src/dynamixel-workbench) by extensions ['python_setup_py']
[0.185s] Level 1:colcon.colcon_core.package_identification:_identify(src/dynamixel-workbench) by extension 'python_setup_py'
[0.185s] Level 1:colcon.colcon_core.package_identification:_identify(src/dynamixel-workbench/dynamixel_workbench) by extensions ['ignore', 'ignore_ament_install']
[0.185s] Level 1:colcon.colcon_core.package_identification:_identify(src/dynamixel-workbench/dynamixel_workbench) by extension 'ignore'
[0.185s] Level 1:colcon.colcon_core.package_identification:_identify(src/dynamixel-workbench/dynamixel_workbench) by extension 'ignore_ament_install'
[0.185s] Level 1:colcon.colcon_core.package_identification:_identify(src/dynamixel-workbench/dynamixel_workbench) by extensions ['colcon_pkg']
[0.185s] Level 1:colcon.colcon_core.package_identification:_identify(src/dynamixel-workbench/dynamixel_workbench) by extension 'colcon_pkg'
[0.185s] Level 1:colcon.colcon_core.package_identification:_identify(src/dynamixel-workbench/dynamixel_workbench) by extensions ['colcon_meta']
[0.185s] Level 1:colcon.colcon_core.package_identification:_identify(src/dynamixel-workbench/dynamixel_workbench) by extension 'colcon_meta'
[0.185s] Level 1:colcon.colcon_core.package_identification:_identify(src/dynamixel-workbench/dynamixel_workbench) by extensions ['ros']
[0.185s] Level 1:colcon.colcon_core.package_identification:_identify(src/dynamixel-workbench/dynamixel_workbench) by extension 'ros'
[0.187s] DEBUG:colcon.colcon_core.package_identification:Package 'src/dynamixel-workbench/dynamixel_workbench' with type 'ros.ament_cmake' and name 'dynamixel_workbench'
[0.187s] Level 1:colcon.colcon_core.package_identification:_identify(src/dynamixel-workbench/dynamixel_workbench_toolbox) by extensions ['ignore', 'ignore_ament_install']
[0.187s] Level 1:colcon.colcon_core.package_identification:_identify(src/dynamixel-workbench/dynamixel_workbench_toolbox) by extension 'ignore'
[0.187s] Level 1:colcon.colcon_core.package_identification:_identify(src/dynamixel-workbench/dynamixel_workbench_toolbox) by extension 'ignore_ament_install'
[0.187s] Level 1:colcon.colcon_core.package_identification:_identify(src/dynamixel-workbench/dynamixel_workbench_toolbox) by extensions ['colcon_pkg']
[0.187s] Level 1:colcon.colcon_core.package_identification:_identify(src/dynamixel-workbench/dynamixel_workbench_toolbox) by extension 'colcon_pkg'
[0.187s] Level 1:colcon.colcon_core.package_identification:_identify(src/dynamixel-workbench/dynamixel_workbench_toolbox) by extensions ['colcon_meta']
[0.187s] Level 1:colcon.colcon_core.package_identification:_identify(src/dynamixel-workbench/dynamixel_workbench_toolbox) by extension 'colcon_meta'
[0.187s] Level 1:colcon.colcon_core.package_identification:_identify(src/dynamixel-workbench/dynamixel_workbench_toolbox) by extensions ['ros']
[0.187s] Level 1:colcon.colcon_core.package_identification:_identify(src/dynamixel-workbench/dynamixel_workbench_toolbox) by extension 'ros'
[0.188s] DEBUG:colcon.colcon_core.package_identification:Package 'src/dynamixel-workbench/dynamixel_workbench_toolbox' with type 'ros.ament_cmake' and name 'dynamixel_workbench_toolbox'
[0.188s] Level 1:colcon.colcon_core.package_identification:_identify(src/dynamixel-workbench-msgs) by extensions ['ignore', 'ignore_ament_install']
[0.188s] Level 1:colcon.colcon_core.package_identification:_identify(src/dynamixel-workbench-msgs) by extension 'ignore'
[0.188s] Level 1:colcon.colcon_core.package_identification:_identify(src/dynamixel-workbench-msgs) by extension 'ignore_ament_install'
[0.188s] Level 1:colcon.colcon_core.package_identification:_identify(src/dynamixel-workbench-msgs) by extensions ['colcon_pkg']
[0.188s] Level 1:colcon.colcon_core.package_identification:_identify(src/dynamixel-workbench-msgs) by extension 'colcon_pkg'
[0.188s] Level 1:colcon.colcon_core.package_identification:_identify(src/dynamixel-workbench-msgs) by extensions ['colcon_meta']
[0.188s] Level 1:colcon.colcon_core.package_identification:_identify(src/dynamixel-workbench-msgs) by extension 'colcon_meta'
[0.188s] Level 1:colcon.colcon_core.package_identification:_identify(src/dynamixel-workbench-msgs) by extensions ['ros']
[0.188s] Level 1:colcon.colcon_core.package_identification:_identify(src/dynamixel-workbench-msgs) by extension 'ros'
[0.188s] Level 1:colcon.colcon_core.package_identification:_identify(src/dynamixel-workbench-msgs) by extensions ['cmake', 'python']
[0.188s] Level 1:colcon.colcon_core.package_identification:_identify(src/dynamixel-workbench-msgs) by extension 'cmake'
[0.188s] Level 1:colcon.colcon_core.package_identification:_identify(src/dynamixel-workbench-msgs) by extension 'python'
[0.188s] Level 1:colcon.colcon_core.package_identification:_identify(src/dynamixel-workbench-msgs) by extensions ['python_setup_py']
[0.188s] Level 1:colcon.colcon_core.package_identification:_identify(src/dynamixel-workbench-msgs) by extension 'python_setup_py'
[0.188s] Level 1:colcon.colcon_core.package_identification:_identify(src/dynamixel-workbench-msgs/dynamixel_workbench_msgs) by extensions ['ignore', 'ignore_ament_install']
[0.188s] Level 1:colcon.colcon_core.package_identification:_identify(src/dynamixel-workbench-msgs/dynamixel_workbench_msgs) by extension 'ignore'
[0.188s] Level 1:colcon.colcon_core.package_identification:_identify(src/dynamixel-workbench-msgs/dynamixel_workbench_msgs) by extension 'ignore_ament_install'
[0.188s] Level 1:colcon.colcon_core.package_identification:_identify(src/dynamixel-workbench-msgs/dynamixel_workbench_msgs) by extensions ['colcon_pkg']
[0.188s] Level 1:colcon.colcon_core.package_identification:_identify(src/dynamixel-workbench-msgs/dynamixel_workbench_msgs) by extension 'colcon_pkg'
[0.188s] Level 1:colcon.colcon_core.package_identification:_identify(src/dynamixel-workbench-msgs/dynamixel_workbench_msgs) by extensions ['colcon_meta']
[0.188s] Level 1:colcon.colcon_core.package_identification:_identify(src/dynamixel-workbench-msgs/dynamixel_workbench_msgs) by extension 'colcon_meta'
[0.188s] Level 1:colcon.colcon_core.package_identification:_identify(src/dynamixel-workbench-msgs/dynamixel_workbench_msgs) by extensions ['ros']
[0.188s] Level 1:colcon.colcon_core.package_identification:_identify(src/dynamixel-workbench-msgs/dynamixel_workbench_msgs) by extension 'ros'
[0.189s] DEBUG:colcon.colcon_core.package_identification:Package 'src/dynamixel-workbench-msgs/dynamixel_workbench_msgs' with type 'ros.ament_cmake' and name 'dynamixel_workbench_msgs'
[0.189s] Level 1:colcon.colcon_core.package_identification:_identify(src/dynamixel_hardware) by extensions ['ignore', 'ignore_ament_install']
[0.189s] Level 1:colcon.colcon_core.package_identification:_identify(src/dynamixel_hardware) by extension 'ignore'
[0.189s] Level 1:colcon.colcon_core.package_identification:_identify(src/dynamixel_hardware) by extension 'ignore_ament_install'
[0.189s] Level 1:colcon.colcon_core.package_identification:_identify(src/dynamixel_hardware) by extensions ['colcon_pkg']
[0.189s] Level 1:colcon.colcon_core.package_identification:_identify(src/dynamixel_hardware) by extension 'colcon_pkg'
[0.189s] Level 1:colcon.colcon_core.package_identification:_identify(src/dynamixel_hardware) by extensions ['colcon_meta']
[0.189s] Level 1:colcon.colcon_core.package_identification:_identify(src/dynamixel_hardware) by extension 'colcon_meta'
[0.189s] Level 1:colcon.colcon_core.package_identification:_identify(src/dynamixel_hardware) by extensions ['ros']
[0.189s] Level 1:colcon.colcon_core.package_identification:_identify(src/dynamixel_hardware) by extension 'ros'
[0.189s] Level 1:colcon.colcon_core.package_identification:_identify(src/dynamixel_hardware) by extensions ['cmake', 'python']
[0.189s] Level 1:colcon.colcon_core.package_identification:_identify(src/dynamixel_hardware) by extension 'cmake'
[0.189s] Level 1:colcon.colcon_core.package_identification:_identify(src/dynamixel_hardware) by extension 'python'
[0.189s] Level 1:colcon.colcon_core.package_identification:_identify(src/dynamixel_hardware) by extensions ['python_setup_py']
[0.189s] Level 1:colcon.colcon_core.package_identification:_identify(src/dynamixel_hardware) by extension 'python_setup_py'
[0.189s] Level 1:colcon.colcon_core.package_identification:_identify(src/dynamixel_hardware/dynamixel_hardware) by extensions ['ignore', 'ignore_ament_install']
[0.189s] Level 1:colcon.colcon_core.package_identification:_identify(src/dynamixel_hardware/dynamixel_hardware) by extension 'ignore'
[0.189s] Level 1:colcon.colcon_core.package_identification:_identify(src/dynamixel_hardware/dynamixel_hardware) by extension 'ignore_ament_install'
[0.189s] Level 1:colcon.colcon_core.package_identification:_identify(src/dynamixel_hardware/dynamixel_hardware) by extensions ['colcon_pkg']
[0.189s] Level 1:colcon.colcon_core.package_identification:_identify(src/dynamixel_hardware/dynamixel_hardware) by extension 'colcon_pkg'
[0.189s] Level 1:colcon.colcon_core.package_identification:_identify(src/dynamixel_hardware/dynamixel_hardware) by extensions ['colcon_meta']
[0.189s] Level 1:colcon.colcon_core.package_identification:_identify(src/dynamixel_hardware/dynamixel_hardware) by extension 'colcon_meta'
[0.189s] Level 1:colcon.colcon_core.package_identification:_identify(src/dynamixel_hardware/dynamixel_hardware) by extensions ['ros']
[0.189s] Level 1:colcon.colcon_core.package_identification:_identify(src/dynamixel_hardware/dynamixel_hardware) by extension 'ros'
[0.190s] DEBUG:colcon.colcon_core.package_identification:Package 'src/dynamixel_hardware/dynamixel_hardware' with type 'ros.ament_cmake' and name 'dynamixel_hardware'
[0.190s] Level 1:colcon.colcon_core.package_identification:_identify(src/dynamixel_hardware/open_manipulator_x_description) by extensions ['ignore', 'ignore_ament_install']
[0.190s] Level 1:colcon.colcon_core.package_identification:_identify(src/dynamixel_hardware/open_manipulator_x_description) by extension 'ignore'
[0.190s] Level 1:colcon.colcon_core.package_identification:_identify(src/dynamixel_hardware/open_manipulator_x_description) by extension 'ignore_ament_install'
[0.190s] Level 1:colcon.colcon_core.package_identification:_identify(src/dynamixel_hardware/open_manipulator_x_description) by extensions ['colcon_pkg']
[0.190s] Level 1:colcon.colcon_core.package_identification:_identify(src/dynamixel_hardware/open_manipulator_x_description) by extension 'colcon_pkg'
[0.190s] Level 1:colcon.colcon_core.package_identification:_identify(src/dynamixel_hardware/open_manipulator_x_description) by extensions ['colcon_meta']
[0.190s] Level 1:colcon.colcon_core.package_identification:_identify(src/dynamixel_hardware/open_manipulator_x_description) by extension 'colcon_meta'
[0.190s] Level 1:colcon.colcon_core.package_identification:_identify(src/dynamixel_hardware/open_manipulator_x_description) by extensions ['ros']
[0.190s] Level 1:colcon.colcon_core.package_identification:_identify(src/dynamixel_hardware/open_manipulator_x_description) by extension 'ros'
[0.190s] DEBUG:colcon.colcon_core.package_identification:Package 'src/dynamixel_hardware/open_manipulator_x_description' with type 'ros.ament_cmake' and name 'open_manipulator_x_description'
[0.190s] Level 1:colcon.colcon_core.package_identification:_identify(src/dynamixel_hardware/pantilt_bot_description) by extensions ['ignore', 'ignore_ament_install']
[0.191s] Level 1:colcon.colcon_core.package_identification:_identify(src/dynamixel_hardware/pantilt_bot_description) by extension 'ignore'
[0.191s] Level 1:colcon.colcon_core.package_identification:_identify(src/dynamixel_hardware/pantilt_bot_description) by extension 'ignore_ament_install'
[0.191s] Level 1:colcon.colcon_core.package_identification:_identify(src/dynamixel_hardware/pantilt_bot_description) by extensions ['colcon_pkg']
[0.191s] Level 1:colcon.colcon_core.package_identification:_identify(src/dynamixel_hardware/pantilt_bot_description) by extension 'colcon_pkg'
[0.191s] Level 1:colcon.colcon_core.package_identification:_identify(src/dynamixel_hardware/pantilt_bot_description) by extensions ['colcon_meta']
[0.191s] Level 1:colcon.colcon_core.package_identification:_identify(src/dynamixel_hardware/pantilt_bot_description) by extension 'colcon_meta'
[0.191s] Level 1:colcon.colcon_core.package_identification:_identify(src/dynamixel_hardware/pantilt_bot_description) by extensions ['ros']
[0.191s] Level 1:colcon.colcon_core.package_identification:_identify(src/dynamixel_hardware/pantilt_bot_description) by extension 'ros'
[0.191s] DEBUG:colcon.colcon_core.package_identification:Package 'src/dynamixel_hardware/pantilt_bot_description' with type 'ros.ament_cmake' and name 'pantilt_bot_description'
[0.191s] Level 1:colcon.colcon_core.package_identification:_identify(src/small_arm_prac) by extensions ['ignore', 'ignore_ament_install']
[0.191s] Level 1:colcon.colcon_core.package_identification:_identify(src/small_arm_prac) by extension 'ignore'
[0.192s] Level 1:colcon.colcon_core.package_identification:_identify(src/small_arm_prac) by extension 'ignore_ament_install'
[0.192s] Level 1:colcon.colcon_core.package_identification:_identify(src/small_arm_prac) by extensions ['colcon_pkg']
[0.192s] Level 1:colcon.colcon_core.package_identification:_identify(src/small_arm_prac) by extension 'colcon_pkg'
[0.192s] Level 1:colcon.colcon_core.package_identification:_identify(src/small_arm_prac) by extensions ['colcon_meta']
[0.192s] Level 1:colcon.colcon_core.package_identification:_identify(src/small_arm_prac) by extension 'colcon_meta'
[0.192s] Level 1:colcon.colcon_core.package_identification:_identify(src/small_arm_prac) by extensions ['ros']
[0.192s] Level 1:colcon.colcon_core.package_identification:_identify(src/small_arm_prac) by extension 'ros'
[0.192s] DEBUG:colcon.colcon_core.package_identification:Package 'src/small_arm_prac' with type 'ros.ament_cmake' and name 'small_arm_prac'
[0.192s] Level 1:colcon.colcon_core.package_discovery:discover_packages(recursive) using defaults
[0.192s] Level 1:colcon.colcon_core.package_discovery:discover_packages(ignore) discover
[0.192s] Level 1:colcon.colcon_core.package_discovery:discover_packages(ignore) using defaults
[0.192s] Level 1:colcon.colcon_core.package_discovery:discover_packages(path) discover
[0.192s] Level 1:colcon.colcon_core.package_discovery:discover_packages(path) using defaults
[0.214s] Level 5:colcon.colcon_core.verb:set package 'dynamixel_workbench_msgs' build argument 'cmake_args' from command line to 'None'
[0.214s] Level 5:colcon.colcon_core.verb:set package 'dynamixel_workbench_msgs' build argument 'cmake_target' from command line to 'None'
[0.214s] Level 5:colcon.colcon_core.verb:set package 'dynamixel_workbench_msgs' build argument 'cmake_target_skip_unavailable' from command line to 'False'
[0.214s] Level 5:colcon.colcon_core.verb:set package 'dynamixel_workbench_msgs' build argument 'cmake_clean_cache' from command line to 'False'
[0.214s] Level 5:colcon.colcon_core.verb:set package 'dynamixel_workbench_msgs' build argument 'cmake_clean_first' from command line to 'False'
[0.214s] Level 5:colcon.colcon_core.verb:set package 'dynamixel_workbench_msgs' build argument 'cmake_force_configure' from command line to 'False'
[0.214s] Level 5:colcon.colcon_core.verb:set package 'dynamixel_workbench_msgs' build argument 'ament_cmake_args' from command line to 'None'
[0.214s] Level 5:colcon.colcon_core.verb:set package 'dynamixel_workbench_msgs' build argument 'catkin_cmake_args' from command line to 'None'
[0.214s] Level 5:colcon.colcon_core.verb:set package 'dynamixel_workbench_msgs' build argument 'catkin_skip_building_tests' from command line to 'False'
[0.214s] DEBUG:colcon.colcon_core.verb:Building package 'dynamixel_workbench_msgs' with the following arguments: {'ament_cmake_args': None, 'build_base': '/work/prac_ws/build/dynamixel_workbench_msgs', 'catkin_cmake_args': None, 'catkin_skip_building_tests': False, 'cmake_args': None, 'cmake_clean_cache': False, 'cmake_clean_first': False, 'cmake_force_configure': False, 'cmake_target': None, 'cmake_target_skip_unavailable': False, 'install_base': '/work/prac_ws/install/dynamixel_workbench_msgs', 'merge_install': False, 'path': '/work/prac_ws/src/dynamixel-workbench-msgs/dynamixel_workbench_msgs', 'symlink_install': False, 'test_result_base': None}
[0.214s] Level 5:colcon.colcon_core.verb:set package 'dynamixel_workbench_toolbox' build argument 'cmake_args' from command line to 'None'
[0.214s] Level 5:colcon.colcon_core.verb:set package 'dynamixel_workbench_toolbox' build argument 'cmake_target' from command line to 'None'
[0.214s] Level 5:colcon.colcon_core.verb:set package 'dynamixel_workbench_toolbox' build argument 'cmake_target_skip_unavailable' from command line to 'False'
[0.214s] Level 5:colcon.colcon_core.verb:set package 'dynamixel_workbench_toolbox' build argument 'cmake_clean_cache' from command line to 'False'
[0.214s] Level 5:colcon.colcon_core.verb:set package 'dynamixel_workbench_toolbox' build argument 'cmake_clean_first' from command line to 'False'
[0.214s] Level 5:colcon.colcon_core.verb:set package 'dynamixel_workbench_toolbox' build argument 'cmake_force_configure' from command line to 'False'
[0.214s] Level 5:colcon.colcon_core.verb:set package 'dynamixel_workbench_toolbox' build argument 'ament_cmake_args' from command line to 'None'
[0.214s] Level 5:colcon.colcon_core.verb:set package 'dynamixel_workbench_toolbox' build argument 'catkin_cmake_args' from command line to 'None'
[0.215s] Level 5:colcon.colcon_core.verb:set package 'dynamixel_workbench_toolbox' build argument 'catkin_skip_building_tests' from command line to 'False'
[0.215s] DEBUG:colcon.colcon_core.verb:Building package 'dynamixel_workbench_toolbox' with the following arguments: {'ament_cmake_args': None, 'build_base': '/work/prac_ws/build/dynamixel_workbench_toolbox', 'catkin_cmake_args': None, 'catkin_skip_building_tests': False, 'cmake_args': None, 'cmake_clean_cache': False, 'cmake_clean_first': False, 'cmake_force_configure': False, 'cmake_target': None, 'cmake_target_skip_unavailable': False, 'install_base': '/work/prac_ws/install/dynamixel_workbench_toolbox', 'merge_install': False, 'path': '/work/prac_ws/src/dynamixel-workbench/dynamixel_workbench_toolbox', 'symlink_install': False, 'test_result_base': None}
[0.215s] Level 5:colcon.colcon_core.verb:set package 'dynamixel_hardware' build argument 'cmake_args' from command line to 'None'
[0.215s] Level 5:colcon.colcon_core.verb:set package 'dynamixel_hardware' build argument 'cmake_target' from command line to 'None'
[0.215s] Level 5:colcon.colcon_core.verb:set package 'dynamixel_hardware' build argument 'cmake_target_skip_unavailable' from command line to 'False'
[0.215s] Level 5:colcon.colcon_core.verb:set package 'dynamixel_hardware' build argument 'cmake_clean_cache' from command line to 'False'
[0.215s] Level 5:colcon.colcon_core.verb:set package 'dynamixel_hardware' build argument 'cmake_clean_first' from command line to 'False'
[0.215s] Level 5:colcon.colcon_core.verb:set package 'dynamixel_hardware' build argument 'cmake_force_configure' from command line to 'False'
[0.215s] Level 5:colcon.colcon_core.verb:set package 'dynamixel_hardware' build argument 'ament_cmake_args' from command line to 'None'
[0.215s] Level 5:colcon.colcon_core.verb:set package 'dynamixel_hardware' build argument 'catkin_cmake_args' from command line to 'None'
[0.215s] Level 5:colcon.colcon_core.verb:set package 'dynamixel_hardware' build argument 'catkin_skip_building_tests' from command line to 'False'
[0.215s] DEBUG:colcon.colcon_core.verb:Building package 'dynamixel_hardware' with the following arguments: {'ament_cmake_args': None, 'build_base': '/work/prac_ws/build/dynamixel_hardware', 'catkin_cmake_args': None, 'catkin_skip_building_tests': False, 'cmake_args': None, 'cmake_clean_cache': False, 'cmake_clean_first': False, 'cmake_force_configure': False, 'cmake_target': None, 'cmake_target_skip_unavailable': False, 'install_base': '/work/prac_ws/install/dynamixel_hardware', 'merge_install': False, 'path': '/work/prac_ws/src/dynamixel_hardware/dynamixel_hardware', 'symlink_install': False, 'test_result_base': None}
[0.215s] Level 5:colcon.colcon_core.verb:set package 'dynamixel_workbench' build argument 'cmake_args' from command line to 'None'
[0.215s] Level 5:colcon.colcon_core.verb:set package 'dynamixel_workbench' build argument 'cmake_target' from command line to 'None'
[0.215s] Level 5:colcon.colcon_core.verb:set package 'dynamixel_workbench' build argument 'cmake_target_skip_unavailable' from command line to 'False'
[0.215s] Level 5:colcon.colcon_core.verb:set package 'dynamixel_workbench' build argument 'cmake_clean_cache' from command line to 'False'
[0.215s] Level 5:colcon.colcon_core.verb:set package 'dynamixel_workbench' build argument 'cmake_clean_first' from command line to 'False'
[0.215s] Level 5:colcon.colcon_core.verb:set package 'dynamixel_workbench' build argument 'cmake_force_configure' from command line to 'False'
[0.215s] Level 5:colcon.colcon_core.verb:set package 'dynamixel_workbench' build argument 'ament_cmake_args' from command line to 'None'
[0.215s] Level 5:colcon.colcon_core.verb:set package 'dynamixel_workbench' build argument 'catkin_cmake_args' from command line to 'None'
[0.215s] Level 5:colcon.colcon_core.verb:set package 'dynamixel_workbench' build argument 'catkin_skip_building_tests' from command line to 'False'
[0.215s] DEBUG:colcon.colcon_core.verb:Building package 'dynamixel_workbench' with the following arguments: {'ament_cmake_args': None, 'build_base': '/work/prac_ws/build/dynamixel_workbench', 'catkin_cmake_args': None, 'catkin_skip_building_tests': False, 'cmake_args': None, 'cmake_clean_cache': False, 'cmake_clean_first': False, 'cmake_force_configure': False, 'cmake_target': None, 'cmake_target_skip_unavailable': False, 'install_base': '/work/prac_ws/install/dynamixel_workbench', 'merge_install': False, 'path': '/work/prac_ws/src/dynamixel-workbench/dynamixel_workbench', 'symlink_install': False, 'test_result_base': None}
[0.215s] Level 5:colcon.colcon_core.verb:set package 'open_manipulator_x_description' build argument 'cmake_args' from command line to 'None'
[0.215s] Level 5:colcon.colcon_core.verb:set package 'open_manipulator_x_description' build argument 'cmake_target' from command line to 'None'
[0.215s] Level 5:colcon.colcon_core.verb:set package 'open_manipulator_x_description' build argument 'cmake_target_skip_unavailable' from command line to 'False'
[0.215s] Level 5:colcon.colcon_core.verb:set package 'open_manipulator_x_description' build argument 'cmake_clean_cache' from command line to 'False'
[0.215s] Level 5:colcon.colcon_core.verb:set package 'open_manipulator_x_description' build argument 'cmake_clean_first' from command line to 'False'
[0.215s] Level 5:colcon.colcon_core.verb:set package 'open_manipulator_x_description' build argument 'cmake_force_configure' from command line to 'False'
[0.215s] Level 5:colcon.colcon_core.verb:set package 'open_manipulator_x_description' build argument 'ament_cmake_args' from command line to 'None'
[0.215s] Level 5:colcon.colcon_core.verb:set package 'open_manipulator_x_description' build argument 'catkin_cmake_args' from command line to 'None'
[0.215s] Level 5:colcon.colcon_core.verb:set package 'open_manipulator_x_description' build argument 'catkin_skip_building_tests' from command line to 'False'
[0.215s] DEBUG:colcon.colcon_core.verb:Building package 'open_manipulator_x_description' with the following arguments: {'ament_cmake_args': None, 'build_base': '/work/prac_ws/build/open_manipulator_x_description', 'catkin_cmake_args': None, 'catkin_skip_building_tests': False, 'cmake_args': None, 'cmake_clean_cache': False, 'cmake_clean_first': False, 'cmake_force_configure': False, 'cmake_target': None, 'cmake_target_skip_unavailable': False, 'install_base': '/work/prac_ws/install/open_manipulator_x_description', 'merge_install': False, 'path': '/work/prac_ws/src/dynamixel_hardware/open_manipulator_x_description', 'symlink_install': False, 'test_result_base': None}
[0.216s] Level 5:colcon.colcon_core.verb:set package 'pantilt_bot_description' build argument 'cmake_args' from command line to 'None'
[0.216s] Level 5:colcon.colcon_core.verb:set package 'pantilt_bot_description' build argument 'cmake_target' from command line to 'None'
[0.216s] Level 5:colcon.colcon_core.verb:set package 'pantilt_bot_description' build argument 'cmake_target_skip_unavailable' from command line to 'False'
[0.216s] Level 5:colcon.colcon_core.verb:set package 'pantilt_bot_description' build argument 'cmake_clean_cache' from command line to 'False'
[0.216s] Level 5:colcon.colcon_core.verb:set package 'pantilt_bot_description' build argument 'cmake_clean_first' from command line to 'False'
[0.216s] Level 5:colcon.colcon_core.verb:set package 'pantilt_bot_description' build argument 'cmake_force_configure' from command line to 'False'
[0.216s] Level 5:colcon.colcon_core.verb:set package 'pantilt_bot_description' build argument 'ament_cmake_args' from command line to 'None'
[0.216s] Level 5:colcon.colcon_core.verb:set package 'pantilt_bot_description' build argument 'catkin_cmake_args' from command line to 'None'
[0.216s] Level 5:colcon.colcon_core.verb:set package 'pantilt_bot_description' build argument 'catkin_skip_building_tests' from command line to 'False'
[0.216s] DEBUG:colcon.colcon_core.verb:Building package 'pantilt_bot_description' with the following arguments: {'ament_cmake_args': None, 'build_base': '/work/prac_ws/build/pantilt_bot_description', 'catkin_cmake_args': None, 'catkin_skip_building_tests': False, 'cmake_args': None, 'cmake_clean_cache': False, 'cmake_clean_first': False, 'cmake_force_configure': False, 'cmake_target': None, 'cmake_target_skip_unavailable': False, 'install_base': '/work/prac_ws/install/pantilt_bot_description', 'merge_install': False, 'path': '/work/prac_ws/src/dynamixel_hardware/pantilt_bot_description', 'symlink_install': False, 'test_result_base': None}
[0.216s] Level 5:colcon.colcon_core.verb:set package 'small_arm_prac' build argument 'cmake_args' from command line to 'None'
[0.216s] Level 5:colcon.colcon_core.verb:set package 'small_arm_prac' build argument 'cmake_target' from command line to 'None'
[0.216s] Level 5:colcon.colcon_core.verb:set package 'small_arm_prac' build argument 'cmake_target_skip_unavailable' from command line to 'False'
[0.216s] Level 5:colcon.colcon_core.verb:set package 'small_arm_prac' build argument 'cmake_clean_cache' from command line to 'False'
[0.216s] Level 5:colcon.colcon_core.verb:set package 'small_arm_prac' build argument 'cmake_clean_first' from command line to 'False'
[0.216s] Level 5:colcon.colcon_core.verb:set package 'small_arm_prac' build argument 'cmake_force_configure' from command line to 'False'
[0.216s] Level 5:colcon.colcon_core.verb:set package 'small_arm_prac' build argument 'ament_cmake_args' from command line to 'None'
[0.216s] Level 5:colcon.colcon_core.verb:set package 'small_arm_prac' build argument 'catkin_cmake_args' from command line to 'None'
[0.216s] Level 5:colcon.colcon_core.verb:set package 'small_arm_prac' build argument 'catkin_skip_building_tests' from command line to 'False'
[0.216s] DEBUG:colcon.colcon_core.verb:Building package 'small_arm_prac' with the following arguments: {'ament_cmake_args': None, 'build_base': '/work/prac_ws/build/small_arm_prac', 'catkin_cmake_args': None, 'catkin_skip_building_tests': False, 'cmake_args': None, 'cmake_clean_cache': False, 'cmake_clean_first': False, 'cmake_force_configure': False, 'cmake_target': None, 'cmake_target_skip_unavailable': False, 'install_base': '/work/prac_ws/install/small_arm_prac', 'merge_install': False, 'path': '/work/prac_ws/src/small_arm_prac', 'symlink_install': False, 'test_result_base': None}
[0.216s] INFO:colcon.colcon_core.executor:Executing jobs using 'parallel' executor
[0.217s] DEBUG:colcon.colcon_parallel_executor.executor.parallel:run_until_complete
[0.217s] INFO:colcon.colcon_ros.task.ament_cmake.build:Building ROS package in '/work/prac_ws/src/dynamixel-workbench/dynamixel_workbench_toolbox' with build type 'ament_cmake'
[0.217s] INFO:colcon.colcon_cmake.task.cmake.build:Building CMake package in '/work/prac_ws/src/dynamixel-workbench/dynamixel_workbench_toolbox'
[0.220s] INFO:colcon.colcon_core.plugin_system:Skipping extension 'colcon_core.shell.bat': Not used on non-Windows systems
[0.220s] INFO:colcon.colcon_core.shell:Skip shell extension 'powershell' for command environment: Not usable outside of PowerShell
[0.220s] DEBUG:colcon.colcon_core.shell:Skip shell extension 'dsv' for command environment
[0.224s] INFO:colcon.colcon_ros.task.ament_cmake.build:Building ROS package in '/work/prac_ws/src/dynamixel-workbench-msgs/dynamixel_workbench_msgs' with build type 'ament_cmake'
[0.224s] INFO:colcon.colcon_cmake.task.cmake.build:Building CMake package in '/work/prac_ws/src/dynamixel-workbench-msgs/dynamixel_workbench_msgs'
[0.224s] INFO:colcon.colcon_core.shell:Skip shell extension 'powershell' for command environment: Not usable outside of PowerShell
[0.224s] DEBUG:colcon.colcon_core.shell:Skip shell extension 'dsv' for command environment
[0.228s] DEBUG:colcon.colcon_core.event_handler.log_command:Invoking command in '/work/prac_ws/build/dynamixel_workbench_toolbox': CMAKE_PREFIX_PATH=${CMAKE_PREFIX_PATH}:/opt/ros/humble /usr/bin/cmake --build /work/prac_ws/build/dynamixel_workbench_toolbox -- -j20 -l20
[0.231s] DEBUG:colcon.colcon_core.event_handler.log_command:Invoking command in '/work/prac_ws/build/dynamixel_workbench_msgs': CMAKE_PREFIX_PATH=${CMAKE_PREFIX_PATH}:/opt/ros/humble /usr/bin/cmake --build /work/prac_ws/build/dynamixel_workbench_msgs -- -j20 -l20
[0.281s] DEBUG:colcon.colcon_core.event_handler.log_command:Invoked command in '/work/prac_ws/build/dynamixel_workbench_toolbox' returned '0': CMAKE_PREFIX_PATH=${CMAKE_PREFIX_PATH}:/opt/ros/humble /usr/bin/cmake --build /work/prac_ws/build/dynamixel_workbench_toolbox -- -j20 -l20
[0.291s] DEBUG:colcon.colcon_core.event_handler.log_command:Invoking command in '/work/prac_ws/build/dynamixel_workbench_toolbox': CMAKE_PREFIX_PATH=${CMAKE_PREFIX_PATH}:/opt/ros/humble /usr/bin/cmake --install /work/prac_ws/build/dynamixel_workbench_toolbox
[0.304s] Level 1:colcon.colcon_core.environment:create_environment_scripts_only(dynamixel_workbench_toolbox)
[0.307s] DEBUG:colcon.colcon_core.event_handler.log_command:Invoked command in '/work/prac_ws/build/dynamixel_workbench_toolbox' returned '0': CMAKE_PREFIX_PATH=${CMAKE_PREFIX_PATH}:/opt/ros/humble /usr/bin/cmake --install /work/prac_ws/build/dynamixel_workbench_toolbox
[0.312s] Level 1:colcon.colcon_core.environment:checking '/work/prac_ws/install/dynamixel_workbench_toolbox' for CMake module files
[0.313s] Level 1:colcon.colcon_core.environment:checking '/work/prac_ws/install/dynamixel_workbench_toolbox' for CMake config files
[0.313s] Level 1:colcon.colcon_core.shell:create_environment_hook('dynamixel_workbench_toolbox', 'cmake_prefix_path')
[0.314s] INFO:colcon.colcon_core.shell:Creating environment hook '/work/prac_ws/install/dynamixel_workbench_toolbox/share/dynamixel_workbench_toolbox/hook/cmake_prefix_path.ps1'
[0.315s] INFO:colcon.colcon_core.shell:Creating environment descriptor '/work/prac_ws/install/dynamixel_workbench_toolbox/share/dynamixel_workbench_toolbox/hook/cmake_prefix_path.dsv'
[0.315s] INFO:colcon.colcon_core.shell:Creating environment hook '/work/prac_ws/install/dynamixel_workbench_toolbox/share/dynamixel_workbench_toolbox/hook/cmake_prefix_path.sh'
[0.316s] Level 1:colcon.colcon_core.environment:checking '/work/prac_ws/install/dynamixel_workbench_toolbox/lib'
[0.316s] Level 1:colcon.colcon_core.shell:create_environment_hook('dynamixel_workbench_toolbox', 'ld_library_path_lib')
[0.317s] INFO:colcon.colcon_core.shell:Creating environment hook '/work/prac_ws/install/dynamixel_workbench_toolbox/share/dynamixel_workbench_toolbox/hook/ld_library_path_lib.ps1'
[0.318s] INFO:colcon.colcon_core.shell:Creating environment descriptor '/work/prac_ws/install/dynamixel_workbench_toolbox/share/dynamixel_workbench_toolbox/hook/ld_library_path_lib.dsv'
[0.318s] INFO:colcon.colcon_core.shell:Creating environment hook '/work/prac_ws/install/dynamixel_workbench_toolbox/share/dynamixel_workbench_toolbox/hook/ld_library_path_lib.sh'
[0.318s] Level 1:colcon.colcon_core.environment:checking '/work/prac_ws/install/dynamixel_workbench_toolbox/bin'
[0.319s] Level 1:colcon.colcon_core.environment:checking '/work/prac_ws/install/dynamixel_workbench_toolbox/lib/pkgconfig/dynamixel_workbench_toolbox.pc'
[0.320s] Level 1:colcon.colcon_core.environment:checking '/work/prac_ws/install/dynamixel_workbench_toolbox/lib/python3.10/site-packages'
[0.321s] Level 1:colcon.colcon_core.environment:checking '/work/prac_ws/install/dynamixel_workbench_toolbox/bin'
[0.321s] INFO:colcon.colcon_core.shell:Creating package script '/work/prac_ws/install/dynamixel_workbench_toolbox/share/dynamixel_workbench_toolbox/package.ps1'
[0.322s] INFO:colcon.colcon_core.shell:Creating package descriptor '/work/prac_ws/install/dynamixel_workbench_toolbox/share/dynamixel_workbench_toolbox/package.dsv'
[0.323s] INFO:colcon.colcon_core.shell:Creating package script '/work/prac_ws/install/dynamixel_workbench_toolbox/share/dynamixel_workbench_toolbox/package.sh'
[0.323s] INFO:colcon.colcon_core.shell:Creating package script '/work/prac_ws/install/dynamixel_workbench_toolbox/share/dynamixel_workbench_toolbox/package.bash'
[0.324s] INFO:colcon.colcon_core.shell:Creating package script '/work/prac_ws/install/dynamixel_workbench_toolbox/share/dynamixel_workbench_toolbox/package.zsh'
[0.324s] Level 1:colcon.colcon_core.environment:create_file_with_runtime_dependencies(/work/prac_ws/install/dynamixel_workbench_toolbox/share/colcon-core/packages/dynamixel_workbench_toolbox)
[0.324s] Level 1:colcon.colcon_core.environment:create_environment_scripts_only(dynamixel_workbench_toolbox)
[0.324s] Level 1:colcon.colcon_core.environment:checking '/work/prac_ws/install/dynamixel_workbench_toolbox' for CMake module files
[0.325s] Level 1:colcon.colcon_core.environment:checking '/work/prac_ws/install/dynamixel_workbench_toolbox' for CMake config files
[0.325s] Level 1:colcon.colcon_core.shell:create_environment_hook('dynamixel_workbench_toolbox', 'cmake_prefix_path')
[0.325s] INFO:colcon.colcon_core.shell:Creating environment hook '/work/prac_ws/install/dynamixel_workbench_toolbox/share/dynamixel_workbench_toolbox/hook/cmake_prefix_path.ps1'
[0.325s] INFO:colcon.colcon_core.shell:Creating environment descriptor '/work/prac_ws/install/dynamixel_workbench_toolbox/share/dynamixel_workbench_toolbox/hook/cmake_prefix_path.dsv'
[0.325s] INFO:colcon.colcon_core.shell:Creating environment hook '/work/prac_ws/install/dynamixel_workbench_toolbox/share/dynamixel_workbench_toolbox/hook/cmake_prefix_path.sh'
[0.326s] Level 1:colcon.colcon_core.environment:checking '/work/prac_ws/install/dynamixel_workbench_toolbox/lib'
[0.326s] Level 1:colcon.colcon_core.shell:create_environment_hook('dynamixel_workbench_toolbox', 'ld_library_path_lib')
[0.326s] INFO:colcon.colcon_core.shell:Creating environment hook '/work/prac_ws/install/dynamixel_workbench_toolbox/share/dynamixel_workbench_toolbox/hook/ld_library_path_lib.ps1'
[0.326s] INFO:colcon.colcon_core.shell:Creating environment descriptor '/work/prac_ws/install/dynamixel_workbench_toolbox/share/dynamixel_workbench_toolbox/hook/ld_library_path_lib.dsv'
[0.326s] INFO:colcon.colcon_core.shell:Creating environment hook '/work/prac_ws/install/dynamixel_workbench_toolbox/share/dynamixel_workbench_toolbox/hook/ld_library_path_lib.sh'
[0.326s] Level 1:colcon.colcon_core.environment:checking '/work/prac_ws/install/dynamixel_workbench_toolbox/bin'
[0.326s] Level 1:colcon.colcon_core.environment:checking '/work/prac_ws/install/dynamixel_workbench_toolbox/lib/pkgconfig/dynamixel_workbench_toolbox.pc'
[0.326s] Level 1:colcon.colcon_core.environment:checking '/work/prac_ws/install/dynamixel_workbench_toolbox/lib/python3.10/site-packages'
[0.327s] Level 1:colcon.colcon_core.environment:checking '/work/prac_ws/install/dynamixel_workbench_toolbox/bin'
[0.327s] INFO:colcon.colcon_core.shell:Creating package script '/work/prac_ws/install/dynamixel_workbench_toolbox/share/dynamixel_workbench_toolbox/package.ps1'
[0.327s] INFO:colcon.colcon_core.shell:Creating package descriptor '/work/prac_ws/install/dynamixel_workbench_toolbox/share/dynamixel_workbench_toolbox/package.dsv'
[0.327s] INFO:colcon.colcon_core.shell:Creating package script '/work/prac_ws/install/dynamixel_workbench_toolbox/share/dynamixel_workbench_toolbox/package.sh'
[0.328s] INFO:colcon.colcon_core.shell:Creating package script '/work/prac_ws/install/dynamixel_workbench_toolbox/share/dynamixel_workbench_toolbox/package.bash'
[0.328s] INFO:colcon.colcon_core.shell:Creating package script '/work/prac_ws/install/dynamixel_workbench_toolbox/share/dynamixel_workbench_toolbox/package.zsh'
[0.328s] Level 1:colcon.colcon_core.environment:create_file_with_runtime_dependencies(/work/prac_ws/install/dynamixel_workbench_toolbox/share/colcon-core/packages/dynamixel_workbench_toolbox)
[0.328s] INFO:colcon.colcon_ros.task.ament_cmake.build:Building ROS package in '/work/prac_ws/src/dynamixel_hardware/dynamixel_hardware' with build type 'ament_cmake'
[0.328s] INFO:colcon.colcon_cmake.task.cmake.build:Building CMake package in '/work/prac_ws/src/dynamixel_hardware/dynamixel_hardware'
[0.328s] INFO:colcon.colcon_core.shell:Skip shell extension 'powershell' for command environment: Not usable outside of PowerShell
[0.329s] DEBUG:colcon.colcon_core.shell:Skip shell extension 'dsv' for command environment
[0.332s] INFO:colcon.colcon_ros.task.ament_cmake.build:Building ROS package in '/work/prac_ws/src/dynamixel-workbench/dynamixel_workbench' with build type 'ament_cmake'
[0.332s] INFO:colcon.colcon_cmake.task.cmake.build:Building CMake package in '/work/prac_ws/src/dynamixel-workbench/dynamixel_workbench'
[0.332s] INFO:colcon.colcon_core.shell:Skip shell extension 'powershell' for command environment: Not usable outside of PowerShell
[0.332s] DEBUG:colcon.colcon_core.shell:Skip shell extension 'dsv' for command environment
[0.341s] DEBUG:colcon.colcon_core.event_handler.log_command:Invoking command in '/work/prac_ws/build/dynamixel_hardware': CMAKE_PREFIX_PATH=/work/prac_ws/install/dynamixel_workbench_toolbox:/work/prac_ws/install/small_arm_prac:/work/prac_ws/install/pantilt_bot_description:/work/prac_ws/install/open_manipulator_x_description:/work/prac_ws/install/dynamixel_workbench:/work/prac_ws/install/dynamixel_hardware:/work/prac_ws/install/dynamixel_workbench_msgs:/opt/ros/humble LD_LIBRARY_PATH=/work/prac_ws/install/dynamixel_workbench_toolbox/lib:/work/prac_ws/install/dynamixel_hardware/lib:/work/prac_ws/install/dynamixel_workbench_msgs/lib:/opt/ros/humble/opt/rviz_ogre_vendor/lib:/opt/ros/humble/lib/x86_64-linux-gnu:/opt/ros/humble/lib /usr/bin/cmake --build /work/prac_ws/build/dynamixel_hardware -- -j20 -l20
[0.344s] DEBUG:colcon.colcon_core.event_handler.log_command:Invoking command in '/work/prac_ws/build/dynamixel_workbench': CMAKE_PREFIX_PATH=/work/prac_ws/install/dynamixel_workbench_toolbox:/work/prac_ws/install/small_arm_prac:/work/prac_ws/install/pantilt_bot_description:/work/prac_ws/install/open_manipulator_x_description:/work/prac_ws/install/dynamixel_workbench:/work/prac_ws/install/dynamixel_hardware:/work/prac_ws/install/dynamixel_workbench_msgs:/opt/ros/humble LD_LIBRARY_PATH=/work/prac_ws/install/dynamixel_workbench_toolbox/lib:/work/prac_ws/install/dynamixel_hardware/lib:/work/prac_ws/install/dynamixel_workbench_msgs/lib:/opt/ros/humble/opt/rviz_ogre_vendor/lib:/opt/ros/humble/lib/x86_64-linux-gnu:/opt/ros/humble/lib /usr/bin/cmake --build /work/prac_ws/build/dynamixel_workbench -- -j20 -l20
[0.376s] DEBUG:colcon.colcon_core.event_handler.log_command:Invoked command in '/work/prac_ws/build/dynamixel_workbench' returned '0': CMAKE_PREFIX_PATH=/work/prac_ws/install/dynamixel_workbench_toolbox:/work/prac_ws/install/small_arm_prac:/work/prac_ws/install/pantilt_bot_description:/work/prac_ws/install/open_manipulator_x_description:/work/prac_ws/install/dynamixel_workbench:/work/prac_ws/install/dynamixel_hardware:/work/prac_ws/install/dynamixel_workbench_msgs:/opt/ros/humble LD_LIBRARY_PATH=/work/prac_ws/install/dynamixel_workbench_toolbox/lib:/work/prac_ws/install/dynamixel_hardware/lib:/work/prac_ws/install/dynamixel_workbench_msgs/lib:/opt/ros/humble/opt/rviz_ogre_vendor/lib:/opt/ros/humble/lib/x86_64-linux-gnu:/opt/ros/humble/lib /usr/bin/cmake --build /work/prac_ws/build/dynamixel_workbench -- -j20 -l20
[0.377s] DEBUG:colcon.colcon_core.event_handler.log_command:Invoking command in '/work/prac_ws/build/dynamixel_workbench': CMAKE_PREFIX_PATH=/work/prac_ws/install/dynamixel_workbench_toolbox:/work/prac_ws/install/small_arm_prac:/work/prac_ws/install/pantilt_bot_description:/work/prac_ws/install/open_manipulator_x_description:/work/prac_ws/install/dynamixel_workbench:/work/prac_ws/install/dynamixel_hardware:/work/prac_ws/install/dynamixel_workbench_msgs:/opt/ros/humble LD_LIBRARY_PATH=/work/prac_ws/install/dynamixel_workbench_toolbox/lib:/work/prac_ws/install/dynamixel_hardware/lib:/work/prac_ws/install/dynamixel_workbench_msgs/lib:/opt/ros/humble/opt/rviz_ogre_vendor/lib:/opt/ros/humble/lib/x86_64-linux-gnu:/opt/ros/humble/lib /usr/bin/cmake --install /work/prac_ws/build/dynamixel_workbench
[0.385s] Level 1:colcon.colcon_core.environment:create_environment_scripts_only(dynamixel_workbench)
[0.386s] Level 1:colcon.colcon_core.environment:checking '/work/prac_ws/install/dynamixel_workbench' for CMake module files
[0.386s] DEBUG:colcon.colcon_core.event_handler.log_command:Invoked command in '/work/prac_ws/build/dynamixel_workbench' returned '0': CMAKE_PREFIX_PATH=/work/prac_ws/install/dynamixel_workbench_toolbox:/work/prac_ws/install/small_arm_prac:/work/prac_ws/install/pantilt_bot_description:/work/prac_ws/install/open_manipulator_x_description:/work/prac_ws/install/dynamixel_workbench:/work/prac_ws/install/dynamixel_hardware:/work/prac_ws/install/dynamixel_workbench_msgs:/opt/ros/humble LD_LIBRARY_PATH=/work/prac_ws/install/dynamixel_workbench_toolbox/lib:/work/prac_ws/install/dynamixel_hardware/lib:/work/prac_ws/install/dynamixel_workbench_msgs/lib:/opt/ros/humble/opt/rviz_ogre_vendor/lib:/opt/ros/humble/lib/x86_64-linux-gnu:/opt/ros/humble/lib /usr/bin/cmake --install /work/prac_ws/build/dynamixel_workbench
[0.386s] Level 1:colcon.colcon_core.environment:checking '/work/prac_ws/install/dynamixel_workbench' for CMake config files
[0.387s] Level 1:colcon.colcon_core.shell:create_environment_hook('dynamixel_workbench', 'cmake_prefix_path')
[0.387s] INFO:colcon.colcon_core.shell:Creating environment hook '/work/prac_ws/install/dynamixel_workbench/share/dynamixel_workbench/hook/cmake_prefix_path.ps1'
[0.387s] INFO:colcon.colcon_core.shell:Creating environment descriptor '/work/prac_ws/install/dynamixel_workbench/share/dynamixel_workbench/hook/cmake_prefix_path.dsv'
[0.387s] INFO:colcon.colcon_core.shell:Creating environment hook '/work/prac_ws/install/dynamixel_workbench/share/dynamixel_workbench/hook/cmake_prefix_path.sh'
[0.388s] Level 1:colcon.colcon_core.environment:checking '/work/prac_ws/install/dynamixel_workbench/bin'
[0.388s] Level 1:colcon.colcon_core.environment:checking '/work/prac_ws/install/dynamixel_workbench/lib/pkgconfig/dynamixel_workbench.pc'
[0.388s] Level 1:colcon.colcon_core.environment:checking '/work/prac_ws/install/dynamixel_workbench/lib/python3.10/site-packages'
[0.388s] Level 1:colcon.colcon_core.environment:checking '/work/prac_ws/install/dynamixel_workbench/bin'
[0.388s] INFO:colcon.colcon_core.shell:Creating package script '/work/prac_ws/install/dynamixel_workbench/share/dynamixel_workbench/package.ps1'
[0.388s] INFO:colcon.colcon_core.shell:Creating package descriptor '/work/prac_ws/install/dynamixel_workbench/share/dynamixel_workbench/package.dsv'
[0.389s] INFO:colcon.colcon_core.shell:Creating package script '/work/prac_ws/install/dynamixel_workbench/share/dynamixel_workbench/package.sh'
[0.389s] INFO:colcon.colcon_core.shell:Creating package script '/work/prac_ws/install/dynamixel_workbench/share/dynamixel_workbench/package.bash'
[0.389s] INFO:colcon.colcon_core.shell:Creating package script '/work/prac_ws/install/dynamixel_workbench/share/dynamixel_workbench/package.zsh'
[0.389s] Level 1:colcon.colcon_core.environment:create_file_with_runtime_dependencies(/work/prac_ws/install/dynamixel_workbench/share/colcon-core/packages/dynamixel_workbench)
[0.389s] Level 1:colcon.colcon_core.environment:create_environment_scripts_only(dynamixel_workbench)
[0.390s] Level 1:colcon.colcon_core.environment:checking '/work/prac_ws/install/dynamixel_workbench' for CMake module files
[0.390s] Level 1:colcon.colcon_core.environment:checking '/work/prac_ws/install/dynamixel_workbench' for CMake config files
[0.390s] Level 1:colcon.colcon_core.shell:create_environment_hook('dynamixel_workbench', 'cmake_prefix_path')
[0.390s] INFO:colcon.colcon_core.shell:Creating environment hook '/work/prac_ws/install/dynamixel_workbench/share/dynamixel_workbench/hook/cmake_prefix_path.ps1'
[0.391s] INFO:colcon.colcon_core.shell:Creating environment descriptor '/work/prac_ws/install/dynamixel_workbench/share/dynamixel_workbench/hook/cmake_prefix_path.dsv'
[0.391s] INFO:colcon.colcon_core.shell:Creating environment hook '/work/prac_ws/install/dynamixel_workbench/share/dynamixel_workbench/hook/cmake_prefix_path.sh'
[0.391s] Level 1:colcon.colcon_core.environment:checking '/work/prac_ws/install/dynamixel_workbench/bin'
[0.391s] Level 1:colcon.colcon_core.environment:checking '/work/prac_ws/install/dynamixel_workbench/lib/pkgconfig/dynamixel_workbench.pc'
[0.391s] Level 1:colcon.colcon_core.environment:checking '/work/prac_ws/install/dynamixel_workbench/lib/python3.10/site-packages'
[0.391s] Level 1:colcon.colcon_core.environment:checking '/work/prac_ws/install/dynamixel_workbench/bin'
[0.392s] INFO:colcon.colcon_core.shell:Creating package script '/work/prac_ws/install/dynamixel_workbench/share/dynamixel_workbench/package.ps1'
[0.392s] INFO:colcon.colcon_core.shell:Creating package descriptor '/work/prac_ws/install/dynamixel_workbench/share/dynamixel_workbench/package.dsv'
[0.392s] INFO:colcon.colcon_core.shell:Creating package script '/work/prac_ws/install/dynamixel_workbench/share/dynamixel_workbench/package.sh'
[0.392s] INFO:colcon.colcon_core.shell:Creating package script '/work/prac_ws/install/dynamixel_workbench/share/dynamixel_workbench/package.bash'
[0.393s] INFO:colcon.colcon_core.shell:Creating package script '/work/prac_ws/install/dynamixel_workbench/share/dynamixel_workbench/package.zsh'
[0.393s] Level 1:colcon.colcon_core.environment:create_file_with_runtime_dependencies(/work/prac_ws/install/dynamixel_workbench/share/colcon-core/packages/dynamixel_workbench)
[0.400s] DEBUG:colcon.colcon_core.event_handler.log_command:Invoked command in '/work/prac_ws/build/dynamixel_hardware' returned '0': CMAKE_PREFIX_PATH=/work/prac_ws/install/dynamixel_workbench_toolbox:/work/prac_ws/install/small_arm_prac:/work/prac_ws/install/pantilt_bot_description:/work/prac_ws/install/open_manipulator_x_description:/work/prac_ws/install/dynamixel_workbench:/work/prac_ws/install/dynamixel_hardware:/work/prac_ws/install/dynamixel_workbench_msgs:/opt/ros/humble LD_LIBRARY_PATH=/work/prac_ws/install/dynamixel_workbench_toolbox/lib:/work/prac_ws/install/dynamixel_hardware/lib:/work/prac_ws/install/dynamixel_workbench_msgs/lib:/opt/ros/humble/opt/rviz_ogre_vendor/lib:/opt/ros/humble/lib/x86_64-linux-gnu:/opt/ros/humble/lib /usr/bin/cmake --build /work/prac_ws/build/dynamixel_hardware -- -j20 -l20
[0.400s] DEBUG:colcon.colcon_core.event_handler.log_command:Invoking command in '/work/prac_ws/build/dynamixel_hardware': CMAKE_PREFIX_PATH=/work/prac_ws/install/dynamixel_workbench_toolbox:/work/prac_ws/install/small_arm_prac:/work/prac_ws/install/pantilt_bot_description:/work/prac_ws/install/open_manipulator_x_description:/work/prac_ws/install/dynamixel_workbench:/work/prac_ws/install/dynamixel_hardware:/work/prac_ws/install/dynamixel_workbench_msgs:/opt/ros/humble LD_LIBRARY_PATH=/work/prac_ws/install/dynamixel_workbench_toolbox/lib:/work/prac_ws/install/dynamixel_hardware/lib:/work/prac_ws/install/dynamixel_workbench_msgs/lib:/opt/ros/humble/opt/rviz_ogre_vendor/lib:/opt/ros/humble/lib/x86_64-linux-gnu:/opt/ros/humble/lib /usr/bin/cmake --install /work/prac_ws/build/dynamixel_hardware
[0.408s] Level 1:colcon.colcon_core.environment:create_environment_scripts_only(dynamixel_hardware)
[0.409s] Level 1:colcon.colcon_core.environment:checking '/work/prac_ws/install/dynamixel_hardware' for CMake module files
[0.409s] Level 1:colcon.colcon_core.environment:checking '/work/prac_ws/install/dynamixel_hardware' for CMake config files
[0.410s] DEBUG:colcon.colcon_core.event_handler.log_command:Invoked command in '/work/prac_ws/build/dynamixel_hardware' returned '0': CMAKE_PREFIX_PATH=/work/prac_ws/install/dynamixel_workbench_toolbox:/work/prac_ws/install/small_arm_prac:/work/prac_ws/install/pantilt_bot_description:/work/prac_ws/install/open_manipulator_x_description:/work/prac_ws/install/dynamixel_workbench:/work/prac_ws/install/dynamixel_hardware:/work/prac_ws/install/dynamixel_workbench_msgs:/opt/ros/humble LD_LIBRARY_PATH=/work/prac_ws/install/dynamixel_workbench_toolbox/lib:/work/prac_ws/install/dynamixel_hardware/lib:/work/prac_ws/install/dynamixel_workbench_msgs/lib:/opt/ros/humble/opt/rviz_ogre_vendor/lib:/opt/ros/humble/lib/x86_64-linux-gnu:/opt/ros/humble/lib /usr/bin/cmake --install /work/prac_ws/build/dynamixel_hardware
[0.411s] Level 1:colcon.colcon_core.shell:create_environment_hook('dynamixel_hardware', 'cmake_prefix_path')
[0.411s] INFO:colcon.colcon_core.shell:Creating environment hook '/work/prac_ws/install/dynamixel_hardware/share/dynamixel_hardware/hook/cmake_prefix_path.ps1'
[0.412s] INFO:colcon.colcon_core.shell:Creating environment descriptor '/work/prac_ws/install/dynamixel_hardware/share/dynamixel_hardware/hook/cmake_prefix_path.dsv'
[0.412s] INFO:colcon.colcon_core.shell:Creating environment hook '/work/prac_ws/install/dynamixel_hardware/share/dynamixel_hardware/hook/cmake_prefix_path.sh'
[0.413s] Level 1:colcon.colcon_core.environment:checking '/work/prac_ws/install/dynamixel_hardware/lib'
[0.413s] Level 1:colcon.colcon_core.shell:create_environment_hook('dynamixel_hardware', 'ld_library_path_lib')
[0.413s] INFO:colcon.colcon_core.shell:Creating environment hook '/work/prac_ws/install/dynamixel_hardware/share/dynamixel_hardware/hook/ld_library_path_lib.ps1'
[0.414s] INFO:colcon.colcon_core.shell:Creating environment descriptor '/work/prac_ws/install/dynamixel_hardware/share/dynamixel_hardware/hook/ld_library_path_lib.dsv'
[0.414s] INFO:colcon.colcon_core.shell:Creating environment hook '/work/prac_ws/install/dynamixel_hardware/share/dynamixel_hardware/hook/ld_library_path_lib.sh'
[0.415s] Level 1:colcon.colcon_core.environment:checking '/work/prac_ws/install/dynamixel_hardware/bin'
[0.415s] Level 1:colcon.colcon_core.environment:checking '/work/prac_ws/install/dynamixel_hardware/lib/pkgconfig/dynamixel_hardware.pc'
[0.415s] Level 1:colcon.colcon_core.environment:checking '/work/prac_ws/install/dynamixel_hardware/lib/python3.10/site-packages'
[0.415s] Level 1:colcon.colcon_core.environment:checking '/work/prac_ws/install/dynamixel_hardware/bin'
[0.416s] INFO:colcon.colcon_core.shell:Creating package script '/work/prac_ws/install/dynamixel_hardware/share/dynamixel_hardware/package.ps1'
[0.416s] INFO:colcon.colcon_core.shell:Creating package descriptor '/work/prac_ws/install/dynamixel_hardware/share/dynamixel_hardware/package.dsv'
[0.417s] INFO:colcon.colcon_core.shell:Creating package script '/work/prac_ws/install/dynamixel_hardware/share/dynamixel_hardware/package.sh'
[0.418s] INFO:colcon.colcon_core.shell:Creating package script '/work/prac_ws/install/dynamixel_hardware/share/dynamixel_hardware/package.bash'
[0.418s] INFO:colcon.colcon_core.shell:Creating package script '/work/prac_ws/install/dynamixel_hardware/share/dynamixel_hardware/package.zsh'
[0.419s] Level 1:colcon.colcon_core.environment:create_file_with_runtime_dependencies(/work/prac_ws/install/dynamixel_hardware/share/colcon-core/packages/dynamixel_hardware)
[0.420s] Level 1:colcon.colcon_core.environment:create_environment_scripts_only(dynamixel_hardware)
[0.420s] Level 1:colcon.colcon_core.environment:checking '/work/prac_ws/install/dynamixel_hardware' for CMake module files
[0.421s] Level 1:colcon.colcon_core.environment:checking '/work/prac_ws/install/dynamixel_hardware' for CMake config files
[0.422s] Level 1:colcon.colcon_core.shell:create_environment_hook('dynamixel_hardware', 'cmake_prefix_path')
[0.422s] INFO:colcon.colcon_core.shell:Creating environment hook '/work/prac_ws/install/dynamixel_hardware/share/dynamixel_hardware/hook/cmake_prefix_path.ps1'
[0.422s] INFO:colcon.colcon_core.shell:Creating environment descriptor '/work/prac_ws/install/dynamixel_hardware/share/dynamixel_hardware/hook/cmake_prefix_path.dsv'
[0.423s] INFO:colcon.colcon_core.shell:Creating environment hook '/work/prac_ws/install/dynamixel_hardware/share/dynamixel_hardware/hook/cmake_prefix_path.sh'
[0.423s] Level 1:colcon.colcon_core.environment:checking '/work/prac_ws/install/dynamixel_hardware/lib'
[0.423s] Level 1:colcon.colcon_core.shell:create_environment_hook('dynamixel_hardware', 'ld_library_path_lib')
[0.424s] INFO:colcon.colcon_core.shell:Creating environment hook '/work/prac_ws/install/dynamixel_hardware/share/dynamixel_hardware/hook/ld_library_path_lib.ps1'
[0.424s] INFO:colcon.colcon_core.shell:Creating environment descriptor '/work/prac_ws/install/dynamixel_hardware/share/dynamixel_hardware/hook/ld_library_path_lib.dsv'
[0.425s] INFO:colcon.colcon_core.shell:Creating environment hook '/work/prac_ws/install/dynamixel_hardware/share/dynamixel_hardware/hook/ld_library_path_lib.sh'
[0.425s] Level 1:colcon.colcon_core.environment:checking '/work/prac_ws/install/dynamixel_hardware/bin'
[0.425s] Level 1:colcon.colcon_core.environment:checking '/work/prac_ws/install/dynamixel_hardware/lib/pkgconfig/dynamixel_hardware.pc'
[0.426s] Level 1:colcon.colcon_core.environment:checking '/work/prac_ws/install/dynamixel_hardware/lib/python3.10/site-packages'
[0.426s] Level 1:colcon.colcon_core.environment:checking '/work/prac_ws/install/dynamixel_hardware/bin'
[0.426s] INFO:colcon.colcon_core.shell:Creating package script '/work/prac_ws/install/dynamixel_hardware/share/dynamixel_hardware/package.ps1'
[0.427s] INFO:colcon.colcon_core.shell:Creating package descriptor '/work/prac_ws/install/dynamixel_hardware/share/dynamixel_hardware/package.dsv'
[0.427s] INFO:colcon.colcon_core.shell:Creating package script '/work/prac_ws/install/dynamixel_hardware/share/dynamixel_hardware/package.sh'
[0.427s] INFO:colcon.colcon_core.shell:Creating package script '/work/prac_ws/install/dynamixel_hardware/share/dynamixel_hardware/package.bash'
[0.427s] INFO:colcon.colcon_core.shell:Creating package script '/work/prac_ws/install/dynamixel_hardware/share/dynamixel_hardware/package.zsh'
[0.428s] Level 1:colcon.colcon_core.environment:create_file_with_runtime_dependencies(/work/prac_ws/install/dynamixel_hardware/share/colcon-core/packages/dynamixel_hardware)
[0.428s] INFO:colcon.colcon_ros.task.ament_cmake.build:Building ROS package in '/work/prac_ws/src/dynamixel_hardware/open_manipulator_x_description' with build type 'ament_cmake'
[0.428s] INFO:colcon.colcon_cmake.task.cmake.build:Building CMake package in '/work/prac_ws/src/dynamixel_hardware/open_manipulator_x_description'
[0.428s] INFO:colcon.colcon_core.shell:Skip shell extension 'powershell' for command environment: Not usable outside of PowerShell
[0.428s] DEBUG:colcon.colcon_core.shell:Skip shell extension 'dsv' for command environment
[0.432s] INFO:colcon.colcon_ros.task.ament_cmake.build:Building ROS package in '/work/prac_ws/src/dynamixel_hardware/pantilt_bot_description' with build type 'ament_cmake'
[0.432s] INFO:colcon.colcon_cmake.task.cmake.build:Building CMake package in '/work/prac_ws/src/dynamixel_hardware/pantilt_bot_description'
[0.432s] INFO:colcon.colcon_core.shell:Skip shell extension 'powershell' for command environment: Not usable outside of PowerShell
[0.432s] DEBUG:colcon.colcon_core.shell:Skip shell extension 'dsv' for command environment
[0.435s] INFO:colcon.colcon_ros.task.ament_cmake.build:Building ROS package in '/work/prac_ws/src/small_arm_prac' with build type 'ament_cmake'
[0.435s] INFO:colcon.colcon_cmake.task.cmake.build:Building CMake package in '/work/prac_ws/src/small_arm_prac'
[0.435s] INFO:colcon.colcon_core.shell:Skip shell extension 'powershell' for command environment: Not usable outside of PowerShell
[0.435s] DEBUG:colcon.colcon_core.shell:Skip shell extension 'dsv' for command environment
[0.439s] DEBUG:colcon.colcon_core.event_handler.log_command:Invoking command in '/work/prac_ws/build/open_manipulator_x_description': CMAKE_PREFIX_PATH=/work/prac_ws/install/dynamixel_hardware:/work/prac_ws/install/dynamixel_workbench_toolbox:/work/prac_ws/install/small_arm_prac:/work/prac_ws/install/pantilt_bot_description:/work/prac_ws/install/open_manipulator_x_description:/work/prac_ws/install/dynamixel_workbench:/work/prac_ws/install/dynamixel_workbench_msgs:/opt/ros/humble /usr/bin/cmake --build /work/prac_ws/build/open_manipulator_x_description -- -j20 -l20
[0.443s] DEBUG:colcon.colcon_core.event_handler.log_command:Invoking command in '/work/prac_ws/build/pantilt_bot_description': CMAKE_PREFIX_PATH=/work/prac_ws/install/dynamixel_hardware:/work/prac_ws/install/dynamixel_workbench_toolbox:/work/prac_ws/install/small_arm_prac:/work/prac_ws/install/pantilt_bot_description:/work/prac_ws/install/open_manipulator_x_description:/work/prac_ws/install/dynamixel_workbench:/work/prac_ws/install/dynamixel_workbench_msgs:/opt/ros/humble /usr/bin/cmake --build /work/prac_ws/build/pantilt_bot_description -- -j20 -l20
[0.446s] DEBUG:colcon.colcon_core.event_handler.log_command:Invoking command in '/work/prac_ws/build/small_arm_prac': CMAKE_PREFIX_PATH=/work/prac_ws/install/dynamixel_hardware:/work/prac_ws/install/dynamixel_workbench_toolbox:/work/prac_ws/install/small_arm_prac:/work/prac_ws/install/pantilt_bot_description:/work/prac_ws/install/open_manipulator_x_description:/work/prac_ws/install/dynamixel_workbench:/work/prac_ws/install/dynamixel_workbench_msgs:/opt/ros/humble /usr/bin/cmake --build /work/prac_ws/build/small_arm_prac -- -j20 -l20
[0.472s] DEBUG:colcon.colcon_core.event_handler.log_command:Invoked command in '/work/prac_ws/build/dynamixel_workbench_msgs' returned '0': CMAKE_PREFIX_PATH=${CMAKE_PREFIX_PATH}:/opt/ros/humble /usr/bin/cmake --build /work/prac_ws/build/dynamixel_workbench_msgs -- -j20 -l20
[0.474s] DEBUG:colcon.colcon_core.event_handler.log_command:Invoking command in '/work/prac_ws/build/dynamixel_workbench_msgs': CMAKE_PREFIX_PATH=${CMAKE_PREFIX_PATH}:/opt/ros/humble /usr/bin/cmake --install /work/prac_ws/build/dynamixel_workbench_msgs
[0.480s] DEBUG:colcon.colcon_core.event_handler.log_command:Invoked command in '/work/prac_ws/build/small_arm_prac' returned '0': CMAKE_PREFIX_PATH=/work/prac_ws/install/dynamixel_hardware:/work/prac_ws/install/dynamixel_workbench_toolbox:/work/prac_ws/install/small_arm_prac:/work/prac_ws/install/pantilt_bot_description:/work/prac_ws/install/open_manipulator_x_description:/work/prac_ws/install/dynamixel_workbench:/work/prac_ws/install/dynamixel_workbench_msgs:/opt/ros/humble /usr/bin/cmake --build /work/prac_ws/build/small_arm_prac -- -j20 -l20
[0.489s] DEBUG:colcon.colcon_core.event_handler.log_command:Invoking command in '/work/prac_ws/build/small_arm_prac': CMAKE_PREFIX_PATH=/work/prac_ws/install/dynamixel_hardware:/work/prac_ws/install/dynamixel_workbench_toolbox:/work/prac_ws/install/small_arm_prac:/work/prac_ws/install/pantilt_bot_description:/work/prac_ws/install/open_manipulator_x_description:/work/prac_ws/install/dynamixel_workbench:/work/prac_ws/install/dynamixel_workbench_msgs:/opt/ros/humble /usr/bin/cmake --install /work/prac_ws/build/small_arm_prac
[0.491s] Level 1:colcon.colcon_core.environment:create_environment_scripts_only(small_arm_prac)
[0.491s] Level 1:colcon.colcon_core.environment:checking '/work/prac_ws/install/small_arm_prac' for CMake module files
[0.494s] DEBUG:colcon.colcon_core.event_handler.log_command:Invoked command in '/work/prac_ws/build/pantilt_bot_description' returned '0': CMAKE_PREFIX_PATH=/work/prac_ws/install/dynamixel_hardware:/work/prac_ws/install/dynamixel_workbench_toolbox:/work/prac_ws/install/small_arm_prac:/work/prac_ws/install/pantilt_bot_description:/work/prac_ws/install/open_manipulator_x_description:/work/prac_ws/install/dynamixel_workbench:/work/prac_ws/install/dynamixel_workbench_msgs:/opt/ros/humble /usr/bin/cmake --build /work/prac_ws/build/pantilt_bot_description -- -j20 -l20
[0.495s] DEBUG:colcon.colcon_core.event_handler.log_command:Invoking command in '/work/prac_ws/build/pantilt_bot_description': CMAKE_PREFIX_PATH=/work/prac_ws/install/dynamixel_hardware:/work/prac_ws/install/dynamixel_workbench_toolbox:/work/prac_ws/install/small_arm_prac:/work/prac_ws/install/pantilt_bot_description:/work/prac_ws/install/open_manipulator_x_description:/work/prac_ws/install/dynamixel_workbench:/work/prac_ws/install/dynamixel_workbench_msgs:/opt/ros/humble /usr/bin/cmake --install /work/prac_ws/build/pantilt_bot_description
[0.496s] Level 1:colcon.colcon_core.environment:checking '/work/prac_ws/install/small_arm_prac' for CMake config files
[0.496s] DEBUG:colcon.colcon_core.event_handler.log_command:Invoked command in '/work/prac_ws/build/open_manipulator_x_description' returned '0': CMAKE_PREFIX_PATH=/work/prac_ws/install/dynamixel_hardware:/work/prac_ws/install/dynamixel_workbench_toolbox:/work/prac_ws/install/small_arm_prac:/work/prac_ws/install/pantilt_bot_description:/work/prac_ws/install/open_manipulator_x_description:/work/prac_ws/install/dynamixel_workbench:/work/prac_ws/install/dynamixel_workbench_msgs:/opt/ros/humble /usr/bin/cmake --build /work/prac_ws/build/open_manipulator_x_description -- -j20 -l20
[0.499s] DEBUG:colcon.colcon_core.event_handler.log_command:Invoking command in '/work/prac_ws/build/open_manipulator_x_description': CMAKE_PREFIX_PATH=/work/prac_ws/install/dynamixel_hardware:/work/prac_ws/install/dynamixel_workbench_toolbox:/work/prac_ws/install/small_arm_prac:/work/prac_ws/install/pantilt_bot_description:/work/prac_ws/install/open_manipulator_x_description:/work/prac_ws/install/dynamixel_workbench:/work/prac_ws/install/dynamixel_workbench_msgs:/opt/ros/humble /usr/bin/cmake --install /work/prac_ws/build/open_manipulator_x_description
[0.500s] Level 1:colcon.colcon_core.shell:create_environment_hook('small_arm_prac', 'cmake_prefix_path')
[0.500s] INFO:colcon.colcon_core.shell:Creating environment hook '/work/prac_ws/install/small_arm_prac/share/small_arm_prac/hook/cmake_prefix_path.ps1'
[0.500s] INFO:colcon.colcon_core.shell:Creating environment descriptor '/work/prac_ws/install/small_arm_prac/share/small_arm_prac/hook/cmake_prefix_path.dsv'
[0.501s] INFO:colcon.colcon_core.shell:Creating environment hook '/work/prac_ws/install/small_arm_prac/share/small_arm_prac/hook/cmake_prefix_path.sh'
[0.503s] Level 1:colcon.colcon_core.environment:checking '/work/prac_ws/install/small_arm_prac/bin'
[0.503s] Level 1:colcon.colcon_core.environment:checking '/work/prac_ws/install/small_arm_prac/lib/pkgconfig/small_arm_prac.pc'
[0.503s] Level 1:colcon.colcon_core.environment:checking '/work/prac_ws/install/small_arm_prac/lib/python3.10/site-packages'
[0.503s] Level 1:colcon.colcon_core.environment:checking '/work/prac_ws/install/small_arm_prac/bin'
[0.504s] INFO:colcon.colcon_core.shell:Creating package script '/work/prac_ws/install/small_arm_prac/share/small_arm_prac/package.ps1'
[0.505s] INFO:colcon.colcon_core.shell:Creating package descriptor '/work/prac_ws/install/small_arm_prac/share/small_arm_prac/package.dsv'
[0.506s] DEBUG:colcon.colcon_core.event_handler.log_command:Invoked command in '/work/prac_ws/build/small_arm_prac' returned '0': CMAKE_PREFIX_PATH=/work/prac_ws/install/dynamixel_hardware:/work/prac_ws/install/dynamixel_workbench_toolbox:/work/prac_ws/install/small_arm_prac:/work/prac_ws/install/pantilt_bot_description:/work/prac_ws/install/open_manipulator_x_description:/work/prac_ws/install/dynamixel_workbench:/work/prac_ws/install/dynamixel_workbench_msgs:/opt/ros/humble /usr/bin/cmake --install /work/prac_ws/build/small_arm_prac
[0.508s] INFO:colcon.colcon_core.shell:Creating package script '/work/prac_ws/install/small_arm_prac/share/small_arm_prac/package.sh'
[0.508s] INFO:colcon.colcon_core.shell:Creating package script '/work/prac_ws/install/small_arm_prac/share/small_arm_prac/package.bash'
[0.508s] INFO:colcon.colcon_core.shell:Creating package script '/work/prac_ws/install/small_arm_prac/share/small_arm_prac/package.zsh'
[0.509s] Level 1:colcon.colcon_core.environment:create_file_with_runtime_dependencies(/work/prac_ws/install/small_arm_prac/share/colcon-core/packages/small_arm_prac)
[0.509s] Level 1:colcon.colcon_core.environment:create_environment_scripts_only(small_arm_prac)
[0.509s] Level 1:colcon.colcon_core.environment:checking '/work/prac_ws/install/small_arm_prac' for CMake module files
[0.509s] Level 1:colcon.colcon_core.environment:checking '/work/prac_ws/install/small_arm_prac' for CMake config files
[0.509s] Level 1:colcon.colcon_core.shell:create_environment_hook('small_arm_prac', 'cmake_prefix_path')
[0.509s] INFO:colcon.colcon_core.shell:Creating environment hook '/work/prac_ws/install/small_arm_prac/share/small_arm_prac/hook/cmake_prefix_path.ps1'
[0.510s] INFO:colcon.colcon_core.shell:Creating environment descriptor '/work/prac_ws/install/small_arm_prac/share/small_arm_prac/hook/cmake_prefix_path.dsv'
[0.510s] INFO:colcon.colcon_core.shell:Creating environment hook '/work/prac_ws/install/small_arm_prac/share/small_arm_prac/hook/cmake_prefix_path.sh'
[0.510s] Level 1:colcon.colcon_core.environment:checking '/work/prac_ws/install/small_arm_prac/bin'
[0.510s] Level 1:colcon.colcon_core.environment:checking '/work/prac_ws/install/small_arm_prac/lib/pkgconfig/small_arm_prac.pc'
[0.510s] Level 1:colcon.colcon_core.environment:checking '/work/prac_ws/install/small_arm_prac/lib/python3.10/site-packages'
[0.511s] Level 1:colcon.colcon_core.environment:checking '/work/prac_ws/install/small_arm_prac/bin'
[0.511s] INFO:colcon.colcon_core.shell:Creating package script '/work/prac_ws/install/small_arm_prac/share/small_arm_prac/package.ps1'
[0.511s] INFO:colcon.colcon_core.shell:Creating package descriptor '/work/prac_ws/install/small_arm_prac/share/small_arm_prac/package.dsv'
[0.511s] INFO:colcon.colcon_core.shell:Creating package script '/work/prac_ws/install/small_arm_prac/share/small_arm_prac/package.sh'
[0.512s] INFO:colcon.colcon_core.shell:Creating package script '/work/prac_ws/install/small_arm_prac/share/small_arm_prac/package.bash'
[0.512s] INFO:colcon.colcon_core.shell:Creating package script '/work/prac_ws/install/small_arm_prac/share/small_arm_prac/package.zsh'
[0.512s] Level 1:colcon.colcon_core.environment:create_file_with_runtime_dependencies(/work/prac_ws/install/small_arm_prac/share/colcon-core/packages/small_arm_prac)
[0.513s] Level 1:colcon.colcon_core.environment:create_environment_scripts_only(pantilt_bot_description)
[0.513s] Level 1:colcon.colcon_core.environment:checking '/work/prac_ws/install/pantilt_bot_description' for CMake module files
[0.514s] DEBUG:colcon.colcon_core.event_handler.log_command:Invoked command in '/work/prac_ws/build/pantilt_bot_description' returned '0': CMAKE_PREFIX_PATH=/work/prac_ws/install/dynamixel_hardware:/work/prac_ws/install/dynamixel_workbench_toolbox:/work/prac_ws/install/small_arm_prac:/work/prac_ws/install/pantilt_bot_description:/work/prac_ws/install/open_manipulator_x_description:/work/prac_ws/install/dynamixel_workbench:/work/prac_ws/install/dynamixel_workbench_msgs:/opt/ros/humble /usr/bin/cmake --install /work/prac_ws/build/pantilt_bot_description
[0.514s] Level 1:colcon.colcon_core.environment:checking '/work/prac_ws/install/pantilt_bot_description' for CMake config files
[0.514s] Level 1:colcon.colcon_core.shell:create_environment_hook('pantilt_bot_description', 'cmake_prefix_path')
[0.514s] INFO:colcon.colcon_core.shell:Creating environment hook '/work/prac_ws/install/pantilt_bot_description/share/pantilt_bot_description/hook/cmake_prefix_path.ps1'
[0.515s] INFO:colcon.colcon_core.shell:Creating environment descriptor '/work/prac_ws/install/pantilt_bot_description/share/pantilt_bot_description/hook/cmake_prefix_path.dsv'
[0.515s] INFO:colcon.colcon_core.shell:Creating environment hook '/work/prac_ws/install/pantilt_bot_description/share/pantilt_bot_description/hook/cmake_prefix_path.sh'
[0.517s] Level 1:colcon.colcon_core.environment:checking '/work/prac_ws/install/pantilt_bot_description/bin'
[0.517s] Level 1:colcon.colcon_core.environment:checking '/work/prac_ws/install/pantilt_bot_description/lib/pkgconfig/pantilt_bot_description.pc'
[0.518s] Level 1:colcon.colcon_core.environment:checking '/work/prac_ws/install/pantilt_bot_description/lib/python3.10/site-packages'
[0.518s] Level 1:colcon.colcon_core.environment:checking '/work/prac_ws/install/pantilt_bot_description/bin'
[0.518s] INFO:colcon.colcon_core.shell:Creating package script '/work/prac_ws/install/pantilt_bot_description/share/pantilt_bot_description/package.ps1'
[0.519s] INFO:colcon.colcon_core.shell:Creating package descriptor '/work/prac_ws/install/pantilt_bot_description/share/pantilt_bot_description/package.dsv'
[0.519s] INFO:colcon.colcon_core.shell:Creating package script '/work/prac_ws/install/pantilt_bot_description/share/pantilt_bot_description/package.sh'
[0.520s] INFO:colcon.colcon_core.shell:Creating package script '/work/prac_ws/install/pantilt_bot_description/share/pantilt_bot_description/package.bash'
[0.520s] INFO:colcon.colcon_core.shell:Creating package script '/work/prac_ws/install/pantilt_bot_description/share/pantilt_bot_description/package.zsh'
[0.520s] Level 1:colcon.colcon_core.environment:create_file_with_runtime_dependencies(/work/prac_ws/install/pantilt_bot_description/share/colcon-core/packages/pantilt_bot_description)
[0.520s] Level 1:colcon.colcon_core.environment:create_environment_scripts_only(pantilt_bot_description)
[0.520s] Level 1:colcon.colcon_core.environment:checking '/work/prac_ws/install/pantilt_bot_description' for CMake module files
[0.521s] Level 1:colcon.colcon_core.environment:checking '/work/prac_ws/install/pantilt_bot_description' for CMake config files
[0.521s] Level 1:colcon.colcon_core.shell:create_environment_hook('pantilt_bot_description', 'cmake_prefix_path')
[0.521s] INFO:colcon.colcon_core.shell:Creating environment hook '/work/prac_ws/install/pantilt_bot_description/share/pantilt_bot_description/hook/cmake_prefix_path.ps1'
[0.521s] INFO:colcon.colcon_core.shell:Creating environment descriptor '/work/prac_ws/install/pantilt_bot_description/share/pantilt_bot_description/hook/cmake_prefix_path.dsv'
[0.521s] INFO:colcon.colcon_core.shell:Creating environment hook '/work/prac_ws/install/pantilt_bot_description/share/pantilt_bot_description/hook/cmake_prefix_path.sh'
[0.522s] Level 1:colcon.colcon_core.environment:checking '/work/prac_ws/install/pantilt_bot_description/bin'
[0.522s] Level 1:colcon.colcon_core.environment:checking '/work/prac_ws/install/pantilt_bot_description/lib/pkgconfig/pantilt_bot_description.pc'
[0.522s] Level 1:colcon.colcon_core.environment:checking '/work/prac_ws/install/pantilt_bot_description/lib/python3.10/site-packages'
[0.522s] Level 1:colcon.colcon_core.environment:checking '/work/prac_ws/install/pantilt_bot_description/bin'
[0.522s] INFO:colcon.colcon_core.shell:Creating package script '/work/prac_ws/install/pantilt_bot_description/share/pantilt_bot_description/package.ps1'
[0.522s] INFO:colcon.colcon_core.shell:Creating package descriptor '/work/prac_ws/install/pantilt_bot_description/share/pantilt_bot_description/package.dsv'
[0.523s] INFO:colcon.colcon_core.shell:Creating package script '/work/prac_ws/install/pantilt_bot_description/share/pantilt_bot_description/package.sh'
[0.523s] INFO:colcon.colcon_core.shell:Creating package script '/work/prac_ws/install/pantilt_bot_description/share/pantilt_bot_description/package.bash'
[0.523s] INFO:colcon.colcon_core.shell:Creating package script '/work/prac_ws/install/pantilt_bot_description/share/pantilt_bot_description/package.zsh'
[0.523s] Level 1:colcon.colcon_core.environment:create_file_with_runtime_dependencies(/work/prac_ws/install/pantilt_bot_description/share/colcon-core/packages/pantilt_bot_description)
[0.524s] Level 1:colcon.colcon_core.environment:create_environment_scripts_only(open_manipulator_x_description)
[0.524s] Level 1:colcon.colcon_core.environment:checking '/work/prac_ws/install/open_manipulator_x_description' for CMake module files
[0.524s] DEBUG:colcon.colcon_core.event_handler.log_command:Invoked command in '/work/prac_ws/build/open_manipulator_x_description' returned '0': CMAKE_PREFIX_PATH=/work/prac_ws/install/dynamixel_hardware:/work/prac_ws/install/dynamixel_workbench_toolbox:/work/prac_ws/install/small_arm_prac:/work/prac_ws/install/pantilt_bot_description:/work/prac_ws/install/open_manipulator_x_description:/work/prac_ws/install/dynamixel_workbench:/work/prac_ws/install/dynamixel_workbench_msgs:/opt/ros/humble /usr/bin/cmake --install /work/prac_ws/build/open_manipulator_x_description
[0.524s] Level 1:colcon.colcon_core.environment:checking '/work/prac_ws/install/open_manipulator_x_description' for CMake config files
[0.524s] Level 1:colcon.colcon_core.shell:create_environment_hook('open_manipulator_x_description', 'cmake_prefix_path')
[0.525s] INFO:colcon.colcon_core.shell:Creating environment hook '/work/prac_ws/install/open_manipulator_x_description/share/open_manipulator_x_description/hook/cmake_prefix_path.ps1'
[0.525s] INFO:colcon.colcon_core.shell:Creating environment descriptor '/work/prac_ws/install/open_manipulator_x_description/share/open_manipulator_x_description/hook/cmake_prefix_path.dsv'
[0.525s] INFO:colcon.colcon_core.shell:Creating environment hook '/work/prac_ws/install/open_manipulator_x_description/share/open_manipulator_x_description/hook/cmake_prefix_path.sh'
[0.525s] Level 1:colcon.colcon_core.environment:checking '/work/prac_ws/install/open_manipulator_x_description/bin'
[0.525s] Level 1:colcon.colcon_core.environment:checking '/work/prac_ws/install/open_manipulator_x_description/lib/pkgconfig/open_manipulator_x_description.pc'
[0.525s] Level 1:colcon.colcon_core.environment:checking '/work/prac_ws/install/open_manipulator_x_description/lib/python3.10/site-packages'
[0.526s] Level 1:colcon.colcon_core.environment:checking '/work/prac_ws/install/open_manipulator_x_description/bin'
[0.526s] INFO:colcon.colcon_core.shell:Creating package script '/work/prac_ws/install/open_manipulator_x_description/share/open_manipulator_x_description/package.ps1'
[0.526s] INFO:colcon.colcon_core.shell:Creating package descriptor '/work/prac_ws/install/open_manipulator_x_description/share/open_manipulator_x_description/package.dsv'
[0.526s] INFO:colcon.colcon_core.shell:Creating package script '/work/prac_ws/install/open_manipulator_x_description/share/open_manipulator_x_description/package.sh'
[0.527s] INFO:colcon.colcon_core.shell:Creating package script '/work/prac_ws/install/open_manipulator_x_description/share/open_manipulator_x_description/package.bash'
[0.527s] INFO:colcon.colcon_core.shell:Creating package script '/work/prac_ws/install/open_manipulator_x_description/share/open_manipulator_x_description/package.zsh'
[0.527s] Level 1:colcon.colcon_core.environment:create_file_with_runtime_dependencies(/work/prac_ws/install/open_manipulator_x_description/share/colcon-core/packages/open_manipulator_x_description)
[0.527s] Level 1:colcon.colcon_core.environment:create_environment_scripts_only(open_manipulator_x_description)
[0.527s] Level 1:colcon.colcon_core.environment:checking '/work/prac_ws/install/open_manipulator_x_description' for CMake module files
[0.528s] Level 1:colcon.colcon_core.environment:checking '/work/prac_ws/install/open_manipulator_x_description' for CMake config files
[0.528s] Level 1:colcon.colcon_core.shell:create_environment_hook('open_manipulator_x_description', 'cmake_prefix_path')
[0.528s] INFO:colcon.colcon_core.shell:Creating environment hook '/work/prac_ws/install/open_manipulator_x_description/share/open_manipulator_x_description/hook/cmake_prefix_path.ps1'
[0.528s] INFO:colcon.colcon_core.shell:Creating environment descriptor '/work/prac_ws/install/open_manipulator_x_description/share/open_manipulator_x_description/hook/cmake_prefix_path.dsv'
[0.528s] INFO:colcon.colcon_core.shell:Creating environment hook '/work/prac_ws/install/open_manipulator_x_description/share/open_manipulator_x_description/hook/cmake_prefix_path.sh'
[0.528s] Level 1:colcon.colcon_core.environment:checking '/work/prac_ws/install/open_manipulator_x_description/bin'
[0.528s] Level 1:colcon.colcon_core.environment:checking '/work/prac_ws/install/open_manipulator_x_description/lib/pkgconfig/open_manipulator_x_description.pc'
[0.529s] Level 1:colcon.colcon_core.environment:checking '/work/prac_ws/install/open_manipulator_x_description/lib/python3.10/site-packages'
[0.529s] Level 1:colcon.colcon_core.environment:checking '/work/prac_ws/install/open_manipulator_x_description/bin'
[0.529s] INFO:colcon.colcon_core.shell:Creating package script '/work/prac_ws/install/open_manipulator_x_description/share/open_manipulator_x_description/package.ps1'
[0.529s] INFO:colcon.colcon_core.shell:Creating package descriptor '/work/prac_ws/install/open_manipulator_x_description/share/open_manipulator_x_description/package.dsv'
[0.530s] INFO:colcon.colcon_core.shell:Creating package script '/work/prac_ws/install/open_manipulator_x_description/share/open_manipulator_x_description/package.sh'
[0.530s] INFO:colcon.colcon_core.shell:Creating package script '/work/prac_ws/install/open_manipulator_x_description/share/open_manipulator_x_description/package.bash'
[0.530s] INFO:colcon.colcon_core.shell:Creating package script '/work/prac_ws/install/open_manipulator_x_description/share/open_manipulator_x_description/package.zsh'
[0.530s] Level 1:colcon.colcon_core.environment:create_file_with_runtime_dependencies(/work/prac_ws/install/open_manipulator_x_description/share/colcon-core/packages/open_manipulator_x_description)
[0.531s] Level 1:colcon.colcon_core.environment:create_environment_scripts_only(dynamixel_workbench_msgs)
[0.531s] DEBUG:colcon.colcon_core.event_handler.log_command:Invoked command in '/work/prac_ws/build/dynamixel_workbench_msgs' returned '0': CMAKE_PREFIX_PATH=${CMAKE_PREFIX_PATH}:/opt/ros/humble /usr/bin/cmake --install /work/prac_ws/build/dynamixel_workbench_msgs
[0.531s] Level 1:colcon.colcon_core.environment:checking '/work/prac_ws/install/dynamixel_workbench_msgs' for CMake module files
[0.532s] Level 1:colcon.colcon_core.environment:checking '/work/prac_ws/install/dynamixel_workbench_msgs' for CMake config files
[0.533s] Level 1:colcon.colcon_core.shell:create_environment_hook('dynamixel_workbench_msgs', 'cmake_prefix_path')
[0.533s] INFO:colcon.colcon_core.shell:Creating environment hook '/work/prac_ws/install/dynamixel_workbench_msgs/share/dynamixel_workbench_msgs/hook/cmake_prefix_path.ps1'
[0.534s] INFO:colcon.colcon_core.shell:Creating environment descriptor '/work/prac_ws/install/dynamixel_workbench_msgs/share/dynamixel_workbench_msgs/hook/cmake_prefix_path.dsv'
[0.534s] INFO:colcon.colcon_core.shell:Creating environment hook '/work/prac_ws/install/dynamixel_workbench_msgs/share/dynamixel_workbench_msgs/hook/cmake_prefix_path.sh'
[0.534s] Level 1:colcon.colcon_core.environment:checking '/work/prac_ws/install/dynamixel_workbench_msgs/lib'
[0.534s] Level 1:colcon.colcon_core.shell:create_environment_hook('dynamixel_workbench_msgs', 'ld_library_path_lib')
[0.534s] INFO:colcon.colcon_core.shell:Creating environment hook '/work/prac_ws/install/dynamixel_workbench_msgs/share/dynamixel_workbench_msgs/hook/ld_library_path_lib.ps1'
[0.535s] INFO:colcon.colcon_core.shell:Creating environment descriptor '/work/prac_ws/install/dynamixel_workbench_msgs/share/dynamixel_workbench_msgs/hook/ld_library_path_lib.dsv'
[0.535s] INFO:colcon.colcon_core.shell:Creating environment hook '/work/prac_ws/install/dynamixel_workbench_msgs/share/dynamixel_workbench_msgs/hook/ld_library_path_lib.sh'
[0.535s] Level 1:colcon.colcon_core.environment:checking '/work/prac_ws/install/dynamixel_workbench_msgs/bin'
[0.535s] Level 1:colcon.colcon_core.environment:checking '/work/prac_ws/install/dynamixel_workbench_msgs/lib/pkgconfig/dynamixel_workbench_msgs.pc'
[0.535s] Level 1:colcon.colcon_core.environment:checking '/work/prac_ws/install/dynamixel_workbench_msgs/lib/python3.10/site-packages'
[0.535s] Level 1:colcon.colcon_core.environment:checking '/work/prac_ws/install/dynamixel_workbench_msgs/bin'
[0.536s] INFO:colcon.colcon_core.shell:Creating package script '/work/prac_ws/install/dynamixel_workbench_msgs/share/dynamixel_workbench_msgs/package.ps1'
[0.536s] INFO:colcon.colcon_core.shell:Creating package descriptor '/work/prac_ws/install/dynamixel_workbench_msgs/share/dynamixel_workbench_msgs/package.dsv'
[0.536s] INFO:colcon.colcon_core.shell:Creating package script '/work/prac_ws/install/dynamixel_workbench_msgs/share/dynamixel_workbench_msgs/package.sh'
[0.536s] INFO:colcon.colcon_core.shell:Creating package script '/work/prac_ws/install/dynamixel_workbench_msgs/share/dynamixel_workbench_msgs/package.bash'
[0.537s] INFO:colcon.colcon_core.shell:Creating package script '/work/prac_ws/install/dynamixel_workbench_msgs/share/dynamixel_workbench_msgs/package.zsh'
[0.537s] Level 1:colcon.colcon_core.environment:create_file_with_runtime_dependencies(/work/prac_ws/install/dynamixel_workbench_msgs/share/colcon-core/packages/dynamixel_workbench_msgs)
[0.537s] Level 1:colcon.colcon_core.environment:create_environment_scripts_only(dynamixel_workbench_msgs)
[0.537s] Level 1:colcon.colcon_core.environment:checking '/work/prac_ws/install/dynamixel_workbench_msgs' for CMake module files
[0.537s] Level 1:colcon.colcon_core.environment:checking '/work/prac_ws/install/dynamixel_workbench_msgs' for CMake config files
[0.538s] Level 1:colcon.colcon_core.shell:create_environment_hook('dynamixel_workbench_msgs', 'cmake_prefix_path')
[0.538s] INFO:colcon.colcon_core.shell:Creating environment hook '/work/prac_ws/install/dynamixel_workbench_msgs/share/dynamixel_workbench_msgs/hook/cmake_prefix_path.ps1'
[0.538s] INFO:colcon.colcon_core.shell:Creating environment descriptor '/work/prac_ws/install/dynamixel_workbench_msgs/share/dynamixel_workbench_msgs/hook/cmake_prefix_path.dsv'
[0.538s] INFO:colcon.colcon_core.shell:Creating environment hook '/work/prac_ws/install/dynamixel_workbench_msgs/share/dynamixel_workbench_msgs/hook/cmake_prefix_path.sh'
[0.539s] Level 1:colcon.colcon_core.environment:checking '/work/prac_ws/install/dynamixel_workbench_msgs/lib'
[0.539s] Level 1:colcon.colcon_core.shell:create_environment_hook('dynamixel_workbench_msgs', 'ld_library_path_lib')
[0.539s] INFO:colcon.colcon_core.shell:Creating environment hook '/work/prac_ws/install/dynamixel_workbench_msgs/share/dynamixel_workbench_msgs/hook/ld_library_path_lib.ps1'
[0.539s] INFO:colcon.colcon_core.shell:Creating environment descriptor '/work/prac_ws/install/dynamixel_workbench_msgs/share/dynamixel_workbench_msgs/hook/ld_library_path_lib.dsv'
[0.539s] INFO:colcon.colcon_core.shell:Creating environment hook '/work/prac_ws/install/dynamixel_workbench_msgs/share/dynamixel_workbench_msgs/hook/ld_library_path_lib.sh'
[0.539s] Level 1:colcon.colcon_core.environment:checking '/work/prac_ws/install/dynamixel_workbench_msgs/bin'
[0.539s] Level 1:colcon.colcon_core.environment:checking '/work/prac_ws/install/dynamixel_workbench_msgs/lib/pkgconfig/dynamixel_workbench_msgs.pc'
[0.540s] Level 1:colcon.colcon_core.environment:checking '/work/prac_ws/install/dynamixel_workbench_msgs/lib/python3.10/site-packages'
[0.540s] Level 1:colcon.colcon_core.environment:checking '/work/prac_ws/install/dynamixel_workbench_msgs/bin'
[0.540s] INFO:colcon.colcon_core.shell:Creating package script '/work/prac_ws/install/dynamixel_workbench_msgs/share/dynamixel_workbench_msgs/package.ps1'
[0.540s] INFO:colcon.colcon_core.shell:Creating package descriptor '/work/prac_ws/install/dynamixel_workbench_msgs/share/dynamixel_workbench_msgs/package.dsv'
[0.541s] INFO:colcon.colcon_core.shell:Creating package script '/work/prac_ws/install/dynamixel_workbench_msgs/share/dynamixel_workbench_msgs/package.sh'
[0.541s] INFO:colcon.colcon_core.shell:Creating package script '/work/prac_ws/install/dynamixel_workbench_msgs/share/dynamixel_workbench_msgs/package.bash'
[0.541s] INFO:colcon.colcon_core.shell:Creating package script '/work/prac_ws/install/dynamixel_workbench_msgs/share/dynamixel_workbench_msgs/package.zsh'
[0.541s] Level 1:colcon.colcon_core.environment:create_file_with_runtime_dependencies(/work/prac_ws/install/dynamixel_workbench_msgs/share/colcon-core/packages/dynamixel_workbench_msgs)
[0.541s] DEBUG:colcon.colcon_parallel_executor.executor.parallel:closing loop
[0.542s] DEBUG:colcon.colcon_parallel_executor.executor.parallel:loop closed
[0.542s] DEBUG:colcon.colcon_parallel_executor.executor.parallel:run_until_complete finished with '0'
[0.542s] DEBUG:colcon.colcon_core.event_reactor:joining thread
[0.545s] INFO:colcon.colcon_core.plugin_system:Skipping extension 'colcon_notification.desktop_notification.notify_send': Could not find 'notify-send'
[0.545s] INFO:colcon.colcon_core.plugin_system:Skipping extension 'colcon_notification.desktop_notification.terminal_notifier': Not used on non-Darwin systems
[0.545s] INFO:colcon.colcon_core.plugin_system:Skipping extension 'colcon_notification.desktop_notification.win32': Not used on non-Windows systems
[0.545s] INFO:colcon.colcon_notification.desktop_notification:Sending desktop notification using 'notify2'
[0.547s] DEBUG:colcon.colcon_notification.desktop_notification.notify2:Failed to initialize notify2: org.freedesktop.DBus.Error.Spawn.ExecFailed: /usr/bin/dbus-launch terminated abnormally without any error message
[0.548s] DEBUG:colcon.colcon_core.event_reactor:joined thread
[0.548s] INFO:colcon.colcon_core.shell:Creating prefix script '/work/prac_ws/install/local_setup.ps1'
[0.549s] INFO:colcon.colcon_core.shell:Creating prefix util module '/work/prac_ws/install/_local_setup_util_ps1.py'
[0.550s] INFO:colcon.colcon_core.shell:Creating prefix chain script '/work/prac_ws/install/setup.ps1'
[0.550s] INFO:colcon.colcon_core.shell:Creating prefix script '/work/prac_ws/install/local_setup.sh'
[0.551s] INFO:colcon.colcon_core.shell:Creating prefix util module '/work/prac_ws/install/_local_setup_util_sh.py'
[0.551s] INFO:colcon.colcon_core.shell:Creating prefix chain script '/work/prac_ws/install/setup.sh'
[0.552s] INFO:colcon.colcon_core.shell:Creating prefix script '/work/prac_ws/install/local_setup.bash'
[0.552s] INFO:colcon.colcon_core.shell:Creating prefix chain script '/work/prac_ws/install/setup.bash'
[0.553s] INFO:colcon.colcon_core.shell:Creating prefix script '/work/prac_ws/install/local_setup.zsh'
[0.553s] INFO:colcon.colcon_core.shell:Creating prefix chain script '/work/prac_ws/install/setup.zsh'
