[0.011s] Invoking command in '/work/prac_ws/build/pantilt_bot_description': CMAKE_PREFIX_PATH=/work/prac_ws/install/dynamixel_hardware:/work/prac_ws/install/dynamixel_workbench_toolbox:/work/prac_ws/install/small_arm_prac:/work/prac_ws/install/pantilt_bot_description:/work/prac_ws/install/open_manipulator_x_description:/work/prac_ws/install/dynamixel_workbench:/work/prac_ws/install/dynamixel_workbench_msgs:/opt/ros/humble /usr/bin/cmake --build /work/prac_ws/build/pantilt_bot_description -- -j20 -l20
[0.062s] Invoked command in '/work/prac_ws/build/pantilt_bot_description' returned '0': CMAKE_PREFIX_PATH=/work/prac_ws/install/dynamixel_hardware:/work/prac_ws/install/dynamixel_workbench_toolbox:/work/prac_ws/install/small_arm_prac:/work/prac_ws/install/pantilt_bot_description:/work/prac_ws/install/open_manipulator_x_description:/work/prac_ws/install/dynamixel_workbench:/work/prac_ws/install/dynamixel_workbench_msgs:/opt/ros/humble /usr/bin/cmake --build /work/prac_ws/build/pantilt_bot_description -- -j20 -l20
[0.063s] Invoking command in '/work/prac_ws/build/pantilt_bot_description': CMAKE_PREFIX_PATH=/work/prac_ws/install/dynamixel_hardware:/work/prac_ws/install/dynamixel_workbench_toolbox:/work/prac_ws/install/small_arm_prac:/work/prac_ws/install/pantilt_bot_description:/work/prac_ws/install/open_manipulator_x_description:/work/prac_ws/install/dynamixel_workbench:/work/prac_ws/install/dynamixel_workbench_msgs:/opt/ros/humble /usr/bin/cmake --install /work/prac_ws/build/pantilt_bot_description
[0.073s] -- Install configuration: ""
[0.073s] -- Up-to-date: /work/prac_ws/install/pantilt_bot_description/share/pantilt_bot_description/meshes
[0.074s] -- Up-to-date: /work/prac_ws/install/pantilt_bot_description/share/pantilt_bot_description/meshes/joint2_horn.stl
[0.074s] -- Up-to-date: /work/prac_ws/install/pantilt_bot_description/share/pantilt_bot_description/meshes/joint2.stl
[0.074s] -- Up-to-date: /work/prac_ws/install/pantilt_bot_description/share/pantilt_bot_description/meshes/joint1_horn.stl
[0.074s] -- Up-to-date: /work/prac_ws/install/pantilt_bot_description/share/pantilt_bot_description/meshes/joint1.stl
[0.074s] -- Up-to-date: /work/prac_ws/install/pantilt_bot_description/share/pantilt_bot_description/urdf
[0.074s] -- Up-to-date: /work/prac_ws/install/pantilt_bot_description/share/pantilt_bot_description/urdf/pantilt_bot.urdf.xacro
[0.074s] -- Up-to-date: /work/prac_ws/install/pantilt_bot_description/share/pantilt_bot_description/urdf/pantilt_bot.xacro
[0.074s] -- Up-to-date: /work/prac_ws/install/pantilt_bot_description/share/pantilt_bot_description/urdf/pantilt_bot.ros2_control.xacro
[0.074s] -- Up-to-date: /work/prac_ws/install/pantilt_bot_description/share/pantilt_bot_description/urdf/pantilt_bot_gazebo.urdf.xacro
[0.074s] -- Up-to-date: /work/prac_ws/install/pantilt_bot_description/share/pantilt_bot_description/urdf/pantilt_bot.material.xacro
[0.074s] -- Up-to-date: /work/prac_ws/install/pantilt_bot_description/share/pantilt_bot_description/urdf/pantilt_bot.ros2_control_gazebo.xacro
[0.074s] -- Up-to-date: /work/prac_ws/install/pantilt_bot_description/share/pantilt_bot_description/controllers
[0.074s] -- Up-to-date: /work/prac_ws/install/pantilt_bot_description/share/pantilt_bot_description/controllers/controllers.yaml
[0.074s] -- Up-to-date: /work/prac_ws/install/pantilt_bot_description/share/pantilt_bot_description/launch
[0.074s] -- Up-to-date: /work/prac_ws/install/pantilt_bot_description/share/pantilt_bot_description/launch/pantilt_bot.launch.py
[0.074s] -- Up-to-date: /work/prac_ws/install/pantilt_bot_description/share/pantilt_bot_description/launch/pantilt_bot_gazebo.launch.py
[0.074s] -- Up-to-date: /work/prac_ws/install/pantilt_bot_description/share/pantilt_bot_description/launch/pantilt_bot.rviz
[0.074s] -- Up-to-date: /work/prac_ws/install/pantilt_bot_description/share/pantilt_bot_description/launch/display.launch.py
[0.074s] -- Up-to-date: /work/prac_ws/install/pantilt_bot_description/share/ament_index/resource_index/package_run_dependencies/pantilt_bot_description
[0.074s] -- Up-to-date: /work/prac_ws/install/pantilt_bot_description/share/ament_index/resource_index/parent_prefix_path/pantilt_bot_description
[0.074s] -- Up-to-date: /work/prac_ws/install/pantilt_bot_description/share/pantilt_bot_description/environment/ament_prefix_path.sh
[0.074s] -- Up-to-date: /work/prac_ws/install/pantilt_bot_description/share/pantilt_bot_description/environment/ament_prefix_path.dsv
[0.074s] -- Up-to-date: /work/prac_ws/install/pantilt_bot_description/share/pantilt_bot_description/environment/path.sh
[0.074s] -- Up-to-date: /work/prac_ws/install/pantilt_bot_description/share/pantilt_bot_description/environment/path.dsv
[0.075s] -- Up-to-date: /work/prac_ws/install/pantilt_bot_description/share/pantilt_bot_description/local_setup.bash
[0.075s] -- Up-to-date: /work/prac_ws/install/pantilt_bot_description/share/pantilt_bot_description/local_setup.sh
[0.075s] -- Up-to-date: /work/prac_ws/install/pantilt_bot_description/share/pantilt_bot_description/local_setup.zsh
[0.075s] -- Up-to-date: /work/prac_ws/install/pantilt_bot_description/share/pantilt_bot_description/local_setup.dsv
[0.075s] -- Up-to-date: /work/prac_ws/install/pantilt_bot_description/share/pantilt_bot_description/package.dsv
[0.075s] -- Up-to-date: /work/prac_ws/install/pantilt_bot_description/share/ament_index/resource_index/packages/pantilt_bot_description
[0.075s] -- Up-to-date: /work/prac_ws/install/pantilt_bot_description/share/pantilt_bot_description/cmake/pantilt_bot_descriptionConfig.cmake
[0.075s] -- Up-to-date: /work/prac_ws/install/pantilt_bot_description/share/pantilt_bot_description/cmake/pantilt_bot_descriptionConfig-version.cmake
[0.075s] -- Up-to-date: /work/prac_ws/install/pantilt_bot_description/share/pantilt_bot_description/package.xml
[0.082s] Invoked command in '/work/prac_ws/build/pantilt_bot_description' returned '0': CMAKE_PREFIX_PATH=/work/prac_ws/install/dynamixel_hardware:/work/prac_ws/install/dynamixel_workbench_toolbox:/work/prac_ws/install/small_arm_prac:/work/prac_ws/install/pantilt_bot_description:/work/prac_ws/install/open_manipulator_x_description:/work/prac_ws/install/dynamixel_workbench:/work/prac_ws/install/dynamixel_workbench_msgs:/opt/ros/humble /usr/bin/cmake --install /work/prac_ws/build/pantilt_bot_description
