[0.010s] Invoking command in '/work/prac_ws/build/open_manipulator_x_description': CMAKE_PREFIX_PATH=/work/prac_ws/install/dynamixel_hardware:/work/prac_ws/install/dynamixel_workbench_toolbox:/work/prac_ws/install/small_arm_prac:/work/prac_ws/install/pantilt_bot_description:/work/prac_ws/install/open_manipulator_x_description:/work/prac_ws/install/dynamixel_workbench:/work/prac_ws/install/dynamixel_workbench_msgs:/opt/ros/humble /usr/bin/cmake --build /work/prac_ws/build/open_manipulator_x_description -- -j20 -l20
[0.049s] Invoked command in '/work/prac_ws/build/open_manipulator_x_description' returned '0': CMAKE_PREFIX_PATH=/work/prac_ws/install/dynamixel_hardware:/work/prac_ws/install/dynamixel_workbench_toolbox:/work/prac_ws/install/small_arm_prac:/work/prac_ws/install/pantilt_bot_description:/work/prac_ws/install/open_manipulator_x_description:/work/prac_ws/install/dynamixel_workbench:/work/prac_ws/install/dynamixel_workbench_msgs:/opt/ros/humble /usr/bin/cmake --build /work/prac_ws/build/open_manipulator_x_description -- -j20 -l20
[0.049s] Invoking command in '/work/prac_ws/build/open_manipulator_x_description': CMAKE_PREFIX_PATH=/work/prac_ws/install/dynamixel_hardware:/work/prac_ws/install/dynamixel_workbench_toolbox:/work/prac_ws/install/small_arm_prac:/work/prac_ws/install/pantilt_bot_description:/work/prac_ws/install/open_manipulator_x_description:/work/prac_ws/install/dynamixel_workbench:/work/prac_ws/install/dynamixel_workbench_msgs:/opt/ros/humble /usr/bin/cmake --install /work/prac_ws/build/open_manipulator_x_description
[0.055s] -- Install configuration: ""
[0.056s] -- Up-to-date: /work/prac_ws/install/open_manipulator_x_description/share/open_manipulator_x_description/meshes
[0.056s] -- Up-to-date: /work/prac_ws/install/open_manipulator_x_description/share/open_manipulator_x_description/meshes/chain_link_grip_l.stl
[0.056s] -- Up-to-date: /work/prac_ws/install/open_manipulator_x_description/share/open_manipulator_x_description/meshes/chain_link1.stl
[0.056s] -- Up-to-date: /work/prac_ws/install/open_manipulator_x_description/share/open_manipulator_x_description/meshes/chain_link5.stl
[0.056s] -- Up-to-date: /work/prac_ws/install/open_manipulator_x_description/share/open_manipulator_x_description/meshes/chain_link4.stl
[0.056s] -- Up-to-date: /work/prac_ws/install/open_manipulator_x_description/share/open_manipulator_x_description/meshes/chain_link_grip_r.stl
[0.056s] -- Up-to-date: /work/prac_ws/install/open_manipulator_x_description/share/open_manipulator_x_description/meshes/chain_link3.stl
[0.056s] -- Up-to-date: /work/prac_ws/install/open_manipulator_x_description/share/open_manipulator_x_description/meshes/chain_link2.stl
[0.056s] -- Up-to-date: /work/prac_ws/install/open_manipulator_x_description/share/open_manipulator_x_description/urdf
[0.056s] -- Up-to-date: /work/prac_ws/install/open_manipulator_x_description/share/open_manipulator_x_description/urdf/open_manipulator_x.material.xacro
[0.056s] -- Up-to-date: /work/prac_ws/install/open_manipulator_x_description/share/open_manipulator_x_description/urdf/open_manipulator_x_gazebo.urdf.xacro
[0.056s] -- Up-to-date: /work/prac_ws/install/open_manipulator_x_description/share/open_manipulator_x_description/urdf/open_manipulator_x.urdf.xacro
[0.056s] -- Up-to-date: /work/prac_ws/install/open_manipulator_x_description/share/open_manipulator_x_description/urdf/open_manipulator_x.xacro
[0.056s] -- Up-to-date: /work/prac_ws/install/open_manipulator_x_description/share/open_manipulator_x_description/urdf/open_manipulator_x.ros2_control_gazebo.xacro
[0.056s] -- Up-to-date: /work/prac_ws/install/open_manipulator_x_description/share/open_manipulator_x_description/urdf/open_manipulator_x.ros2_control.xacro
[0.056s] -- Up-to-date: /work/prac_ws/install/open_manipulator_x_description/share/open_manipulator_x_description/controllers
[0.056s] -- Up-to-date: /work/prac_ws/install/open_manipulator_x_description/share/open_manipulator_x_description/controllers/controllers.yaml
[0.056s] -- Up-to-date: /work/prac_ws/install/open_manipulator_x_description/share/open_manipulator_x_description/launch
[0.056s] -- Up-to-date: /work/prac_ws/install/open_manipulator_x_description/share/open_manipulator_x_description/launch/open_manipulator_x.launch.py
[0.056s] -- Up-to-date: /work/prac_ws/install/open_manipulator_x_description/share/open_manipulator_x_description/launch/open_manipulator_x.rviz
[0.057s] -- Up-to-date: /work/prac_ws/install/open_manipulator_x_description/share/open_manipulator_x_description/launch/open_manipulator_x_gazebo.launch.py
[0.057s] -- Up-to-date: /work/prac_ws/install/open_manipulator_x_description/share/open_manipulator_x_description/launch/display.launch.py
[0.057s] -- Up-to-date: /work/prac_ws/install/open_manipulator_x_description/share/ament_index/resource_index/package_run_dependencies/open_manipulator_x_description
[0.057s] -- Up-to-date: /work/prac_ws/install/open_manipulator_x_description/share/ament_index/resource_index/parent_prefix_path/open_manipulator_x_description
[0.057s] -- Up-to-date: /work/prac_ws/install/open_manipulator_x_description/share/open_manipulator_x_description/environment/ament_prefix_path.sh
[0.057s] -- Up-to-date: /work/prac_ws/install/open_manipulator_x_description/share/open_manipulator_x_description/environment/ament_prefix_path.dsv
[0.057s] -- Up-to-date: /work/prac_ws/install/open_manipulator_x_description/share/open_manipulator_x_description/environment/path.sh
[0.057s] -- Up-to-date: /work/prac_ws/install/open_manipulator_x_description/share/open_manipulator_x_description/environment/path.dsv
[0.057s] -- Up-to-date: /work/prac_ws/install/open_manipulator_x_description/share/open_manipulator_x_description/local_setup.bash
[0.057s] -- Up-to-date: /work/prac_ws/install/open_manipulator_x_description/share/open_manipulator_x_description/local_setup.sh
[0.057s] -- Up-to-date: /work/prac_ws/install/open_manipulator_x_description/share/open_manipulator_x_description/local_setup.zsh
[0.057s] -- Up-to-date: /work/prac_ws/install/open_manipulator_x_description/share/open_manipulator_x_description/local_setup.dsv
[0.057s] -- Installing: /work/prac_ws/install/open_manipulator_x_description/share/open_manipulator_x_description/package.dsv
[0.057s] -- Up-to-date: /work/prac_ws/install/open_manipulator_x_description/share/ament_index/resource_index/packages/open_manipulator_x_description
[0.057s] -- Up-to-date: /work/prac_ws/install/open_manipulator_x_description/share/open_manipulator_x_description/cmake/open_manipulator_x_descriptionConfig.cmake
[0.057s] -- Up-to-date: /work/prac_ws/install/open_manipulator_x_description/share/open_manipulator_x_description/cmake/open_manipulator_x_descriptionConfig-version.cmake
[0.057s] -- Up-to-date: /work/prac_ws/install/open_manipulator_x_description/share/open_manipulator_x_description/package.xml
[0.066s] Invoked command in '/work/prac_ws/build/open_manipulator_x_description' returned '0': CMAKE_PREFIX_PATH=/work/prac_ws/install/dynamixel_hardware:/work/prac_ws/install/dynamixel_workbench_toolbox:/work/prac_ws/install/small_arm_prac:/work/prac_ws/install/pantilt_bot_description:/work/prac_ws/install/open_manipulator_x_description:/work/prac_ws/install/dynamixel_workbench:/work/prac_ws/install/dynamixel_workbench_msgs:/opt/ros/humble /usr/bin/cmake --install /work/prac_ws/build/open_manipulator_x_description
