-- Install configuration: ""
-- Up-to-date: /work/prac_ws/install/open_manipulator_x_description/share/open_manipulator_x_description/meshes
-- Up-to-date: /work/prac_ws/install/open_manipulator_x_description/share/open_manipulator_x_description/meshes/chain_link_grip_l.stl
-- Up-to-date: /work/prac_ws/install/open_manipulator_x_description/share/open_manipulator_x_description/meshes/chain_link1.stl
-- Up-to-date: /work/prac_ws/install/open_manipulator_x_description/share/open_manipulator_x_description/meshes/chain_link5.stl
-- Up-to-date: /work/prac_ws/install/open_manipulator_x_description/share/open_manipulator_x_description/meshes/chain_link4.stl
-- Up-to-date: /work/prac_ws/install/open_manipulator_x_description/share/open_manipulator_x_description/meshes/chain_link_grip_r.stl
-- Up-to-date: /work/prac_ws/install/open_manipulator_x_description/share/open_manipulator_x_description/meshes/chain_link3.stl
-- Up-to-date: /work/prac_ws/install/open_manipulator_x_description/share/open_manipulator_x_description/meshes/chain_link2.stl
-- Up-to-date: /work/prac_ws/install/open_manipulator_x_description/share/open_manipulator_x_description/urdf
-- Up-to-date: /work/prac_ws/install/open_manipulator_x_description/share/open_manipulator_x_description/urdf/open_manipulator_x.material.xacro
-- Up-to-date: /work/prac_ws/install/open_manipulator_x_description/share/open_manipulator_x_description/urdf/open_manipulator_x_gazebo.urdf.xacro
-- Up-to-date: /work/prac_ws/install/open_manipulator_x_description/share/open_manipulator_x_description/urdf/open_manipulator_x.urdf.xacro
-- Up-to-date: /work/prac_ws/install/open_manipulator_x_description/share/open_manipulator_x_description/urdf/open_manipulator_x.xacro
-- Up-to-date: /work/prac_ws/install/open_manipulator_x_description/share/open_manipulator_x_description/urdf/open_manipulator_x.ros2_control_gazebo.xacro
-- Up-to-date: /work/prac_ws/install/open_manipulator_x_description/share/open_manipulator_x_description/urdf/open_manipulator_x.ros2_control.xacro
-- Up-to-date: /work/prac_ws/install/open_manipulator_x_description/share/open_manipulator_x_description/controllers
-- Up-to-date: /work/prac_ws/install/open_manipulator_x_description/share/open_manipulator_x_description/controllers/controllers.yaml
-- Up-to-date: /work/prac_ws/install/open_manipulator_x_description/share/open_manipulator_x_description/launch
-- Up-to-date: /work/prac_ws/install/open_manipulator_x_description/share/open_manipulator_x_description/launch/open_manipulator_x.launch.py
-- Up-to-date: /work/prac_ws/install/open_manipulator_x_description/share/open_manipulator_x_description/launch/open_manipulator_x.rviz
-- Up-to-date: /work/prac_ws/install/open_manipulator_x_description/share/open_manipulator_x_description/launch/open_manipulator_x_gazebo.launch.py
-- Up-to-date: /work/prac_ws/install/open_manipulator_x_description/share/open_manipulator_x_description/launch/display.launch.py
-- Up-to-date: /work/prac_ws/install/open_manipulator_x_description/share/ament_index/resource_index/package_run_dependencies/open_manipulator_x_description
-- Up-to-date: /work/prac_ws/install/open_manipulator_x_description/share/ament_index/resource_index/parent_prefix_path/open_manipulator_x_description
-- Up-to-date: /work/prac_ws/install/open_manipulator_x_description/share/open_manipulator_x_description/environment/ament_prefix_path.sh
-- Up-to-date: /work/prac_ws/install/open_manipulator_x_description/share/open_manipulator_x_description/environment/ament_prefix_path.dsv
-- Up-to-date: /work/prac_ws/install/open_manipulator_x_description/share/open_manipulator_x_description/environment/path.sh
-- Up-to-date: /work/prac_ws/install/open_manipulator_x_description/share/open_manipulator_x_description/environment/path.dsv
-- Up-to-date: /work/prac_ws/install/open_manipulator_x_description/share/open_manipulator_x_description/local_setup.bash
-- Up-to-date: /work/prac_ws/install/open_manipulator_x_description/share/open_manipulator_x_description/local_setup.sh
-- Up-to-date: /work/prac_ws/install/open_manipulator_x_description/share/open_manipulator_x_description/local_setup.zsh
-- Up-to-date: /work/prac_ws/install/open_manipulator_x_description/share/open_manipulator_x_description/local_setup.dsv
-- Installing: /work/prac_ws/install/open_manipulator_x_description/share/open_manipulator_x_description/package.dsv
-- Up-to-date: /work/prac_ws/install/open_manipulator_x_description/share/ament_index/resource_index/packages/open_manipulator_x_description
-- Up-to-date: /work/prac_ws/install/open_manipulator_x_description/share/open_manipulator_x_description/cmake/open_manipulator_x_descriptionConfig.cmake
-- Up-to-date: /work/prac_ws/install/open_manipulator_x_description/share/open_manipulator_x_description/cmake/open_manipulator_x_descriptionConfig-version.cmake
-- Up-to-date: /work/prac_ws/install/open_manipulator_x_description/share/open_manipulator_x_description/package.xml
