[0.009s] Invoking command in '/work/prac_ws/build/dynamixel_hardware': CMAKE_PREFIX_PATH=/work/prac_ws/install/dynamixel_workbench_toolbox:/work/prac_ws/install/small_arm_prac:/work/prac_ws/install/pantilt_bot_description:/work/prac_ws/install/open_manipulator_x_description:/work/prac_ws/install/dynamixel_workbench:/work/prac_ws/install/dynamixel_hardware:/work/prac_ws/install/dynamixel_workbench_msgs:/opt/ros/humble LD_LIBRARY_PATH=/work/prac_ws/install/dynamixel_workbench_toolbox/lib:/work/prac_ws/install/dynamixel_hardware/lib:/work/prac_ws/install/dynamixel_workbench_msgs/lib:/opt/ros/humble/opt/rviz_ogre_vendor/lib:/opt/ros/humble/lib/x86_64-linux-gnu:/opt/ros/humble/lib /usr/bin/cmake --build /work/prac_ws/build/dynamixel_hardware -- -j20 -l20
[0.055s] [100%] Built target dynamixel_hardware
[0.062s] Invoked command in '/work/prac_ws/build/dynamixel_hardware' returned '0': CMAKE_PREFIX_PATH=/work/prac_ws/install/dynamixel_workbench_toolbox:/work/prac_ws/install/small_arm_prac:/work/prac_ws/install/pantilt_bot_description:/work/prac_ws/install/open_manipulator_x_description:/work/prac_ws/install/dynamixel_workbench:/work/prac_ws/install/dynamixel_hardware:/work/prac_ws/install/dynamixel_workbench_msgs:/opt/ros/humble LD_LIBRARY_PATH=/work/prac_ws/install/dynamixel_workbench_toolbox/lib:/work/prac_ws/install/dynamixel_hardware/lib:/work/prac_ws/install/dynamixel_workbench_msgs/lib:/opt/ros/humble/opt/rviz_ogre_vendor/lib:/opt/ros/humble/lib/x86_64-linux-gnu:/opt/ros/humble/lib /usr/bin/cmake --build /work/prac_ws/build/dynamixel_hardware -- -j20 -l20
[0.063s] Invoking command in '/work/prac_ws/build/dynamixel_hardware': CMAKE_PREFIX_PATH=/work/prac_ws/install/dynamixel_workbench_toolbox:/work/prac_ws/install/small_arm_prac:/work/prac_ws/install/pantilt_bot_description:/work/prac_ws/install/open_manipulator_x_description:/work/prac_ws/install/dynamixel_workbench:/work/prac_ws/install/dynamixel_hardware:/work/prac_ws/install/dynamixel_workbench_msgs:/opt/ros/humble LD_LIBRARY_PATH=/work/prac_ws/install/dynamixel_workbench_toolbox/lib:/work/prac_ws/install/dynamixel_hardware/lib:/work/prac_ws/install/dynamixel_workbench_msgs/lib:/opt/ros/humble/opt/rviz_ogre_vendor/lib:/opt/ros/humble/lib/x86_64-linux-gnu:/opt/ros/humble/lib /usr/bin/cmake --install /work/prac_ws/build/dynamixel_hardware
[0.069s] -- Install configuration: ""
[0.069s] -- Up-to-date: /work/prac_ws/install/dynamixel_hardware/share/dynamixel_hardware/dynamixel_hardware.xml
[0.069s] -- Up-to-date: /work/prac_ws/install/dynamixel_hardware/lib/libdynamixel_hardware.so
[0.069s] -- Up-to-date: /work/prac_ws/install/dynamixel_hardware/include
[0.069s] -- Up-to-date: /work/prac_ws/install/dynamixel_hardware/include/dynamixel_hardware
[0.069s] -- Up-to-date: /work/prac_ws/install/dynamixel_hardware/include/dynamixel_hardware/visiblity_control.h
[0.069s] -- Up-to-date: /work/prac_ws/install/dynamixel_hardware/include/dynamixel_hardware/dynamixel_hardware.hpp
[0.069s] -- Up-to-date: /work/prac_ws/install/dynamixel_hardware/share/dynamixel_hardware/environment/library_path.sh
[0.069s] -- Up-to-date: /work/prac_ws/install/dynamixel_hardware/share/dynamixel_hardware/environment/library_path.dsv
[0.069s] -- Up-to-date: /work/prac_ws/install/dynamixel_hardware/share/ament_index/resource_index/package_run_dependencies/dynamixel_hardware
[0.069s] -- Up-to-date: /work/prac_ws/install/dynamixel_hardware/share/ament_index/resource_index/parent_prefix_path/dynamixel_hardware
[0.070s] -- Up-to-date: /work/prac_ws/install/dynamixel_hardware/share/dynamixel_hardware/environment/ament_prefix_path.sh
[0.070s] -- Up-to-date: /work/prac_ws/install/dynamixel_hardware/share/dynamixel_hardware/environment/ament_prefix_path.dsv
[0.070s] -- Up-to-date: /work/prac_ws/install/dynamixel_hardware/share/dynamixel_hardware/environment/path.sh
[0.070s] -- Up-to-date: /work/prac_ws/install/dynamixel_hardware/share/dynamixel_hardware/environment/path.dsv
[0.070s] -- Up-to-date: /work/prac_ws/install/dynamixel_hardware/share/dynamixel_hardware/local_setup.bash
[0.070s] -- Up-to-date: /work/prac_ws/install/dynamixel_hardware/share/dynamixel_hardware/local_setup.sh
[0.070s] -- Up-to-date: /work/prac_ws/install/dynamixel_hardware/share/dynamixel_hardware/local_setup.zsh
[0.070s] -- Up-to-date: /work/prac_ws/install/dynamixel_hardware/share/dynamixel_hardware/local_setup.dsv
[0.070s] -- Installing: /work/prac_ws/install/dynamixel_hardware/share/dynamixel_hardware/package.dsv
[0.070s] -- Up-to-date: /work/prac_ws/install/dynamixel_hardware/share/ament_index/resource_index/packages/dynamixel_hardware
[0.070s] -- Up-to-date: /work/prac_ws/install/dynamixel_hardware/share/ament_index/resource_index/hardware_interface__pluginlib__plugin/dynamixel_hardware
[0.070s] -- Up-to-date: /work/prac_ws/install/dynamixel_hardware/share/dynamixel_hardware/cmake/ament_cmake_export_include_directories-extras.cmake
[0.070s] -- Up-to-date: /work/prac_ws/install/dynamixel_hardware/share/dynamixel_hardware/cmake/ament_cmake_export_libraries-extras.cmake
[0.070s] -- Up-to-date: /work/prac_ws/install/dynamixel_hardware/share/dynamixel_hardware/cmake/ament_cmake_export_dependencies-extras.cmake
[0.070s] -- Up-to-date: /work/prac_ws/install/dynamixel_hardware/share/dynamixel_hardware/cmake/dynamixel_hardwareConfig.cmake
[0.070s] -- Up-to-date: /work/prac_ws/install/dynamixel_hardware/share/dynamixel_hardware/cmake/dynamixel_hardwareConfig-version.cmake
[0.070s] -- Up-to-date: /work/prac_ws/install/dynamixel_hardware/share/dynamixel_hardware/package.xml
[0.071s] Invoked command in '/work/prac_ws/build/dynamixel_hardware' returned '0': CMAKE_PREFIX_PATH=/work/prac_ws/install/dynamixel_workbench_toolbox:/work/prac_ws/install/small_arm_prac:/work/prac_ws/install/pantilt_bot_description:/work/prac_ws/install/open_manipulator_x_description:/work/prac_ws/install/dynamixel_workbench:/work/prac_ws/install/dynamixel_hardware:/work/prac_ws/install/dynamixel_workbench_msgs:/opt/ros/humble LD_LIBRARY_PATH=/work/prac_ws/install/dynamixel_workbench_toolbox/lib:/work/prac_ws/install/dynamixel_hardware/lib:/work/prac_ws/install/dynamixel_workbench_msgs/lib:/opt/ros/humble/opt/rviz_ogre_vendor/lib:/opt/ros/humble/lib/x86_64-linux-gnu:/opt/ros/humble/lib /usr/bin/cmake --install /work/prac_ws/build/dynamixel_hardware
