[0.010s] Invoking command in '/work/prac_ws/build/small_arm_moveit_config': AMENT_PREFIX_PATH=/work/prac_ws/install/small_arm_prac:/work/prac_ws/install/dynamixel_hardware:/work/prac_ws/install/dynamixel_workbench_toolbox:${AMENT_PREFIX_PATH} CMAKE_PREFIX_PATH=/work/prac_ws/install/small_arm_prac:/work/prac_ws/install/dynamixel_hardware:/work/prac_ws/install/dynamixel_workbench_toolbox:/opt/ros/humble LD_LIBRARY_PATH=/work/prac_ws/install/dynamixel_hardware/lib:/work/prac_ws/install/dynamixel_workbench_toolbox/lib:${LD_LIBRARY_PATH} /usr/bin/cmake --build /work/prac_ws/build/small_arm_moveit_config -- -j20 -l20
[0.040s] Invoked command in '/work/prac_ws/build/small_arm_moveit_config' returned '0': AMENT_PREFIX_PATH=/work/prac_ws/install/small_arm_prac:/work/prac_ws/install/dynamixel_hardware:/work/prac_ws/install/dynamixel_workbench_toolbox:${AMENT_PREFIX_PATH} CMAKE_PREFIX_PATH=/work/prac_ws/install/small_arm_prac:/work/prac_ws/install/dynamixel_hardware:/work/prac_ws/install/dynamixel_workbench_toolbox:/opt/ros/humble LD_LIBRARY_PATH=/work/prac_ws/install/dynamixel_hardware/lib:/work/prac_ws/install/dynamixel_workbench_toolbox/lib:${LD_LIBRARY_PATH} /usr/bin/cmake --build /work/prac_ws/build/small_arm_moveit_config -- -j20 -l20
[0.043s] Invoking command in '/work/prac_ws/build/small_arm_moveit_config': AMENT_PREFIX_PATH=/work/prac_ws/install/small_arm_prac:/work/prac_ws/install/dynamixel_hardware:/work/prac_ws/install/dynamixel_workbench_toolbox:${AMENT_PREFIX_PATH} CMAKE_PREFIX_PATH=/work/prac_ws/install/small_arm_prac:/work/prac_ws/install/dynamixel_hardware:/work/prac_ws/install/dynamixel_workbench_toolbox:/opt/ros/humble LD_LIBRARY_PATH=/work/prac_ws/install/dynamixel_hardware/lib:/work/prac_ws/install/dynamixel_workbench_toolbox/lib:${LD_LIBRARY_PATH} /usr/bin/cmake --install /work/prac_ws/build/small_arm_moveit_config
[0.053s] -- Install configuration: ""
[0.054s] -- Up-to-date: /work/prac_ws/install/small_arm_moveit_config/share/ament_index/resource_index/package_run_dependencies/small_arm_moveit_config
[0.054s] -- Up-to-date: /work/prac_ws/install/small_arm_moveit_config/share/ament_index/resource_index/parent_prefix_path/small_arm_moveit_config
[0.054s] -- Up-to-date: /work/prac_ws/install/small_arm_moveit_config/share/small_arm_moveit_config/environment/ament_prefix_path.sh
[0.054s] -- Up-to-date: /work/prac_ws/install/small_arm_moveit_config/share/small_arm_moveit_config/environment/ament_prefix_path.dsv
[0.054s] -- Up-to-date: /work/prac_ws/install/small_arm_moveit_config/share/small_arm_moveit_config/environment/path.sh
[0.054s] -- Up-to-date: /work/prac_ws/install/small_arm_moveit_config/share/small_arm_moveit_config/environment/path.dsv
[0.054s] -- Up-to-date: /work/prac_ws/install/small_arm_moveit_config/share/small_arm_moveit_config/local_setup.bash
[0.054s] -- Up-to-date: /work/prac_ws/install/small_arm_moveit_config/share/small_arm_moveit_config/local_setup.sh
[0.054s] -- Up-to-date: /work/prac_ws/install/small_arm_moveit_config/share/small_arm_moveit_config/local_setup.zsh
[0.054s] -- Up-to-date: /work/prac_ws/install/small_arm_moveit_config/share/small_arm_moveit_config/local_setup.dsv
[0.054s] -- Installing: /work/prac_ws/install/small_arm_moveit_config/share/small_arm_moveit_config/package.dsv
[0.054s] -- Up-to-date: /work/prac_ws/install/small_arm_moveit_config/share/ament_index/resource_index/packages/small_arm_moveit_config
[0.054s] -- Up-to-date: /work/prac_ws/install/small_arm_moveit_config/share/small_arm_moveit_config/cmake/small_arm_moveit_configConfig.cmake
[0.054s] -- Up-to-date: /work/prac_ws/install/small_arm_moveit_config/share/small_arm_moveit_config/cmake/small_arm_moveit_configConfig-version.cmake
[0.054s] -- Up-to-date: /work/prac_ws/install/small_arm_moveit_config/share/small_arm_moveit_config/package.xml
[0.054s] -- Up-to-date: /work/prac_ws/install/small_arm_moveit_config/share/small_arm_moveit_config/launch
[0.054s] -- Up-to-date: /work/prac_ws/install/small_arm_moveit_config/share/small_arm_moveit_config/launch/warehouse_db.launch.py
[0.055s] -- Up-to-date: /work/prac_ws/install/small_arm_moveit_config/share/small_arm_moveit_config/launch/spawn_controllers.launch.py
[0.055s] -- Up-to-date: /work/prac_ws/install/small_arm_moveit_config/share/small_arm_moveit_config/launch/rsp.launch.py
[0.055s] -- Up-to-date: /work/prac_ws/install/small_arm_moveit_config/share/small_arm_moveit_config/launch/demo.launch.py
[0.055s] -- Up-to-date: /work/prac_ws/install/small_arm_moveit_config/share/small_arm_moveit_config/launch/moveit_rviz.launch.py
[0.055s] -- Up-to-date: /work/prac_ws/install/small_arm_moveit_config/share/small_arm_moveit_config/launch/setup_assistant.launch.py
[0.055s] -- Up-to-date: /work/prac_ws/install/small_arm_moveit_config/share/small_arm_moveit_config/launch/static_virtual_joint_tfs.launch.py
[0.055s] -- Up-to-date: /work/prac_ws/install/small_arm_moveit_config/share/small_arm_moveit_config/launch/move_group.launch.py
[0.055s] -- Up-to-date: /work/prac_ws/install/small_arm_moveit_config/share/small_arm_moveit_config/config
[0.055s] -- Up-to-date: /work/prac_ws/install/small_arm_moveit_config/share/small_arm_moveit_config/config/ros2_controllers.yaml
[0.055s] -- Up-to-date: /work/prac_ws/install/small_arm_moveit_config/share/small_arm_moveit_config/config/kinematics.yaml
[0.055s] -- Up-to-date: /work/prac_ws/install/small_arm_moveit_config/share/small_arm_moveit_config/config/pilz_cartesian_limits.yaml
[0.055s] -- Up-to-date: /work/prac_ws/install/small_arm_moveit_config/share/small_arm_moveit_config/config/small_arm.ros2_control.xacro
[0.055s] -- Up-to-date: /work/prac_ws/install/small_arm_moveit_config/share/small_arm_moveit_config/config/moveit_controllers.yaml
[0.055s] -- Up-to-date: /work/prac_ws/install/small_arm_moveit_config/share/small_arm_moveit_config/config/initial_positions.yaml
[0.055s] -- Up-to-date: /work/prac_ws/install/small_arm_moveit_config/share/small_arm_moveit_config/config/joint_limits.yaml
[0.055s] -- Up-to-date: /work/prac_ws/install/small_arm_moveit_config/share/small_arm_moveit_config/config/small_arm.urdf.xacro
[0.055s] -- Up-to-date: /work/prac_ws/install/small_arm_moveit_config/share/small_arm_moveit_config/config/small_arm.srdf
[0.055s] -- Up-to-date: /work/prac_ws/install/small_arm_moveit_config/share/small_arm_moveit_config/config/moveit.rviz
[0.055s] -- Up-to-date: /work/prac_ws/install/small_arm_moveit_config/share/small_arm_moveit_config/.setup_assistant
[0.057s] Invoked command in '/work/prac_ws/build/small_arm_moveit_config' returned '0': AMENT_PREFIX_PATH=/work/prac_ws/install/small_arm_prac:/work/prac_ws/install/dynamixel_hardware:/work/prac_ws/install/dynamixel_workbench_toolbox:${AMENT_PREFIX_PATH} CMAKE_PREFIX_PATH=/work/prac_ws/install/small_arm_prac:/work/prac_ws/install/dynamixel_hardware:/work/prac_ws/install/dynamixel_workbench_toolbox:/opt/ros/humble LD_LIBRARY_PATH=/work/prac_ws/install/dynamixel_hardware/lib:/work/prac_ws/install/dynamixel_workbench_toolbox/lib:${LD_LIBRARY_PATH} /usr/bin/cmake --install /work/prac_ws/build/small_arm_moveit_config
