[0.010s] Invoking command in '/work/prac_ws/build/small_arm_prac': AMENT_PREFIX_PATH=/work/prac_ws/install/dynamixel_hardware:/work/prac_ws/install/dynamixel_workbench_toolbox:${AMENT_PREFIX_PATH} CMAKE_PREFIX_PATH=/work/prac_ws/install/dynamixel_hardware:/work/prac_ws/install/dynamixel_workbench_toolbox:/opt/ros/humble LD_LIBRARY_PATH=/work/prac_ws/install/dynamixel_hardware/lib:/work/prac_ws/install/dynamixel_workbench_toolbox/lib:${LD_LIBRARY_PATH} /usr/bin/cmake /work/prac_ws/src/small_arm_prac -DCMAKE_INSTALL_PREFIX=/work/prac_ws/install/small_arm_prac
[0.055s] -- The C compiler identification is GNU 11.4.0
[0.105s] -- The CXX compiler identification is GNU 11.4.0
[0.111s] -- Detecting C compiler ABI info
[0.183s] -- Detecting C compiler ABI info - done
[0.188s] -- Check for working C compiler: /usr/bin/cc - skipped
[0.188s] -- Detecting C compile features
[0.188s] -- Detecting C compile features - done
[0.191s] -- Detecting CXX compiler ABI info
[0.265s] -- Detecting CXX compiler ABI info - done
[0.271s] -- Check for working CXX compiler: /usr/bin/c++ - skipped
[0.272s] -- Detecting CXX compile features
[0.272s] -- Detecting CXX compile features - done
[0.274s] -- Found ament_cmake: 1.3.12 (/opt/ros/humble/share/ament_cmake/cmake)
[0.398s] -- Found Python3: /usr/bin/python3 (found version "3.10.12") found components: Interpreter 
[0.500s] -- Found rclcpp: 16.0.17 (/opt/ros/humble/share/rclcpp/cmake)
[0.538s] -- Found rosidl_generator_c: 3.1.8 (/opt/ros/humble/share/rosidl_generator_c/cmake)
[0.543s] -- Found rosidl_adapter: 3.1.8 (/opt/ros/humble/share/rosidl_adapter/cmake)
[0.550s] -- Found rosidl_generator_cpp: 3.1.8 (/opt/ros/humble/share/rosidl_generator_cpp/cmake)
[0.559s] -- Using all available rosidl_typesupport_c: rosidl_typesupport_fastrtps_c;rosidl_typesupport_introspection_c
[0.572s] -- Using all available rosidl_typesupport_cpp: rosidl_typesupport_fastrtps_cpp;rosidl_typesupport_introspection_cpp
[0.617s] -- Found rmw_implementation_cmake: 6.1.2 (/opt/ros/humble/share/rmw_implementation_cmake/cmake)
[0.621s] -- Found rmw_fastrtps_cpp: 6.2.9 (/opt/ros/humble/share/rmw_fastrtps_cpp/cmake)
[0.703s] -- Found OpenSSL: /usr/lib/x86_64-linux-gnu/libcrypto.so (found version "3.0.2")  
[0.732s] -- Found FastRTPS: /opt/ros/humble/include  
[0.768s] -- Using RMW implementation 'rmw_fastrtps_cpp' as default
[0.778s] -- Looking for pthread.h
[0.837s] -- Looking for pthread.h - found
[0.837s] -- Performing Test CMAKE_HAVE_LIBC_PTHREAD
[0.890s] -- Performing Test CMAKE_HAVE_LIBC_PTHREAD - Success
[0.891s] -- Found Threads: TRUE  
[0.937s] -- Found xacro: 2.1.1 (/opt/ros/humble/share/xacro/cmake)
[0.941s] -- Found urdf: 2.6.1 (/opt/ros/humble/share/urdf/cmake)
[0.976s] -- Found ros2_controllers: 2.52.0 (/opt/ros/humble/share/ros2_controllers/cmake)
[0.978s] -- Found ros2_control: 2.53.0 (/opt/ros/humble/share/ros2_control/cmake)
[0.980s] -- Found controller_manager: 2.53.0 (/opt/ros/humble/share/controller_manager/cmake)
[1.117s] -- Found robot_state_publisher: 3.0.3 (/opt/ros/humble/share/robot_state_publisher/cmake)
[1.131s] -- Found eigen3_cmake_module: 0.1.1 (/opt/ros/humble/share/eigen3_cmake_module/cmake)
[1.132s] -- Found Eigen3: TRUE (found version "3.4.0") 
[1.132s] -- Ensuring Eigen3 include directory is part of orocos-kdl CMake target
[1.178s] -- Found rviz2: 11.2.25 (/opt/ros/humble/share/rviz2/cmake)
[1.178s] -- Found dynamixel_hardware: 0.0.0 (/work/prac_ws/install/dynamixel_hardware/share/dynamixel_hardware/cmake)
[1.186s] -- Found ament_lint_auto: 0.12.14 (/opt/ros/humble/share/ament_lint_auto/cmake)
[1.250s] -- Added test 'flake8' to check Python code syntax and style conventions
[1.250s] -- Added test 'lint_cmake' to check CMake code style
[1.251s] -- Added test 'pep257' to check Python code against some of the docstring style conventions in PEP 257
[1.252s] -- Added test 'xmllint' to check XML markup files
[1.253s] -- Configuring done
[1.256s] -- Generating done
[1.258s] -- Build files have been written to: /work/prac_ws/build/small_arm_prac
[1.274s] Invoked command in '/work/prac_ws/build/small_arm_prac' returned '0': AMENT_PREFIX_PATH=/work/prac_ws/install/dynamixel_hardware:/work/prac_ws/install/dynamixel_workbench_toolbox:${AMENT_PREFIX_PATH} CMAKE_PREFIX_PATH=/work/prac_ws/install/dynamixel_hardware:/work/prac_ws/install/dynamixel_workbench_toolbox:/opt/ros/humble LD_LIBRARY_PATH=/work/prac_ws/install/dynamixel_hardware/lib:/work/prac_ws/install/dynamixel_workbench_toolbox/lib:${LD_LIBRARY_PATH} /usr/bin/cmake /work/prac_ws/src/small_arm_prac -DCMAKE_INSTALL_PREFIX=/work/prac_ws/install/small_arm_prac
[1.275s] Invoking command in '/work/prac_ws/build/small_arm_prac': AMENT_PREFIX_PATH=/work/prac_ws/install/dynamixel_hardware:/work/prac_ws/install/dynamixel_workbench_toolbox:${AMENT_PREFIX_PATH} CMAKE_PREFIX_PATH=/work/prac_ws/install/dynamixel_hardware:/work/prac_ws/install/dynamixel_workbench_toolbox:/opt/ros/humble LD_LIBRARY_PATH=/work/prac_ws/install/dynamixel_hardware/lib:/work/prac_ws/install/dynamixel_workbench_toolbox/lib:${LD_LIBRARY_PATH} /usr/bin/cmake --build /work/prac_ws/build/small_arm_prac -- -j20 -l20
[1.306s] Invoked command in '/work/prac_ws/build/small_arm_prac' returned '0': AMENT_PREFIX_PATH=/work/prac_ws/install/dynamixel_hardware:/work/prac_ws/install/dynamixel_workbench_toolbox:${AMENT_PREFIX_PATH} CMAKE_PREFIX_PATH=/work/prac_ws/install/dynamixel_hardware:/work/prac_ws/install/dynamixel_workbench_toolbox:/opt/ros/humble LD_LIBRARY_PATH=/work/prac_ws/install/dynamixel_hardware/lib:/work/prac_ws/install/dynamixel_workbench_toolbox/lib:${LD_LIBRARY_PATH} /usr/bin/cmake --build /work/prac_ws/build/small_arm_prac -- -j20 -l20
[1.307s] Invoking command in '/work/prac_ws/build/small_arm_prac': AMENT_PREFIX_PATH=/work/prac_ws/install/dynamixel_hardware:/work/prac_ws/install/dynamixel_workbench_toolbox:${AMENT_PREFIX_PATH} CMAKE_PREFIX_PATH=/work/prac_ws/install/dynamixel_hardware:/work/prac_ws/install/dynamixel_workbench_toolbox:/opt/ros/humble LD_LIBRARY_PATH=/work/prac_ws/install/dynamixel_hardware/lib:/work/prac_ws/install/dynamixel_workbench_toolbox/lib:${LD_LIBRARY_PATH} /usr/bin/cmake --install /work/prac_ws/build/small_arm_prac
[1.313s] -- Install configuration: ""
[1.313s] -- Installing: /work/prac_ws/install/small_arm_prac/share/small_arm_prac/urdf
[1.313s] -- Installing: /work/prac_ws/install/small_arm_prac/share/small_arm_prac/urdf/materials.xacro
[1.313s] -- Installing: /work/prac_ws/install/small_arm_prac/share/small_arm_prac/urdf/small_arm.ros2_control.xacro
[1.313s] -- Installing: /work/prac_ws/install/small_arm_prac/share/small_arm_prac/urdf/small_arm.urdf
[1.314s] -- Installing: /work/prac_ws/install/small_arm_prac/share/small_arm_prac/urdf/small_arm.xacro
[1.314s] -- Installing: /work/prac_ws/install/small_arm_prac/share/small_arm_prac/urdf/small_arm.urdf.xacro
[1.314s] -- Installing: /work/prac_ws/install/small_arm_prac/share/small_arm_prac/meshes
[1.314s] -- Installing: /work/prac_ws/install/small_arm_prac/share/small_arm_prac/meshes/link_2_1.stl
[1.315s] -- Installing: /work/prac_ws/install/small_arm_prac/share/small_arm_prac/meshes/link_5_1.stl
[1.316s] -- Installing: /work/prac_ws/install/small_arm_prac/share/small_arm_prac/meshes/Claw_1_1.stl
[1.316s] -- Installing: /work/prac_ws/install/small_arm_prac/share/small_arm_prac/meshes/link_3_1.stl
[1.318s] -- Installing: /work/prac_ws/install/small_arm_prac/share/small_arm_prac/meshes/link_4_1.stl
[1.318s] -- Installing: /work/prac_ws/install/small_arm_prac/share/small_arm_prac/meshes/link_1_1.stl
[1.319s] -- Installing: /work/prac_ws/install/small_arm_prac/share/small_arm_prac/meshes/Claw_base_1.stl
[1.320s] -- Installing: /work/prac_ws/install/small_arm_prac/share/small_arm_prac/meshes/Camera_1.stl
[1.321s] -- Installing: /work/prac_ws/install/small_arm_prac/share/small_arm_prac/meshes/base_link.stl
[1.323s] -- Installing: /work/prac_ws/install/small_arm_prac/share/small_arm_prac/meshes/Claw_2_1.stl
[1.323s] -- Installing: /work/prac_ws/install/small_arm_prac/share/small_arm_prac/launch
[1.323s] -- Installing: /work/prac_ws/install/small_arm_prac/share/small_arm_prac/launch/pantilt_bot_gazebo.launch.py
[1.323s] -- Installing: /work/prac_ws/install/small_arm_prac/share/small_arm_prac/launch/small_arm.rviz
[1.323s] -- Installing: /work/prac_ws/install/small_arm_prac/share/small_arm_prac/launch/display.launch.py
[1.323s] -- Installing: /work/prac_ws/install/small_arm_prac/share/small_arm_prac/launch/small_arm.launch.py
[1.324s] -- Installing: /work/prac_ws/install/small_arm_prac/share/small_arm_prac/controllers
[1.324s] -- Installing: /work/prac_ws/install/small_arm_prac/share/small_arm_prac/controllers/controllers.yaml
[1.324s] -- Installing: /work/prac_ws/install/small_arm_prac/share/ament_index/resource_index/package_run_dependencies/small_arm_prac
[1.324s] -- Installing: /work/prac_ws/install/small_arm_prac/share/ament_index/resource_index/parent_prefix_path/small_arm_prac
[1.324s] -- Installing: /work/prac_ws/install/small_arm_prac/share/small_arm_prac/environment/ament_prefix_path.sh
[1.324s] -- Installing: /work/prac_ws/install/small_arm_prac/share/small_arm_prac/environment/ament_prefix_path.dsv
[1.324s] -- Installing: /work/prac_ws/install/small_arm_prac/share/small_arm_prac/environment/path.sh
[1.324s] -- Installing: /work/prac_ws/install/small_arm_prac/share/small_arm_prac/environment/path.dsv
[1.324s] -- Installing: /work/prac_ws/install/small_arm_prac/share/small_arm_prac/local_setup.bash
[1.324s] -- Installing: /work/prac_ws/install/small_arm_prac/share/small_arm_prac/local_setup.sh
[1.324s] -- Installing: /work/prac_ws/install/small_arm_prac/share/small_arm_prac/local_setup.zsh
[1.324s] -- Installing: /work/prac_ws/install/small_arm_prac/share/small_arm_prac/local_setup.dsv
[1.325s] -- Installing: /work/prac_ws/install/small_arm_prac/share/small_arm_prac/package.dsv
[1.325s] -- Installing: /work/prac_ws/install/small_arm_prac/share/ament_index/resource_index/packages/small_arm_prac
[1.325s] -- Installing: /work/prac_ws/install/small_arm_prac/share/small_arm_prac/cmake/small_arm_pracConfig.cmake
[1.325s] -- Installing: /work/prac_ws/install/small_arm_prac/share/small_arm_prac/cmake/small_arm_pracConfig-version.cmake
[1.325s] -- Installing: /work/prac_ws/install/small_arm_prac/share/small_arm_prac/package.xml
[1.327s] Invoked command in '/work/prac_ws/build/small_arm_prac' returned '0': AMENT_PREFIX_PATH=/work/prac_ws/install/dynamixel_hardware:/work/prac_ws/install/dynamixel_workbench_toolbox:${AMENT_PREFIX_PATH} CMAKE_PREFIX_PATH=/work/prac_ws/install/dynamixel_hardware:/work/prac_ws/install/dynamixel_workbench_toolbox:/opt/ros/humble LD_LIBRARY_PATH=/work/prac_ws/install/dynamixel_hardware/lib:/work/prac_ws/install/dynamixel_workbench_toolbox/lib:${LD_LIBRARY_PATH} /usr/bin/cmake --install /work/prac_ws/build/small_arm_prac
