[0.010s] Invoking command in '/work/prac_ws/build/open_manipulator_x_description': AMENT_PREFIX_PATH=/work/prac_ws/install/dynamixel_hardware:/work/prac_ws/install/dynamixel_workbench_toolbox:${AMENT_PREFIX_PATH} CMAKE_PREFIX_PATH=/work/prac_ws/install/dynamixel_hardware:/work/prac_ws/install/dynamixel_workbench_toolbox:/opt/ros/humble LD_LIBRARY_PATH=/work/prac_ws/install/dynamixel_hardware/lib:/work/prac_ws/install/dynamixel_workbench_toolbox/lib:${LD_LIBRARY_PATH} /usr/bin/cmake /work/prac_ws/src/dynamixel_hardware/open_manipulator_x_description -DCMAKE_INSTALL_PREFIX=/work/prac_ws/install/open_manipulator_x_description
[0.064s] -- The C compiler identification is GNU 11.4.0
[0.111s] -- The CXX compiler identification is GNU 11.4.0
[0.117s] -- Detecting C compiler ABI info
[0.188s] -- Detecting C compiler ABI info - done
[0.194s] -- Check for working C compiler: /usr/bin/cc - skipped
[0.194s] -- Detecting C compile features
[0.194s] -- Detecting C compile features - done
[0.197s] -- Detecting CXX compiler ABI info
[0.279s] -- Detecting CXX compiler ABI info - done
[0.284s] -- Check for working CXX compiler: /usr/bin/c++ - skipped
[0.284s] -- Detecting CXX compile features
[0.285s] -- Detecting CXX compile features - done
[0.287s] -- Found ament_cmake: 1.3.12 (/opt/ros/humble/share/ament_cmake/cmake)
[0.411s] -- Found Python3: /usr/bin/python3 (found version "3.10.12") found components: Interpreter 
[0.509s] -- Found robot_state_publisher: 3.0.3 (/opt/ros/humble/share/robot_state_publisher/cmake)
[0.538s] -- Found rosidl_generator_c: 3.1.8 (/opt/ros/humble/share/rosidl_generator_c/cmake)
[0.543s] -- Found rosidl_adapter: 3.1.8 (/opt/ros/humble/share/rosidl_adapter/cmake)
[0.551s] -- Found rosidl_generator_cpp: 3.1.8 (/opt/ros/humble/share/rosidl_generator_cpp/cmake)
[0.560s] -- Using all available rosidl_typesupport_c: rosidl_typesupport_fastrtps_c;rosidl_typesupport_introspection_c
[0.573s] -- Using all available rosidl_typesupport_cpp: rosidl_typesupport_fastrtps_cpp;rosidl_typesupport_introspection_cpp
[0.627s] -- Found eigen3_cmake_module: 0.1.1 (/opt/ros/humble/share/eigen3_cmake_module/cmake)
[0.628s] -- Found Eigen3: TRUE (found version "3.4.0") 
[0.628s] -- Ensuring Eigen3 include directory is part of orocos-kdl CMake target
[0.665s] -- Found rmw_implementation_cmake: 6.1.2 (/opt/ros/humble/share/rmw_implementation_cmake/cmake)
[0.668s] -- Found rmw_fastrtps_cpp: 6.2.9 (/opt/ros/humble/share/rmw_fastrtps_cpp/cmake)
[0.738s] -- Found OpenSSL: /usr/lib/x86_64-linux-gnu/libcrypto.so (found version "3.0.2")  
[0.760s] -- Found FastRTPS: /opt/ros/humble/include  
[0.801s] -- Using RMW implementation 'rmw_fastrtps_cpp' as default
[0.813s] -- Looking for pthread.h
[0.869s] -- Looking for pthread.h - found
[0.869s] -- Performing Test CMAKE_HAVE_LIBC_PTHREAD
[0.939s] -- Performing Test CMAKE_HAVE_LIBC_PTHREAD - Success
[0.940s] -- Found Threads: TRUE  
[1.083s] -- Found xacro: 2.1.1 (/opt/ros/humble/share/xacro/cmake)
[1.086s] -- Found rviz2: 11.2.25 (/opt/ros/humble/share/rviz2/cmake)
[1.087s] -- Found ros2_control: 2.53.0 (/opt/ros/humble/share/ros2_control/cmake)
[1.090s] -- Found ros2_controllers: 2.52.0 (/opt/ros/humble/share/ros2_controllers/cmake)
[1.090s] -- Found dynamixel_hardware: 0.0.0 (/work/prac_ws/install/dynamixel_hardware/share/dynamixel_hardware/cmake)
[1.196s] -- Configuring done
[1.202s] -- Generating done
[1.203s] -- Build files have been written to: /work/prac_ws/build/open_manipulator_x_description
[1.211s] Invoked command in '/work/prac_ws/build/open_manipulator_x_description' returned '0': AMENT_PREFIX_PATH=/work/prac_ws/install/dynamixel_hardware:/work/prac_ws/install/dynamixel_workbench_toolbox:${AMENT_PREFIX_PATH} CMAKE_PREFIX_PATH=/work/prac_ws/install/dynamixel_hardware:/work/prac_ws/install/dynamixel_workbench_toolbox:/opt/ros/humble LD_LIBRARY_PATH=/work/prac_ws/install/dynamixel_hardware/lib:/work/prac_ws/install/dynamixel_workbench_toolbox/lib:${LD_LIBRARY_PATH} /usr/bin/cmake /work/prac_ws/src/dynamixel_hardware/open_manipulator_x_description -DCMAKE_INSTALL_PREFIX=/work/prac_ws/install/open_manipulator_x_description
[1.212s] Invoking command in '/work/prac_ws/build/open_manipulator_x_description': AMENT_PREFIX_PATH=/work/prac_ws/install/dynamixel_hardware:/work/prac_ws/install/dynamixel_workbench_toolbox:${AMENT_PREFIX_PATH} CMAKE_PREFIX_PATH=/work/prac_ws/install/dynamixel_hardware:/work/prac_ws/install/dynamixel_workbench_toolbox:/opt/ros/humble LD_LIBRARY_PATH=/work/prac_ws/install/dynamixel_hardware/lib:/work/prac_ws/install/dynamixel_workbench_toolbox/lib:${LD_LIBRARY_PATH} /usr/bin/cmake --build /work/prac_ws/build/open_manipulator_x_description -- -j20 -l20
[1.245s] Invoked command in '/work/prac_ws/build/open_manipulator_x_description' returned '0': AMENT_PREFIX_PATH=/work/prac_ws/install/dynamixel_hardware:/work/prac_ws/install/dynamixel_workbench_toolbox:${AMENT_PREFIX_PATH} CMAKE_PREFIX_PATH=/work/prac_ws/install/dynamixel_hardware:/work/prac_ws/install/dynamixel_workbench_toolbox:/opt/ros/humble LD_LIBRARY_PATH=/work/prac_ws/install/dynamixel_hardware/lib:/work/prac_ws/install/dynamixel_workbench_toolbox/lib:${LD_LIBRARY_PATH} /usr/bin/cmake --build /work/prac_ws/build/open_manipulator_x_description -- -j20 -l20
[1.246s] Invoking command in '/work/prac_ws/build/open_manipulator_x_description': AMENT_PREFIX_PATH=/work/prac_ws/install/dynamixel_hardware:/work/prac_ws/install/dynamixel_workbench_toolbox:${AMENT_PREFIX_PATH} CMAKE_PREFIX_PATH=/work/prac_ws/install/dynamixel_hardware:/work/prac_ws/install/dynamixel_workbench_toolbox:/opt/ros/humble LD_LIBRARY_PATH=/work/prac_ws/install/dynamixel_hardware/lib:/work/prac_ws/install/dynamixel_workbench_toolbox/lib:${LD_LIBRARY_PATH} /usr/bin/cmake --install /work/prac_ws/build/open_manipulator_x_description
[1.253s] -- Install configuration: ""
[1.253s] -- Installing: /work/prac_ws/install/open_manipulator_x_description/share/open_manipulator_x_description/meshes
[1.253s] -- Installing: /work/prac_ws/install/open_manipulator_x_description/share/open_manipulator_x_description/meshes/chain_link_grip_l.stl
[1.254s] -- Installing: /work/prac_ws/install/open_manipulator_x_description/share/open_manipulator_x_description/meshes/chain_link1.stl
[1.255s] -- Installing: /work/prac_ws/install/open_manipulator_x_description/share/open_manipulator_x_description/meshes/chain_link5.stl
[1.256s] -- Installing: /work/prac_ws/install/open_manipulator_x_description/share/open_manipulator_x_description/meshes/chain_link4.stl
[1.257s] -- Installing: /work/prac_ws/install/open_manipulator_x_description/share/open_manipulator_x_description/meshes/chain_link_grip_r.stl
[1.257s] -- Installing: /work/prac_ws/install/open_manipulator_x_description/share/open_manipulator_x_description/meshes/chain_link3.stl
[1.258s] -- Installing: /work/prac_ws/install/open_manipulator_x_description/share/open_manipulator_x_description/meshes/chain_link2.stl
[1.259s] -- Installing: /work/prac_ws/install/open_manipulator_x_description/share/open_manipulator_x_description/urdf
[1.259s] -- Installing: /work/prac_ws/install/open_manipulator_x_description/share/open_manipulator_x_description/urdf/open_manipulator_x.material.xacro
[1.259s] -- Installing: /work/prac_ws/install/open_manipulator_x_description/share/open_manipulator_x_description/urdf/open_manipulator_x_gazebo.urdf.xacro
[1.260s] -- Installing: /work/prac_ws/install/open_manipulator_x_description/share/open_manipulator_x_description/urdf/open_manipulator_x.urdf.xacro
[1.260s] -- Installing: /work/prac_ws/install/open_manipulator_x_description/share/open_manipulator_x_description/urdf/open_manipulator_x.xacro
[1.260s] -- Installing: /work/prac_ws/install/open_manipulator_x_description/share/open_manipulator_x_description/urdf/open_manipulator_x.ros2_control_gazebo.xacro
[1.260s] -- Installing: /work/prac_ws/install/open_manipulator_x_description/share/open_manipulator_x_description/urdf/open_manipulator_x.ros2_control.xacro
[1.260s] -- Installing: /work/prac_ws/install/open_manipulator_x_description/share/open_manipulator_x_description/controllers
[1.260s] -- Installing: /work/prac_ws/install/open_manipulator_x_description/share/open_manipulator_x_description/controllers/controllers.yaml
[1.260s] -- Installing: /work/prac_ws/install/open_manipulator_x_description/share/open_manipulator_x_description/launch
[1.260s] -- Installing: /work/prac_ws/install/open_manipulator_x_description/share/open_manipulator_x_description/launch/open_manipulator_x.launch.py
[1.260s] -- Installing: /work/prac_ws/install/open_manipulator_x_description/share/open_manipulator_x_description/launch/open_manipulator_x.rviz
[1.260s] -- Installing: /work/prac_ws/install/open_manipulator_x_description/share/open_manipulator_x_description/launch/open_manipulator_x_gazebo.launch.py
[1.260s] -- Installing: /work/prac_ws/install/open_manipulator_x_description/share/open_manipulator_x_description/launch/display.launch.py
[1.261s] -- Installing: /work/prac_ws/install/open_manipulator_x_description/share/ament_index/resource_index/package_run_dependencies/open_manipulator_x_description
[1.261s] -- Installing: /work/prac_ws/install/open_manipulator_x_description/share/ament_index/resource_index/parent_prefix_path/open_manipulator_x_description
[1.261s] -- Installing: /work/prac_ws/install/open_manipulator_x_description/share/open_manipulator_x_description/environment/ament_prefix_path.sh
[1.261s] -- Installing: /work/prac_ws/install/open_manipulator_x_description/share/open_manipulator_x_description/environment/ament_prefix_path.dsv
[1.261s] -- Installing: /work/prac_ws/install/open_manipulator_x_description/share/open_manipulator_x_description/environment/path.sh
[1.261s] -- Installing: /work/prac_ws/install/open_manipulator_x_description/share/open_manipulator_x_description/environment/path.dsv
[1.261s] -- Installing: /work/prac_ws/install/open_manipulator_x_description/share/open_manipulator_x_description/local_setup.bash
[1.261s] -- Installing: /work/prac_ws/install/open_manipulator_x_description/share/open_manipulator_x_description/local_setup.sh
[1.261s] -- Installing: /work/prac_ws/install/open_manipulator_x_description/share/open_manipulator_x_description/local_setup.zsh
[1.261s] -- Installing: /work/prac_ws/install/open_manipulator_x_description/share/open_manipulator_x_description/local_setup.dsv
[1.262s] -- Installing: /work/prac_ws/install/open_manipulator_x_description/share/open_manipulator_x_description/package.dsv
[1.262s] -- Installing: /work/prac_ws/install/open_manipulator_x_description/share/ament_index/resource_index/packages/open_manipulator_x_description
[1.262s] -- Installing: /work/prac_ws/install/open_manipulator_x_description/share/open_manipulator_x_description/cmake/open_manipulator_x_descriptionConfig.cmake
[1.262s] -- Installing: /work/prac_ws/install/open_manipulator_x_description/share/open_manipulator_x_description/cmake/open_manipulator_x_descriptionConfig-version.cmake
[1.262s] -- Installing: /work/prac_ws/install/open_manipulator_x_description/share/open_manipulator_x_description/package.xml
[1.274s] Invoked command in '/work/prac_ws/build/open_manipulator_x_description' returned '0': AMENT_PREFIX_PATH=/work/prac_ws/install/dynamixel_hardware:/work/prac_ws/install/dynamixel_workbench_toolbox:${AMENT_PREFIX_PATH} CMAKE_PREFIX_PATH=/work/prac_ws/install/dynamixel_hardware:/work/prac_ws/install/dynamixel_workbench_toolbox:/opt/ros/humble LD_LIBRARY_PATH=/work/prac_ws/install/dynamixel_hardware/lib:/work/prac_ws/install/dynamixel_workbench_toolbox/lib:${LD_LIBRARY_PATH} /usr/bin/cmake --install /work/prac_ws/build/open_manipulator_x_description
