[0.056s] DEBUG:colcon:Command line arguments: ['/usr/bin/colcon', 'build']
[0.056s] DEBUG:colcon:Parsed command line arguments: Namespace(log_base=None, log_level=None, verb_name='build', build_base='build', install_base='install', merge_install=False, symlink_install=False, test_result_base=None, continue_on_error=False, executor='parallel', parallel_workers=20, event_handlers=None, ignore_user_meta=False, metas=['./colcon.meta'], base_paths=['.'], packages_ignore=None, packages_ignore_regex=None, paths=None, packages_up_to=None, packages_up_to_regex=None, packages_above=None, packages_above_and_dependencies=None, packages_above_depth=None, packages_select_by_dep=None, packages_skip_by_dep=None, packages_skip_up_to=None, packages_select_build_failed=False, packages_skip_build_finished=False, packages_select_test_failures=False, packages_skip_test_passed=False, packages_select=None, packages_skip=None, packages_select_regex=None, packages_skip_regex=None, packages_start=None, packages_end=None, cmake_args=None, cmake_target=None, cmake_target_skip_unavailable=False, cmake_clean_cache=False, cmake_clean_first=False, cmake_force_configure=False, ament_cmake_args=None, catkin_cmake_args=None, catkin_skip_building_tests=False, mixin_files=None, mixin=None, verb_parser=<colcon_mixin.mixin.mixin_argument.MixinArgumentDecorator object at 0x7a2bb4a681c0>, verb_extension=<colcon_core.verb.build.BuildVerb object at 0x7a2bb4a33bb0>, main=<bound method BuildVerb.main of <colcon_core.verb.build.BuildVerb object at 0x7a2bb4a33bb0>>, mixin_verb=('build',))
[0.128s] Level 1:colcon.colcon_core.package_discovery:discover_packages(colcon_meta) check parameters
[0.128s] Level 1:colcon.colcon_core.package_discovery:discover_packages(recursive) check parameters
[0.128s] Level 1:colcon.colcon_core.package_discovery:discover_packages(ignore) check parameters
[0.128s] Level 1:colcon.colcon_core.package_discovery:discover_packages(path) check parameters
[0.129s] Level 1:colcon.colcon_core.package_discovery:discover_packages(colcon_meta) discover
[0.129s] Level 1:colcon.colcon_core.package_discovery:discover_packages(recursive) discover
[0.129s] INFO:colcon.colcon_core.package_discovery:Crawling recursively for packages in '/work/prac_ws'
[0.129s] Level 1:colcon.colcon_core.package_identification:_identify(.) by extensions ['ignore', 'ignore_ament_install']
[0.129s] Level 1:colcon.colcon_core.package_identification:_identify(.) by extension 'ignore'
[0.129s] Level 1:colcon.colcon_core.package_identification:_identify(.) by extension 'ignore_ament_install'
[0.129s] Level 1:colcon.colcon_core.package_identification:_identify(.) by extensions ['colcon_pkg']
[0.129s] Level 1:colcon.colcon_core.package_identification:_identify(.) by extension 'colcon_pkg'
[0.129s] Level 1:colcon.colcon_core.package_identification:_identify(.) by extensions ['colcon_meta']
[0.129s] Level 1:colcon.colcon_core.package_identification:_identify(.) by extension 'colcon_meta'
[0.129s] Level 1:colcon.colcon_core.package_identification:_identify(.) by extensions ['ros']
[0.129s] Level 1:colcon.colcon_core.package_identification:_identify(.) by extension 'ros'
[0.135s] Level 1:colcon.colcon_core.package_identification:_identify(.) by extensions ['cmake', 'python']
[0.135s] Level 1:colcon.colcon_core.package_identification:_identify(.) by extension 'cmake'
[0.135s] Level 1:colcon.colcon_core.package_identification:_identify(.) by extension 'python'
[0.135s] Level 1:colcon.colcon_core.package_identification:_identify(.) by extensions ['python_setup_py']
[0.135s] Level 1:colcon.colcon_core.package_identification:_identify(.) by extension 'python_setup_py'
[0.135s] Level 1:colcon.colcon_core.package_identification:_identify(build) by extensions ['ignore', 'ignore_ament_install']
[0.135s] Level 1:colcon.colcon_core.package_identification:_identify(build) by extension 'ignore'
[0.135s] Level 1:colcon.colcon_core.package_identification:_identify(build) ignored
[0.136s] Level 1:colcon.colcon_core.package_identification:_identify(install) by extensions ['ignore', 'ignore_ament_install']
[0.136s] Level 1:colcon.colcon_core.package_identification:_identify(install) by extension 'ignore'
[0.136s] Level 1:colcon.colcon_core.package_identification:_identify(install) ignored
[0.136s] Level 1:colcon.colcon_core.package_identification:_identify(log) by extensions ['ignore', 'ignore_ament_install']
[0.136s] Level 1:colcon.colcon_core.package_identification:_identify(log) by extension 'ignore'
[0.136s] Level 1:colcon.colcon_core.package_identification:_identify(log) ignored
[0.136s] Level 1:colcon.colcon_core.package_identification:_identify(src) by extensions ['ignore', 'ignore_ament_install']
[0.136s] Level 1:colcon.colcon_core.package_identification:_identify(src) by extension 'ignore'
[0.136s] Level 1:colcon.colcon_core.package_identification:_identify(src) by extension 'ignore_ament_install'
[0.136s] Level 1:colcon.colcon_core.package_identification:_identify(src) by extensions ['colcon_pkg']
[0.136s] Level 1:colcon.colcon_core.package_identification:_identify(src) by extension 'colcon_pkg'
[0.136s] Level 1:colcon.colcon_core.package_identification:_identify(src) by extensions ['colcon_meta']
[0.136s] Level 1:colcon.colcon_core.package_identification:_identify(src) by extension 'colcon_meta'
[0.136s] Level 1:colcon.colcon_core.package_identification:_identify(src) by extensions ['ros']
[0.136s] Level 1:colcon.colcon_core.package_identification:_identify(src) by extension 'ros'
[0.136s] Level 1:colcon.colcon_core.package_identification:_identify(src) by extensions ['cmake', 'python']
[0.136s] Level 1:colcon.colcon_core.package_identification:_identify(src) by extension 'cmake'
[0.136s] Level 1:colcon.colcon_core.package_identification:_identify(src) by extension 'python'
[0.136s] Level 1:colcon.colcon_core.package_identification:_identify(src) by extensions ['python_setup_py']
[0.136s] Level 1:colcon.colcon_core.package_identification:_identify(src) by extension 'python_setup_py'
[0.136s] Level 1:colcon.colcon_core.package_identification:_identify(src/dynamixel-workbench) by extensions ['ignore', 'ignore_ament_install']
[0.136s] Level 1:colcon.colcon_core.package_identification:_identify(src/dynamixel-workbench) by extension 'ignore'
[0.136s] Level 1:colcon.colcon_core.package_identification:_identify(src/dynamixel-workbench) by extension 'ignore_ament_install'
[0.136s] Level 1:colcon.colcon_core.package_identification:_identify(src/dynamixel-workbench) by extensions ['colcon_pkg']
[0.136s] Level 1:colcon.colcon_core.package_identification:_identify(src/dynamixel-workbench) by extension 'colcon_pkg'
[0.136s] Level 1:colcon.colcon_core.package_identification:_identify(src/dynamixel-workbench) by extensions ['colcon_meta']
[0.136s] Level 1:colcon.colcon_core.package_identification:_identify(src/dynamixel-workbench) by extension 'colcon_meta'
[0.136s] Level 1:colcon.colcon_core.package_identification:_identify(src/dynamixel-workbench) by extensions ['ros']
[0.136s] Level 1:colcon.colcon_core.package_identification:_identify(src/dynamixel-workbench) by extension 'ros'
[0.136s] Level 1:colcon.colcon_core.package_identification:_identify(src/dynamixel-workbench) by extensions ['cmake', 'python']
[0.136s] Level 1:colcon.colcon_core.package_identification:_identify(src/dynamixel-workbench) by extension 'cmake'
[0.136s] Level 1:colcon.colcon_core.package_identification:_identify(src/dynamixel-workbench) by extension 'python'
[0.136s] Level 1:colcon.colcon_core.package_identification:_identify(src/dynamixel-workbench) by extensions ['python_setup_py']
[0.136s] Level 1:colcon.colcon_core.package_identification:_identify(src/dynamixel-workbench) by extension 'python_setup_py'
[0.136s] Level 1:colcon.colcon_core.package_identification:_identify(src/dynamixel-workbench/dynamixel_workbench) by extensions ['ignore', 'ignore_ament_install']
[0.136s] Level 1:colcon.colcon_core.package_identification:_identify(src/dynamixel-workbench/dynamixel_workbench) by extension 'ignore'
[0.136s] Level 1:colcon.colcon_core.package_identification:_identify(src/dynamixel-workbench/dynamixel_workbench) by extension 'ignore_ament_install'
[0.136s] Level 1:colcon.colcon_core.package_identification:_identify(src/dynamixel-workbench/dynamixel_workbench) by extensions ['colcon_pkg']
[0.136s] Level 1:colcon.colcon_core.package_identification:_identify(src/dynamixel-workbench/dynamixel_workbench) by extension 'colcon_pkg'
[0.136s] Level 1:colcon.colcon_core.package_identification:_identify(src/dynamixel-workbench/dynamixel_workbench) by extensions ['colcon_meta']
[0.136s] Level 1:colcon.colcon_core.package_identification:_identify(src/dynamixel-workbench/dynamixel_workbench) by extension 'colcon_meta'
[0.137s] Level 1:colcon.colcon_core.package_identification:_identify(src/dynamixel-workbench/dynamixel_workbench) by extensions ['ros']
[0.137s] Level 1:colcon.colcon_core.package_identification:_identify(src/dynamixel-workbench/dynamixel_workbench) by extension 'ros'
[0.138s] DEBUG:colcon.colcon_core.package_identification:Package 'src/dynamixel-workbench/dynamixel_workbench' with type 'ros.ament_cmake' and name 'dynamixel_workbench'
[0.138s] Level 1:colcon.colcon_core.package_identification:_identify(src/dynamixel-workbench/dynamixel_workbench_toolbox) by extensions ['ignore', 'ignore_ament_install']
[0.138s] Level 1:colcon.colcon_core.package_identification:_identify(src/dynamixel-workbench/dynamixel_workbench_toolbox) by extension 'ignore'
[0.138s] Level 1:colcon.colcon_core.package_identification:_identify(src/dynamixel-workbench/dynamixel_workbench_toolbox) by extension 'ignore_ament_install'
[0.138s] Level 1:colcon.colcon_core.package_identification:_identify(src/dynamixel-workbench/dynamixel_workbench_toolbox) by extensions ['colcon_pkg']
[0.138s] Level 1:colcon.colcon_core.package_identification:_identify(src/dynamixel-workbench/dynamixel_workbench_toolbox) by extension 'colcon_pkg'
[0.138s] Level 1:colcon.colcon_core.package_identification:_identify(src/dynamixel-workbench/dynamixel_workbench_toolbox) by extensions ['colcon_meta']
[0.138s] Level 1:colcon.colcon_core.package_identification:_identify(src/dynamixel-workbench/dynamixel_workbench_toolbox) by extension 'colcon_meta'
[0.138s] Level 1:colcon.colcon_core.package_identification:_identify(src/dynamixel-workbench/dynamixel_workbench_toolbox) by extensions ['ros']
[0.138s] Level 1:colcon.colcon_core.package_identification:_identify(src/dynamixel-workbench/dynamixel_workbench_toolbox) by extension 'ros'
[0.138s] DEBUG:colcon.colcon_core.package_identification:Package 'src/dynamixel-workbench/dynamixel_workbench_toolbox' with type 'ros.ament_cmake' and name 'dynamixel_workbench_toolbox'
[0.139s] Level 1:colcon.colcon_core.package_identification:_identify(src/dynamixel-workbench-msgs) by extensions ['ignore', 'ignore_ament_install']
[0.139s] Level 1:colcon.colcon_core.package_identification:_identify(src/dynamixel-workbench-msgs) by extension 'ignore'
[0.139s] Level 1:colcon.colcon_core.package_identification:_identify(src/dynamixel-workbench-msgs) by extension 'ignore_ament_install'
[0.139s] Level 1:colcon.colcon_core.package_identification:_identify(src/dynamixel-workbench-msgs) by extensions ['colcon_pkg']
[0.139s] Level 1:colcon.colcon_core.package_identification:_identify(src/dynamixel-workbench-msgs) by extension 'colcon_pkg'
[0.139s] Level 1:colcon.colcon_core.package_identification:_identify(src/dynamixel-workbench-msgs) by extensions ['colcon_meta']
[0.139s] Level 1:colcon.colcon_core.package_identification:_identify(src/dynamixel-workbench-msgs) by extension 'colcon_meta'
[0.139s] Level 1:colcon.colcon_core.package_identification:_identify(src/dynamixel-workbench-msgs) by extensions ['ros']
[0.139s] Level 1:colcon.colcon_core.package_identification:_identify(src/dynamixel-workbench-msgs) by extension 'ros'
[0.139s] Level 1:colcon.colcon_core.package_identification:_identify(src/dynamixel-workbench-msgs) by extensions ['cmake', 'python']
[0.139s] Level 1:colcon.colcon_core.package_identification:_identify(src/dynamixel-workbench-msgs) by extension 'cmake'
[0.139s] Level 1:colcon.colcon_core.package_identification:_identify(src/dynamixel-workbench-msgs) by extension 'python'
[0.139s] Level 1:colcon.colcon_core.package_identification:_identify(src/dynamixel-workbench-msgs) by extensions ['python_setup_py']
[0.139s] Level 1:colcon.colcon_core.package_identification:_identify(src/dynamixel-workbench-msgs) by extension 'python_setup_py'
[0.139s] Level 1:colcon.colcon_core.package_identification:_identify(src/dynamixel-workbench-msgs/dynamixel_workbench_msgs) by extensions ['ignore', 'ignore_ament_install']
[0.139s] Level 1:colcon.colcon_core.package_identification:_identify(src/dynamixel-workbench-msgs/dynamixel_workbench_msgs) by extension 'ignore'
[0.139s] Level 1:colcon.colcon_core.package_identification:_identify(src/dynamixel-workbench-msgs/dynamixel_workbench_msgs) by extension 'ignore_ament_install'
[0.139s] Level 1:colcon.colcon_core.package_identification:_identify(src/dynamixel-workbench-msgs/dynamixel_workbench_msgs) by extensions ['colcon_pkg']
[0.139s] Level 1:colcon.colcon_core.package_identification:_identify(src/dynamixel-workbench-msgs/dynamixel_workbench_msgs) by extension 'colcon_pkg'
[0.139s] Level 1:colcon.colcon_core.package_identification:_identify(src/dynamixel-workbench-msgs/dynamixel_workbench_msgs) by extensions ['colcon_meta']
[0.139s] Level 1:colcon.colcon_core.package_identification:_identify(src/dynamixel-workbench-msgs/dynamixel_workbench_msgs) by extension 'colcon_meta'
[0.139s] Level 1:colcon.colcon_core.package_identification:_identify(src/dynamixel-workbench-msgs/dynamixel_workbench_msgs) by extensions ['ros']
[0.139s] Level 1:colcon.colcon_core.package_identification:_identify(src/dynamixel-workbench-msgs/dynamixel_workbench_msgs) by extension 'ros'
[0.139s] DEBUG:colcon.colcon_core.package_identification:Package 'src/dynamixel-workbench-msgs/dynamixel_workbench_msgs' with type 'ros.ament_cmake' and name 'dynamixel_workbench_msgs'
[0.139s] Level 1:colcon.colcon_core.package_identification:_identify(src/dynamixel_hardware) by extensions ['ignore', 'ignore_ament_install']
[0.139s] Level 1:colcon.colcon_core.package_identification:_identify(src/dynamixel_hardware) by extension 'ignore'
[0.140s] Level 1:colcon.colcon_core.package_identification:_identify(src/dynamixel_hardware) by extension 'ignore_ament_install'
[0.140s] Level 1:colcon.colcon_core.package_identification:_identify(src/dynamixel_hardware) by extensions ['colcon_pkg']
[0.140s] Level 1:colcon.colcon_core.package_identification:_identify(src/dynamixel_hardware) by extension 'colcon_pkg'
[0.140s] Level 1:colcon.colcon_core.package_identification:_identify(src/dynamixel_hardware) by extensions ['colcon_meta']
[0.140s] Level 1:colcon.colcon_core.package_identification:_identify(src/dynamixel_hardware) by extension 'colcon_meta'
[0.140s] Level 1:colcon.colcon_core.package_identification:_identify(src/dynamixel_hardware) by extensions ['ros']
[0.140s] Level 1:colcon.colcon_core.package_identification:_identify(src/dynamixel_hardware) by extension 'ros'
[0.140s] Level 1:colcon.colcon_core.package_identification:_identify(src/dynamixel_hardware) by extensions ['cmake', 'python']
[0.140s] Level 1:colcon.colcon_core.package_identification:_identify(src/dynamixel_hardware) by extension 'cmake'
[0.140s] Level 1:colcon.colcon_core.package_identification:_identify(src/dynamixel_hardware) by extension 'python'
[0.140s] Level 1:colcon.colcon_core.package_identification:_identify(src/dynamixel_hardware) by extensions ['python_setup_py']
[0.140s] Level 1:colcon.colcon_core.package_identification:_identify(src/dynamixel_hardware) by extension 'python_setup_py'
[0.140s] Level 1:colcon.colcon_core.package_identification:_identify(src/dynamixel_hardware/dynamixel_hardware) by extensions ['ignore', 'ignore_ament_install']
[0.140s] Level 1:colcon.colcon_core.package_identification:_identify(src/dynamixel_hardware/dynamixel_hardware) by extension 'ignore'
[0.140s] Level 1:colcon.colcon_core.package_identification:_identify(src/dynamixel_hardware/dynamixel_hardware) by extension 'ignore_ament_install'
[0.140s] Level 1:colcon.colcon_core.package_identification:_identify(src/dynamixel_hardware/dynamixel_hardware) by extensions ['colcon_pkg']
[0.140s] Level 1:colcon.colcon_core.package_identification:_identify(src/dynamixel_hardware/dynamixel_hardware) by extension 'colcon_pkg'
[0.140s] Level 1:colcon.colcon_core.package_identification:_identify(src/dynamixel_hardware/dynamixel_hardware) by extensions ['colcon_meta']
[0.140s] Level 1:colcon.colcon_core.package_identification:_identify(src/dynamixel_hardware/dynamixel_hardware) by extension 'colcon_meta'
[0.140s] Level 1:colcon.colcon_core.package_identification:_identify(src/dynamixel_hardware/dynamixel_hardware) by extensions ['ros']
[0.140s] Level 1:colcon.colcon_core.package_identification:_identify(src/dynamixel_hardware/dynamixel_hardware) by extension 'ros'
[0.140s] DEBUG:colcon.colcon_core.package_identification:Package 'src/dynamixel_hardware/dynamixel_hardware' with type 'ros.ament_cmake' and name 'dynamixel_hardware'
[0.140s] Level 1:colcon.colcon_core.package_identification:_identify(src/dynamixel_hardware/open_manipulator_x_description) by extensions ['ignore', 'ignore_ament_install']
[0.140s] Level 1:colcon.colcon_core.package_identification:_identify(src/dynamixel_hardware/open_manipulator_x_description) by extension 'ignore'
[0.140s] Level 1:colcon.colcon_core.package_identification:_identify(src/dynamixel_hardware/open_manipulator_x_description) by extension 'ignore_ament_install'
[0.140s] Level 1:colcon.colcon_core.package_identification:_identify(src/dynamixel_hardware/open_manipulator_x_description) by extensions ['colcon_pkg']
[0.141s] Level 1:colcon.colcon_core.package_identification:_identify(src/dynamixel_hardware/open_manipulator_x_description) by extension 'colcon_pkg'
[0.141s] Level 1:colcon.colcon_core.package_identification:_identify(src/dynamixel_hardware/open_manipulator_x_description) by extensions ['colcon_meta']
[0.141s] Level 1:colcon.colcon_core.package_identification:_identify(src/dynamixel_hardware/open_manipulator_x_description) by extension 'colcon_meta'
[0.141s] Level 1:colcon.colcon_core.package_identification:_identify(src/dynamixel_hardware/open_manipulator_x_description) by extensions ['ros']
[0.141s] Level 1:colcon.colcon_core.package_identification:_identify(src/dynamixel_hardware/open_manipulator_x_description) by extension 'ros'
[0.141s] DEBUG:colcon.colcon_core.package_identification:Package 'src/dynamixel_hardware/open_manipulator_x_description' with type 'ros.ament_cmake' and name 'open_manipulator_x_description'
[0.141s] Level 1:colcon.colcon_core.package_identification:_identify(src/dynamixel_hardware/pantilt_bot_description) by extensions ['ignore', 'ignore_ament_install']
[0.141s] Level 1:colcon.colcon_core.package_identification:_identify(src/dynamixel_hardware/pantilt_bot_description) by extension 'ignore'
[0.141s] Level 1:colcon.colcon_core.package_identification:_identify(src/dynamixel_hardware/pantilt_bot_description) by extension 'ignore_ament_install'
[0.141s] Level 1:colcon.colcon_core.package_identification:_identify(src/dynamixel_hardware/pantilt_bot_description) by extensions ['colcon_pkg']
[0.141s] Level 1:colcon.colcon_core.package_identification:_identify(src/dynamixel_hardware/pantilt_bot_description) by extension 'colcon_pkg'
[0.141s] Level 1:colcon.colcon_core.package_identification:_identify(src/dynamixel_hardware/pantilt_bot_description) by extensions ['colcon_meta']
[0.141s] Level 1:colcon.colcon_core.package_identification:_identify(src/dynamixel_hardware/pantilt_bot_description) by extension 'colcon_meta'
[0.141s] Level 1:colcon.colcon_core.package_identification:_identify(src/dynamixel_hardware/pantilt_bot_description) by extensions ['ros']
[0.141s] Level 1:colcon.colcon_core.package_identification:_identify(src/dynamixel_hardware/pantilt_bot_description) by extension 'ros'
[0.142s] DEBUG:colcon.colcon_core.package_identification:Package 'src/dynamixel_hardware/pantilt_bot_description' with type 'ros.ament_cmake' and name 'pantilt_bot_description'
[0.142s] Level 1:colcon.colcon_core.package_identification:_identify(src/small_arm_prac) by extensions ['ignore', 'ignore_ament_install']
[0.142s] Level 1:colcon.colcon_core.package_identification:_identify(src/small_arm_prac) by extension 'ignore'
[0.142s] Level 1:colcon.colcon_core.package_identification:_identify(src/small_arm_prac) by extension 'ignore_ament_install'
[0.142s] Level 1:colcon.colcon_core.package_identification:_identify(src/small_arm_prac) by extensions ['colcon_pkg']
[0.142s] Level 1:colcon.colcon_core.package_identification:_identify(src/small_arm_prac) by extension 'colcon_pkg'
[0.142s] Level 1:colcon.colcon_core.package_identification:_identify(src/small_arm_prac) by extensions ['colcon_meta']
[0.142s] Level 1:colcon.colcon_core.package_identification:_identify(src/small_arm_prac) by extension 'colcon_meta'
[0.142s] Level 1:colcon.colcon_core.package_identification:_identify(src/small_arm_prac) by extensions ['ros']
[0.142s] Level 1:colcon.colcon_core.package_identification:_identify(src/small_arm_prac) by extension 'ros'
[0.143s] DEBUG:colcon.colcon_core.package_identification:Package 'src/small_arm_prac' with type 'ros.ament_cmake' and name 'small_arm_prac'
[0.143s] Level 1:colcon.colcon_core.package_discovery:discover_packages(recursive) using defaults
[0.143s] Level 1:colcon.colcon_core.package_discovery:discover_packages(ignore) discover
[0.143s] Level 1:colcon.colcon_core.package_discovery:discover_packages(ignore) using defaults
[0.143s] Level 1:colcon.colcon_core.package_discovery:discover_packages(path) discover
[0.143s] Level 1:colcon.colcon_core.package_discovery:discover_packages(path) using defaults
[0.159s] Level 5:colcon.colcon_core.verb:set package 'dynamixel_workbench_msgs' build argument 'cmake_args' from command line to 'None'
[0.159s] Level 5:colcon.colcon_core.verb:set package 'dynamixel_workbench_msgs' build argument 'cmake_target' from command line to 'None'
[0.159s] Level 5:colcon.colcon_core.verb:set package 'dynamixel_workbench_msgs' build argument 'cmake_target_skip_unavailable' from command line to 'False'
[0.159s] Level 5:colcon.colcon_core.verb:set package 'dynamixel_workbench_msgs' build argument 'cmake_clean_cache' from command line to 'False'
[0.159s] Level 5:colcon.colcon_core.verb:set package 'dynamixel_workbench_msgs' build argument 'cmake_clean_first' from command line to 'False'
[0.159s] Level 5:colcon.colcon_core.verb:set package 'dynamixel_workbench_msgs' build argument 'cmake_force_configure' from command line to 'False'
[0.159s] Level 5:colcon.colcon_core.verb:set package 'dynamixel_workbench_msgs' build argument 'ament_cmake_args' from command line to 'None'
[0.159s] Level 5:colcon.colcon_core.verb:set package 'dynamixel_workbench_msgs' build argument 'catkin_cmake_args' from command line to 'None'
[0.159s] Level 5:colcon.colcon_core.verb:set package 'dynamixel_workbench_msgs' build argument 'catkin_skip_building_tests' from command line to 'False'
[0.159s] DEBUG:colcon.colcon_core.verb:Building package 'dynamixel_workbench_msgs' with the following arguments: {'ament_cmake_args': None, 'build_base': '/work/prac_ws/build/dynamixel_workbench_msgs', 'catkin_cmake_args': None, 'catkin_skip_building_tests': False, 'cmake_args': None, 'cmake_clean_cache': False, 'cmake_clean_first': False, 'cmake_force_configure': False, 'cmake_target': None, 'cmake_target_skip_unavailable': False, 'install_base': '/work/prac_ws/install/dynamixel_workbench_msgs', 'merge_install': False, 'path': '/work/prac_ws/src/dynamixel-workbench-msgs/dynamixel_workbench_msgs', 'symlink_install': False, 'test_result_base': None}
[0.160s] Level 5:colcon.colcon_core.verb:set package 'dynamixel_workbench_toolbox' build argument 'cmake_args' from command line to 'None'
[0.160s] Level 5:colcon.colcon_core.verb:set package 'dynamixel_workbench_toolbox' build argument 'cmake_target' from command line to 'None'
[0.160s] Level 5:colcon.colcon_core.verb:set package 'dynamixel_workbench_toolbox' build argument 'cmake_target_skip_unavailable' from command line to 'False'
[0.160s] Level 5:colcon.colcon_core.verb:set package 'dynamixel_workbench_toolbox' build argument 'cmake_clean_cache' from command line to 'False'
[0.160s] Level 5:colcon.colcon_core.verb:set package 'dynamixel_workbench_toolbox' build argument 'cmake_clean_first' from command line to 'False'
[0.160s] Level 5:colcon.colcon_core.verb:set package 'dynamixel_workbench_toolbox' build argument 'cmake_force_configure' from command line to 'False'
[0.160s] Level 5:colcon.colcon_core.verb:set package 'dynamixel_workbench_toolbox' build argument 'ament_cmake_args' from command line to 'None'
[0.160s] Level 5:colcon.colcon_core.verb:set package 'dynamixel_workbench_toolbox' build argument 'catkin_cmake_args' from command line to 'None'
[0.160s] Level 5:colcon.colcon_core.verb:set package 'dynamixel_workbench_toolbox' build argument 'catkin_skip_building_tests' from command line to 'False'
[0.160s] DEBUG:colcon.colcon_core.verb:Building package 'dynamixel_workbench_toolbox' with the following arguments: {'ament_cmake_args': None, 'build_base': '/work/prac_ws/build/dynamixel_workbench_toolbox', 'catkin_cmake_args': None, 'catkin_skip_building_tests': False, 'cmake_args': None, 'cmake_clean_cache': False, 'cmake_clean_first': False, 'cmake_force_configure': False, 'cmake_target': None, 'cmake_target_skip_unavailable': False, 'install_base': '/work/prac_ws/install/dynamixel_workbench_toolbox', 'merge_install': False, 'path': '/work/prac_ws/src/dynamixel-workbench/dynamixel_workbench_toolbox', 'symlink_install': False, 'test_result_base': None}
[0.160s] Level 5:colcon.colcon_core.verb:set package 'dynamixel_hardware' build argument 'cmake_args' from command line to 'None'
[0.160s] Level 5:colcon.colcon_core.verb:set package 'dynamixel_hardware' build argument 'cmake_target' from command line to 'None'
[0.160s] Level 5:colcon.colcon_core.verb:set package 'dynamixel_hardware' build argument 'cmake_target_skip_unavailable' from command line to 'False'
[0.160s] Level 5:colcon.colcon_core.verb:set package 'dynamixel_hardware' build argument 'cmake_clean_cache' from command line to 'False'
[0.160s] Level 5:colcon.colcon_core.verb:set package 'dynamixel_hardware' build argument 'cmake_clean_first' from command line to 'False'
[0.160s] Level 5:colcon.colcon_core.verb:set package 'dynamixel_hardware' build argument 'cmake_force_configure' from command line to 'False'
[0.160s] Level 5:colcon.colcon_core.verb:set package 'dynamixel_hardware' build argument 'ament_cmake_args' from command line to 'None'
[0.160s] Level 5:colcon.colcon_core.verb:set package 'dynamixel_hardware' build argument 'catkin_cmake_args' from command line to 'None'
[0.160s] Level 5:colcon.colcon_core.verb:set package 'dynamixel_hardware' build argument 'catkin_skip_building_tests' from command line to 'False'
[0.160s] DEBUG:colcon.colcon_core.verb:Building package 'dynamixel_hardware' with the following arguments: {'ament_cmake_args': None, 'build_base': '/work/prac_ws/build/dynamixel_hardware', 'catkin_cmake_args': None, 'catkin_skip_building_tests': False, 'cmake_args': None, 'cmake_clean_cache': False, 'cmake_clean_first': False, 'cmake_force_configure': False, 'cmake_target': None, 'cmake_target_skip_unavailable': False, 'install_base': '/work/prac_ws/install/dynamixel_hardware', 'merge_install': False, 'path': '/work/prac_ws/src/dynamixel_hardware/dynamixel_hardware', 'symlink_install': False, 'test_result_base': None}
[0.160s] Level 5:colcon.colcon_core.verb:set package 'dynamixel_workbench' build argument 'cmake_args' from command line to 'None'
[0.160s] Level 5:colcon.colcon_core.verb:set package 'dynamixel_workbench' build argument 'cmake_target' from command line to 'None'
[0.160s] Level 5:colcon.colcon_core.verb:set package 'dynamixel_workbench' build argument 'cmake_target_skip_unavailable' from command line to 'False'
[0.160s] Level 5:colcon.colcon_core.verb:set package 'dynamixel_workbench' build argument 'cmake_clean_cache' from command line to 'False'
[0.160s] Level 5:colcon.colcon_core.verb:set package 'dynamixel_workbench' build argument 'cmake_clean_first' from command line to 'False'
[0.160s] Level 5:colcon.colcon_core.verb:set package 'dynamixel_workbench' build argument 'cmake_force_configure' from command line to 'False'
[0.160s] Level 5:colcon.colcon_core.verb:set package 'dynamixel_workbench' build argument 'ament_cmake_args' from command line to 'None'
[0.160s] Level 5:colcon.colcon_core.verb:set package 'dynamixel_workbench' build argument 'catkin_cmake_args' from command line to 'None'
[0.160s] Level 5:colcon.colcon_core.verb:set package 'dynamixel_workbench' build argument 'catkin_skip_building_tests' from command line to 'False'
[0.160s] DEBUG:colcon.colcon_core.verb:Building package 'dynamixel_workbench' with the following arguments: {'ament_cmake_args': None, 'build_base': '/work/prac_ws/build/dynamixel_workbench', 'catkin_cmake_args': None, 'catkin_skip_building_tests': False, 'cmake_args': None, 'cmake_clean_cache': False, 'cmake_clean_first': False, 'cmake_force_configure': False, 'cmake_target': None, 'cmake_target_skip_unavailable': False, 'install_base': '/work/prac_ws/install/dynamixel_workbench', 'merge_install': False, 'path': '/work/prac_ws/src/dynamixel-workbench/dynamixel_workbench', 'symlink_install': False, 'test_result_base': None}
[0.161s] Level 5:colcon.colcon_core.verb:set package 'open_manipulator_x_description' build argument 'cmake_args' from command line to 'None'
[0.161s] Level 5:colcon.colcon_core.verb:set package 'open_manipulator_x_description' build argument 'cmake_target' from command line to 'None'
[0.161s] Level 5:colcon.colcon_core.verb:set package 'open_manipulator_x_description' build argument 'cmake_target_skip_unavailable' from command line to 'False'
[0.161s] Level 5:colcon.colcon_core.verb:set package 'open_manipulator_x_description' build argument 'cmake_clean_cache' from command line to 'False'
[0.161s] Level 5:colcon.colcon_core.verb:set package 'open_manipulator_x_description' build argument 'cmake_clean_first' from command line to 'False'
[0.161s] Level 5:colcon.colcon_core.verb:set package 'open_manipulator_x_description' build argument 'cmake_force_configure' from command line to 'False'
[0.161s] Level 5:colcon.colcon_core.verb:set package 'open_manipulator_x_description' build argument 'ament_cmake_args' from command line to 'None'
[0.161s] Level 5:colcon.colcon_core.verb:set package 'open_manipulator_x_description' build argument 'catkin_cmake_args' from command line to 'None'
[0.161s] Level 5:colcon.colcon_core.verb:set package 'open_manipulator_x_description' build argument 'catkin_skip_building_tests' from command line to 'False'
[0.161s] DEBUG:colcon.colcon_core.verb:Building package 'open_manipulator_x_description' with the following arguments: {'ament_cmake_args': None, 'build_base': '/work/prac_ws/build/open_manipulator_x_description', 'catkin_cmake_args': None, 'catkin_skip_building_tests': False, 'cmake_args': None, 'cmake_clean_cache': False, 'cmake_clean_first': False, 'cmake_force_configure': False, 'cmake_target': None, 'cmake_target_skip_unavailable': False, 'install_base': '/work/prac_ws/install/open_manipulator_x_description', 'merge_install': False, 'path': '/work/prac_ws/src/dynamixel_hardware/open_manipulator_x_description', 'symlink_install': False, 'test_result_base': None}
[0.161s] Level 5:colcon.colcon_core.verb:set package 'pantilt_bot_description' build argument 'cmake_args' from command line to 'None'
[0.161s] Level 5:colcon.colcon_core.verb:set package 'pantilt_bot_description' build argument 'cmake_target' from command line to 'None'
[0.161s] Level 5:colcon.colcon_core.verb:set package 'pantilt_bot_description' build argument 'cmake_target_skip_unavailable' from command line to 'False'
[0.161s] Level 5:colcon.colcon_core.verb:set package 'pantilt_bot_description' build argument 'cmake_clean_cache' from command line to 'False'
[0.161s] Level 5:colcon.colcon_core.verb:set package 'pantilt_bot_description' build argument 'cmake_clean_first' from command line to 'False'
[0.161s] Level 5:colcon.colcon_core.verb:set package 'pantilt_bot_description' build argument 'cmake_force_configure' from command line to 'False'
[0.161s] Level 5:colcon.colcon_core.verb:set package 'pantilt_bot_description' build argument 'ament_cmake_args' from command line to 'None'
[0.161s] Level 5:colcon.colcon_core.verb:set package 'pantilt_bot_description' build argument 'catkin_cmake_args' from command line to 'None'
[0.161s] Level 5:colcon.colcon_core.verb:set package 'pantilt_bot_description' build argument 'catkin_skip_building_tests' from command line to 'False'
[0.161s] DEBUG:colcon.colcon_core.verb:Building package 'pantilt_bot_description' with the following arguments: {'ament_cmake_args': None, 'build_base': '/work/prac_ws/build/pantilt_bot_description', 'catkin_cmake_args': None, 'catkin_skip_building_tests': False, 'cmake_args': None, 'cmake_clean_cache': False, 'cmake_clean_first': False, 'cmake_force_configure': False, 'cmake_target': None, 'cmake_target_skip_unavailable': False, 'install_base': '/work/prac_ws/install/pantilt_bot_description', 'merge_install': False, 'path': '/work/prac_ws/src/dynamixel_hardware/pantilt_bot_description', 'symlink_install': False, 'test_result_base': None}
[0.161s] Level 5:colcon.colcon_core.verb:set package 'small_arm_prac' build argument 'cmake_args' from command line to 'None'
[0.161s] Level 5:colcon.colcon_core.verb:set package 'small_arm_prac' build argument 'cmake_target' from command line to 'None'
[0.161s] Level 5:colcon.colcon_core.verb:set package 'small_arm_prac' build argument 'cmake_target_skip_unavailable' from command line to 'False'
[0.161s] Level 5:colcon.colcon_core.verb:set package 'small_arm_prac' build argument 'cmake_clean_cache' from command line to 'False'
[0.161s] Level 5:colcon.colcon_core.verb:set package 'small_arm_prac' build argument 'cmake_clean_first' from command line to 'False'
[0.161s] Level 5:colcon.colcon_core.verb:set package 'small_arm_prac' build argument 'cmake_force_configure' from command line to 'False'
[0.161s] Level 5:colcon.colcon_core.verb:set package 'small_arm_prac' build argument 'ament_cmake_args' from command line to 'None'
[0.161s] Level 5:colcon.colcon_core.verb:set package 'small_arm_prac' build argument 'catkin_cmake_args' from command line to 'None'
[0.161s] Level 5:colcon.colcon_core.verb:set package 'small_arm_prac' build argument 'catkin_skip_building_tests' from command line to 'False'
[0.161s] DEBUG:colcon.colcon_core.verb:Building package 'small_arm_prac' with the following arguments: {'ament_cmake_args': None, 'build_base': '/work/prac_ws/build/small_arm_prac', 'catkin_cmake_args': None, 'catkin_skip_building_tests': False, 'cmake_args': None, 'cmake_clean_cache': False, 'cmake_clean_first': False, 'cmake_force_configure': False, 'cmake_target': None, 'cmake_target_skip_unavailable': False, 'install_base': '/work/prac_ws/install/small_arm_prac', 'merge_install': False, 'path': '/work/prac_ws/src/small_arm_prac', 'symlink_install': False, 'test_result_base': None}
[0.161s] INFO:colcon.colcon_core.executor:Executing jobs using 'parallel' executor
[0.162s] DEBUG:colcon.colcon_parallel_executor.executor.parallel:run_until_complete
[0.162s] INFO:colcon.colcon_ros.task.ament_cmake.build:Building ROS package in '/work/prac_ws/src/dynamixel-workbench/dynamixel_workbench_toolbox' with build type 'ament_cmake'
[0.162s] INFO:colcon.colcon_cmake.task.cmake.build:Building CMake package in '/work/prac_ws/src/dynamixel-workbench/dynamixel_workbench_toolbox'
[0.163s] INFO:colcon.colcon_core.plugin_system:Skipping extension 'colcon_core.shell.bat': Not used on non-Windows systems
[0.163s] INFO:colcon.colcon_core.shell:Skip shell extension 'powershell' for command environment: Not usable outside of PowerShell
[0.164s] DEBUG:colcon.colcon_core.shell:Skip shell extension 'dsv' for command environment
[0.167s] INFO:colcon.colcon_ros.task.ament_cmake.build:Building ROS package in '/work/prac_ws/src/dynamixel-workbench-msgs/dynamixel_workbench_msgs' with build type 'ament_cmake'
[0.167s] INFO:colcon.colcon_cmake.task.cmake.build:Building CMake package in '/work/prac_ws/src/dynamixel-workbench-msgs/dynamixel_workbench_msgs'
[0.167s] INFO:colcon.colcon_core.shell:Skip shell extension 'powershell' for command environment: Not usable outside of PowerShell
[0.167s] DEBUG:colcon.colcon_core.shell:Skip shell extension 'dsv' for command environment
[0.172s] DEBUG:colcon.colcon_core.event_handler.log_command:Invoking command in '/work/prac_ws/build/dynamixel_workbench_toolbox': CMAKE_PREFIX_PATH=${CMAKE_PREFIX_PATH}:/opt/ros/humble /usr/bin/cmake --build /work/prac_ws/build/dynamixel_workbench_toolbox -- -j20 -l20
[0.174s] DEBUG:colcon.colcon_core.event_handler.log_command:Invoking command in '/work/prac_ws/build/dynamixel_workbench_msgs': CMAKE_PREFIX_PATH=${CMAKE_PREFIX_PATH}:/opt/ros/humble /usr/bin/cmake --build /work/prac_ws/build/dynamixel_workbench_msgs -- -j20 -l20
[0.223s] DEBUG:colcon.colcon_core.event_handler.log_command:Invoked command in '/work/prac_ws/build/dynamixel_workbench_toolbox' returned '0': CMAKE_PREFIX_PATH=${CMAKE_PREFIX_PATH}:/opt/ros/humble /usr/bin/cmake --build /work/prac_ws/build/dynamixel_workbench_toolbox -- -j20 -l20
[0.239s] DEBUG:colcon.colcon_core.event_handler.log_command:Invoking command in '/work/prac_ws/build/dynamixel_workbench_toolbox': CMAKE_PREFIX_PATH=${CMAKE_PREFIX_PATH}:/opt/ros/humble /usr/bin/cmake --install /work/prac_ws/build/dynamixel_workbench_toolbox
[0.250s] Level 1:colcon.colcon_core.environment:create_environment_scripts_only(dynamixel_workbench_toolbox)
[0.253s] DEBUG:colcon.colcon_core.event_handler.log_command:Invoked command in '/work/prac_ws/build/dynamixel_workbench_toolbox' returned '0': CMAKE_PREFIX_PATH=${CMAKE_PREFIX_PATH}:/opt/ros/humble /usr/bin/cmake --install /work/prac_ws/build/dynamixel_workbench_toolbox
[0.257s] Level 1:colcon.colcon_core.environment:checking '/work/prac_ws/install/dynamixel_workbench_toolbox' for CMake module files
[0.258s] Level 1:colcon.colcon_core.environment:checking '/work/prac_ws/install/dynamixel_workbench_toolbox' for CMake config files
[0.258s] Level 1:colcon.colcon_core.shell:create_environment_hook('dynamixel_workbench_toolbox', 'cmake_prefix_path')
[0.258s] INFO:colcon.colcon_core.shell:Creating environment hook '/work/prac_ws/install/dynamixel_workbench_toolbox/share/dynamixel_workbench_toolbox/hook/cmake_prefix_path.ps1'
[0.259s] INFO:colcon.colcon_core.shell:Creating environment descriptor '/work/prac_ws/install/dynamixel_workbench_toolbox/share/dynamixel_workbench_toolbox/hook/cmake_prefix_path.dsv'
[0.260s] INFO:colcon.colcon_core.shell:Creating environment hook '/work/prac_ws/install/dynamixel_workbench_toolbox/share/dynamixel_workbench_toolbox/hook/cmake_prefix_path.sh'
[0.260s] Level 1:colcon.colcon_core.environment:checking '/work/prac_ws/install/dynamixel_workbench_toolbox/lib'
[0.261s] Level 1:colcon.colcon_core.shell:create_environment_hook('dynamixel_workbench_toolbox', 'ld_library_path_lib')
[0.261s] INFO:colcon.colcon_core.shell:Creating environment hook '/work/prac_ws/install/dynamixel_workbench_toolbox/share/dynamixel_workbench_toolbox/hook/ld_library_path_lib.ps1'
[0.261s] INFO:colcon.colcon_core.shell:Creating environment descriptor '/work/prac_ws/install/dynamixel_workbench_toolbox/share/dynamixel_workbench_toolbox/hook/ld_library_path_lib.dsv'
[0.262s] INFO:colcon.colcon_core.shell:Creating environment hook '/work/prac_ws/install/dynamixel_workbench_toolbox/share/dynamixel_workbench_toolbox/hook/ld_library_path_lib.sh'
[0.262s] Level 1:colcon.colcon_core.environment:checking '/work/prac_ws/install/dynamixel_workbench_toolbox/bin'
[0.262s] Level 1:colcon.colcon_core.environment:checking '/work/prac_ws/install/dynamixel_workbench_toolbox/lib/pkgconfig/dynamixel_workbench_toolbox.pc'
[0.263s] Level 1:colcon.colcon_core.environment:checking '/work/prac_ws/install/dynamixel_workbench_toolbox/lib/python3.10/site-packages'
[0.264s] Level 1:colcon.colcon_core.environment:checking '/work/prac_ws/install/dynamixel_workbench_toolbox/bin'
[0.264s] INFO:colcon.colcon_core.shell:Creating package script '/work/prac_ws/install/dynamixel_workbench_toolbox/share/dynamixel_workbench_toolbox/package.ps1'
[0.264s] INFO:colcon.colcon_core.shell:Creating package descriptor '/work/prac_ws/install/dynamixel_workbench_toolbox/share/dynamixel_workbench_toolbox/package.dsv'
[0.265s] INFO:colcon.colcon_core.shell:Creating package script '/work/prac_ws/install/dynamixel_workbench_toolbox/share/dynamixel_workbench_toolbox/package.sh'
[0.265s] INFO:colcon.colcon_core.shell:Creating package script '/work/prac_ws/install/dynamixel_workbench_toolbox/share/dynamixel_workbench_toolbox/package.bash'
[0.265s] INFO:colcon.colcon_core.shell:Creating package script '/work/prac_ws/install/dynamixel_workbench_toolbox/share/dynamixel_workbench_toolbox/package.zsh'
[0.266s] Level 1:colcon.colcon_core.environment:create_file_with_runtime_dependencies(/work/prac_ws/install/dynamixel_workbench_toolbox/share/colcon-core/packages/dynamixel_workbench_toolbox)
[0.266s] Level 1:colcon.colcon_core.environment:create_environment_scripts_only(dynamixel_workbench_toolbox)
[0.266s] Level 1:colcon.colcon_core.environment:checking '/work/prac_ws/install/dynamixel_workbench_toolbox' for CMake module files
[0.266s] Level 1:colcon.colcon_core.environment:checking '/work/prac_ws/install/dynamixel_workbench_toolbox' for CMake config files
[0.266s] Level 1:colcon.colcon_core.shell:create_environment_hook('dynamixel_workbench_toolbox', 'cmake_prefix_path')
[0.267s] INFO:colcon.colcon_core.shell:Creating environment hook '/work/prac_ws/install/dynamixel_workbench_toolbox/share/dynamixel_workbench_toolbox/hook/cmake_prefix_path.ps1'
[0.267s] INFO:colcon.colcon_core.shell:Creating environment descriptor '/work/prac_ws/install/dynamixel_workbench_toolbox/share/dynamixel_workbench_toolbox/hook/cmake_prefix_path.dsv'
[0.267s] INFO:colcon.colcon_core.shell:Creating environment hook '/work/prac_ws/install/dynamixel_workbench_toolbox/share/dynamixel_workbench_toolbox/hook/cmake_prefix_path.sh'
[0.267s] Level 1:colcon.colcon_core.environment:checking '/work/prac_ws/install/dynamixel_workbench_toolbox/lib'
[0.267s] Level 1:colcon.colcon_core.shell:create_environment_hook('dynamixel_workbench_toolbox', 'ld_library_path_lib')
[0.267s] INFO:colcon.colcon_core.shell:Creating environment hook '/work/prac_ws/install/dynamixel_workbench_toolbox/share/dynamixel_workbench_toolbox/hook/ld_library_path_lib.ps1'
[0.268s] INFO:colcon.colcon_core.shell:Creating environment descriptor '/work/prac_ws/install/dynamixel_workbench_toolbox/share/dynamixel_workbench_toolbox/hook/ld_library_path_lib.dsv'
[0.268s] INFO:colcon.colcon_core.shell:Creating environment hook '/work/prac_ws/install/dynamixel_workbench_toolbox/share/dynamixel_workbench_toolbox/hook/ld_library_path_lib.sh'
[0.268s] Level 1:colcon.colcon_core.environment:checking '/work/prac_ws/install/dynamixel_workbench_toolbox/bin'
[0.268s] Level 1:colcon.colcon_core.environment:checking '/work/prac_ws/install/dynamixel_workbench_toolbox/lib/pkgconfig/dynamixel_workbench_toolbox.pc'
[0.268s] Level 1:colcon.colcon_core.environment:checking '/work/prac_ws/install/dynamixel_workbench_toolbox/lib/python3.10/site-packages'
[0.268s] Level 1:colcon.colcon_core.environment:checking '/work/prac_ws/install/dynamixel_workbench_toolbox/bin'
[0.268s] INFO:colcon.colcon_core.shell:Creating package script '/work/prac_ws/install/dynamixel_workbench_toolbox/share/dynamixel_workbench_toolbox/package.ps1'
[0.269s] INFO:colcon.colcon_core.shell:Creating package descriptor '/work/prac_ws/install/dynamixel_workbench_toolbox/share/dynamixel_workbench_toolbox/package.dsv'
[0.269s] INFO:colcon.colcon_core.shell:Creating package script '/work/prac_ws/install/dynamixel_workbench_toolbox/share/dynamixel_workbench_toolbox/package.sh'
[0.269s] INFO:colcon.colcon_core.shell:Creating package script '/work/prac_ws/install/dynamixel_workbench_toolbox/share/dynamixel_workbench_toolbox/package.bash'
[0.269s] INFO:colcon.colcon_core.shell:Creating package script '/work/prac_ws/install/dynamixel_workbench_toolbox/share/dynamixel_workbench_toolbox/package.zsh'
[0.270s] Level 1:colcon.colcon_core.environment:create_file_with_runtime_dependencies(/work/prac_ws/install/dynamixel_workbench_toolbox/share/colcon-core/packages/dynamixel_workbench_toolbox)
[0.270s] INFO:colcon.colcon_ros.task.ament_cmake.build:Building ROS package in '/work/prac_ws/src/dynamixel_hardware/dynamixel_hardware' with build type 'ament_cmake'
[0.270s] INFO:colcon.colcon_cmake.task.cmake.build:Building CMake package in '/work/prac_ws/src/dynamixel_hardware/dynamixel_hardware'
[0.270s] INFO:colcon.colcon_core.shell:Skip shell extension 'powershell' for command environment: Not usable outside of PowerShell
[0.270s] DEBUG:colcon.colcon_core.shell:Skip shell extension 'dsv' for command environment
[0.273s] INFO:colcon.colcon_ros.task.ament_cmake.build:Building ROS package in '/work/prac_ws/src/dynamixel-workbench/dynamixel_workbench' with build type 'ament_cmake'
[0.273s] INFO:colcon.colcon_cmake.task.cmake.build:Building CMake package in '/work/prac_ws/src/dynamixel-workbench/dynamixel_workbench'
[0.273s] INFO:colcon.colcon_core.shell:Skip shell extension 'powershell' for command environment: Not usable outside of PowerShell
[0.273s] DEBUG:colcon.colcon_core.shell:Skip shell extension 'dsv' for command environment
[0.279s] DEBUG:colcon.colcon_core.event_handler.log_command:Invoking command in '/work/prac_ws/build/dynamixel_hardware': CMAKE_PREFIX_PATH=/work/prac_ws/install/dynamixel_workbench_toolbox:/work/prac_ws/install/small_arm_prac:/work/prac_ws/install/pantilt_bot_description:/work/prac_ws/install/open_manipulator_x_description:/work/prac_ws/install/dynamixel_workbench:/work/prac_ws/install/dynamixel_hardware:/work/prac_ws/install/dynamixel_workbench_msgs:/opt/ros/humble LD_LIBRARY_PATH=/work/prac_ws/install/dynamixel_workbench_toolbox/lib:/work/prac_ws/install/dynamixel_hardware/lib:/work/prac_ws/install/dynamixel_workbench_msgs/lib:/opt/ros/humble/opt/rviz_ogre_vendor/lib:/opt/ros/humble/lib/x86_64-linux-gnu:/opt/ros/humble/lib /usr/bin/cmake --build /work/prac_ws/build/dynamixel_hardware -- -j20 -l20
[0.281s] DEBUG:colcon.colcon_core.event_handler.log_command:Invoking command in '/work/prac_ws/build/dynamixel_workbench': CMAKE_PREFIX_PATH=/work/prac_ws/install/dynamixel_workbench_toolbox:/work/prac_ws/install/small_arm_prac:/work/prac_ws/install/pantilt_bot_description:/work/prac_ws/install/open_manipulator_x_description:/work/prac_ws/install/dynamixel_workbench:/work/prac_ws/install/dynamixel_hardware:/work/prac_ws/install/dynamixel_workbench_msgs:/opt/ros/humble LD_LIBRARY_PATH=/work/prac_ws/install/dynamixel_workbench_toolbox/lib:/work/prac_ws/install/dynamixel_hardware/lib:/work/prac_ws/install/dynamixel_workbench_msgs/lib:/opt/ros/humble/opt/rviz_ogre_vendor/lib:/opt/ros/humble/lib/x86_64-linux-gnu:/opt/ros/humble/lib /usr/bin/cmake --build /work/prac_ws/build/dynamixel_workbench -- -j20 -l20
[0.310s] DEBUG:colcon.colcon_core.event_handler.log_command:Invoked command in '/work/prac_ws/build/dynamixel_workbench' returned '0': CMAKE_PREFIX_PATH=/work/prac_ws/install/dynamixel_workbench_toolbox:/work/prac_ws/install/small_arm_prac:/work/prac_ws/install/pantilt_bot_description:/work/prac_ws/install/open_manipulator_x_description:/work/prac_ws/install/dynamixel_workbench:/work/prac_ws/install/dynamixel_hardware:/work/prac_ws/install/dynamixel_workbench_msgs:/opt/ros/humble LD_LIBRARY_PATH=/work/prac_ws/install/dynamixel_workbench_toolbox/lib:/work/prac_ws/install/dynamixel_hardware/lib:/work/prac_ws/install/dynamixel_workbench_msgs/lib:/opt/ros/humble/opt/rviz_ogre_vendor/lib:/opt/ros/humble/lib/x86_64-linux-gnu:/opt/ros/humble/lib /usr/bin/cmake --build /work/prac_ws/build/dynamixel_workbench -- -j20 -l20
[0.311s] DEBUG:colcon.colcon_core.event_handler.log_command:Invoking command in '/work/prac_ws/build/dynamixel_workbench': CMAKE_PREFIX_PATH=/work/prac_ws/install/dynamixel_workbench_toolbox:/work/prac_ws/install/small_arm_prac:/work/prac_ws/install/pantilt_bot_description:/work/prac_ws/install/open_manipulator_x_description:/work/prac_ws/install/dynamixel_workbench:/work/prac_ws/install/dynamixel_hardware:/work/prac_ws/install/dynamixel_workbench_msgs:/opt/ros/humble LD_LIBRARY_PATH=/work/prac_ws/install/dynamixel_workbench_toolbox/lib:/work/prac_ws/install/dynamixel_hardware/lib:/work/prac_ws/install/dynamixel_workbench_msgs/lib:/opt/ros/humble/opt/rviz_ogre_vendor/lib:/opt/ros/humble/lib/x86_64-linux-gnu:/opt/ros/humble/lib /usr/bin/cmake --install /work/prac_ws/build/dynamixel_workbench
[0.317s] Level 1:colcon.colcon_core.environment:create_environment_scripts_only(dynamixel_workbench)
[0.318s] Level 1:colcon.colcon_core.environment:checking '/work/prac_ws/install/dynamixel_workbench' for CMake module files
[0.319s] DEBUG:colcon.colcon_core.event_handler.log_command:Invoked command in '/work/prac_ws/build/dynamixel_workbench' returned '0': CMAKE_PREFIX_PATH=/work/prac_ws/install/dynamixel_workbench_toolbox:/work/prac_ws/install/small_arm_prac:/work/prac_ws/install/pantilt_bot_description:/work/prac_ws/install/open_manipulator_x_description:/work/prac_ws/install/dynamixel_workbench:/work/prac_ws/install/dynamixel_hardware:/work/prac_ws/install/dynamixel_workbench_msgs:/opt/ros/humble LD_LIBRARY_PATH=/work/prac_ws/install/dynamixel_workbench_toolbox/lib:/work/prac_ws/install/dynamixel_hardware/lib:/work/prac_ws/install/dynamixel_workbench_msgs/lib:/opt/ros/humble/opt/rviz_ogre_vendor/lib:/opt/ros/humble/lib/x86_64-linux-gnu:/opt/ros/humble/lib /usr/bin/cmake --install /work/prac_ws/build/dynamixel_workbench
[0.319s] Level 1:colcon.colcon_core.environment:checking '/work/prac_ws/install/dynamixel_workbench' for CMake config files
[0.319s] Level 1:colcon.colcon_core.shell:create_environment_hook('dynamixel_workbench', 'cmake_prefix_path')
[0.320s] INFO:colcon.colcon_core.shell:Creating environment hook '/work/prac_ws/install/dynamixel_workbench/share/dynamixel_workbench/hook/cmake_prefix_path.ps1'
[0.320s] INFO:colcon.colcon_core.shell:Creating environment descriptor '/work/prac_ws/install/dynamixel_workbench/share/dynamixel_workbench/hook/cmake_prefix_path.dsv'
[0.321s] INFO:colcon.colcon_core.shell:Creating environment hook '/work/prac_ws/install/dynamixel_workbench/share/dynamixel_workbench/hook/cmake_prefix_path.sh'
[0.321s] Level 1:colcon.colcon_core.environment:checking '/work/prac_ws/install/dynamixel_workbench/bin'
[0.321s] Level 1:colcon.colcon_core.environment:checking '/work/prac_ws/install/dynamixel_workbench/lib/pkgconfig/dynamixel_workbench.pc'
[0.321s] Level 1:colcon.colcon_core.environment:checking '/work/prac_ws/install/dynamixel_workbench/lib/python3.10/site-packages'
[0.322s] Level 1:colcon.colcon_core.environment:checking '/work/prac_ws/install/dynamixel_workbench/bin'
[0.322s] INFO:colcon.colcon_core.shell:Creating package script '/work/prac_ws/install/dynamixel_workbench/share/dynamixel_workbench/package.ps1'
[0.323s] INFO:colcon.colcon_core.shell:Creating package descriptor '/work/prac_ws/install/dynamixel_workbench/share/dynamixel_workbench/package.dsv'
[0.323s] INFO:colcon.colcon_core.shell:Creating package script '/work/prac_ws/install/dynamixel_workbench/share/dynamixel_workbench/package.sh'
[0.323s] INFO:colcon.colcon_core.shell:Creating package script '/work/prac_ws/install/dynamixel_workbench/share/dynamixel_workbench/package.bash'
[0.324s] INFO:colcon.colcon_core.shell:Creating package script '/work/prac_ws/install/dynamixel_workbench/share/dynamixel_workbench/package.zsh'
[0.324s] Level 1:colcon.colcon_core.environment:create_file_with_runtime_dependencies(/work/prac_ws/install/dynamixel_workbench/share/colcon-core/packages/dynamixel_workbench)
[0.325s] Level 1:colcon.colcon_core.environment:create_environment_scripts_only(dynamixel_workbench)
[0.325s] Level 1:colcon.colcon_core.environment:checking '/work/prac_ws/install/dynamixel_workbench' for CMake module files
[0.326s] Level 1:colcon.colcon_core.environment:checking '/work/prac_ws/install/dynamixel_workbench' for CMake config files
[0.326s] Level 1:colcon.colcon_core.shell:create_environment_hook('dynamixel_workbench', 'cmake_prefix_path')
[0.326s] INFO:colcon.colcon_core.shell:Creating environment hook '/work/prac_ws/install/dynamixel_workbench/share/dynamixel_workbench/hook/cmake_prefix_path.ps1'
[0.327s] INFO:colcon.colcon_core.shell:Creating environment descriptor '/work/prac_ws/install/dynamixel_workbench/share/dynamixel_workbench/hook/cmake_prefix_path.dsv'
[0.327s] INFO:colcon.colcon_core.shell:Creating environment hook '/work/prac_ws/install/dynamixel_workbench/share/dynamixel_workbench/hook/cmake_prefix_path.sh'
[0.327s] Level 1:colcon.colcon_core.environment:checking '/work/prac_ws/install/dynamixel_workbench/bin'
[0.327s] Level 1:colcon.colcon_core.environment:checking '/work/prac_ws/install/dynamixel_workbench/lib/pkgconfig/dynamixel_workbench.pc'
[0.327s] Level 1:colcon.colcon_core.environment:checking '/work/prac_ws/install/dynamixel_workbench/lib/python3.10/site-packages'
[0.328s] Level 1:colcon.colcon_core.environment:checking '/work/prac_ws/install/dynamixel_workbench/bin'
[0.328s] INFO:colcon.colcon_core.shell:Creating package script '/work/prac_ws/install/dynamixel_workbench/share/dynamixel_workbench/package.ps1'
[0.328s] INFO:colcon.colcon_core.shell:Creating package descriptor '/work/prac_ws/install/dynamixel_workbench/share/dynamixel_workbench/package.dsv'
[0.328s] INFO:colcon.colcon_core.shell:Creating package script '/work/prac_ws/install/dynamixel_workbench/share/dynamixel_workbench/package.sh'
[0.329s] INFO:colcon.colcon_core.shell:Creating package script '/work/prac_ws/install/dynamixel_workbench/share/dynamixel_workbench/package.bash'
[0.329s] INFO:colcon.colcon_core.shell:Creating package script '/work/prac_ws/install/dynamixel_workbench/share/dynamixel_workbench/package.zsh'
[0.329s] Level 1:colcon.colcon_core.environment:create_file_with_runtime_dependencies(/work/prac_ws/install/dynamixel_workbench/share/colcon-core/packages/dynamixel_workbench)
[0.333s] DEBUG:colcon.colcon_core.event_handler.log_command:Invoked command in '/work/prac_ws/build/dynamixel_hardware' returned '0': CMAKE_PREFIX_PATH=/work/prac_ws/install/dynamixel_workbench_toolbox:/work/prac_ws/install/small_arm_prac:/work/prac_ws/install/pantilt_bot_description:/work/prac_ws/install/open_manipulator_x_description:/work/prac_ws/install/dynamixel_workbench:/work/prac_ws/install/dynamixel_hardware:/work/prac_ws/install/dynamixel_workbench_msgs:/opt/ros/humble LD_LIBRARY_PATH=/work/prac_ws/install/dynamixel_workbench_toolbox/lib:/work/prac_ws/install/dynamixel_hardware/lib:/work/prac_ws/install/dynamixel_workbench_msgs/lib:/opt/ros/humble/opt/rviz_ogre_vendor/lib:/opt/ros/humble/lib/x86_64-linux-gnu:/opt/ros/humble/lib /usr/bin/cmake --build /work/prac_ws/build/dynamixel_hardware -- -j20 -l20
[0.333s] DEBUG:colcon.colcon_core.event_handler.log_command:Invoking command in '/work/prac_ws/build/dynamixel_hardware': CMAKE_PREFIX_PATH=/work/prac_ws/install/dynamixel_workbench_toolbox:/work/prac_ws/install/small_arm_prac:/work/prac_ws/install/pantilt_bot_description:/work/prac_ws/install/open_manipulator_x_description:/work/prac_ws/install/dynamixel_workbench:/work/prac_ws/install/dynamixel_hardware:/work/prac_ws/install/dynamixel_workbench_msgs:/opt/ros/humble LD_LIBRARY_PATH=/work/prac_ws/install/dynamixel_workbench_toolbox/lib:/work/prac_ws/install/dynamixel_hardware/lib:/work/prac_ws/install/dynamixel_workbench_msgs/lib:/opt/ros/humble/opt/rviz_ogre_vendor/lib:/opt/ros/humble/lib/x86_64-linux-gnu:/opt/ros/humble/lib /usr/bin/cmake --install /work/prac_ws/build/dynamixel_hardware
[0.341s] Level 1:colcon.colcon_core.environment:create_environment_scripts_only(dynamixel_hardware)
[0.342s] Level 1:colcon.colcon_core.environment:checking '/work/prac_ws/install/dynamixel_hardware' for CMake module files
[0.342s] DEBUG:colcon.colcon_core.event_handler.log_command:Invoked command in '/work/prac_ws/build/dynamixel_hardware' returned '0': CMAKE_PREFIX_PATH=/work/prac_ws/install/dynamixel_workbench_toolbox:/work/prac_ws/install/small_arm_prac:/work/prac_ws/install/pantilt_bot_description:/work/prac_ws/install/open_manipulator_x_description:/work/prac_ws/install/dynamixel_workbench:/work/prac_ws/install/dynamixel_hardware:/work/prac_ws/install/dynamixel_workbench_msgs:/opt/ros/humble LD_LIBRARY_PATH=/work/prac_ws/install/dynamixel_workbench_toolbox/lib:/work/prac_ws/install/dynamixel_hardware/lib:/work/prac_ws/install/dynamixel_workbench_msgs/lib:/opt/ros/humble/opt/rviz_ogre_vendor/lib:/opt/ros/humble/lib/x86_64-linux-gnu:/opt/ros/humble/lib /usr/bin/cmake --install /work/prac_ws/build/dynamixel_hardware
[0.342s] Level 1:colcon.colcon_core.environment:checking '/work/prac_ws/install/dynamixel_hardware' for CMake config files
[0.342s] Level 1:colcon.colcon_core.shell:create_environment_hook('dynamixel_hardware', 'cmake_prefix_path')
[0.342s] INFO:colcon.colcon_core.shell:Creating environment hook '/work/prac_ws/install/dynamixel_hardware/share/dynamixel_hardware/hook/cmake_prefix_path.ps1'
[0.343s] INFO:colcon.colcon_core.shell:Creating environment descriptor '/work/prac_ws/install/dynamixel_hardware/share/dynamixel_hardware/hook/cmake_prefix_path.dsv'
[0.343s] INFO:colcon.colcon_core.shell:Creating environment hook '/work/prac_ws/install/dynamixel_hardware/share/dynamixel_hardware/hook/cmake_prefix_path.sh'
[0.343s] Level 1:colcon.colcon_core.environment:checking '/work/prac_ws/install/dynamixel_hardware/lib'
[0.343s] Level 1:colcon.colcon_core.shell:create_environment_hook('dynamixel_hardware', 'ld_library_path_lib')
[0.343s] INFO:colcon.colcon_core.shell:Creating environment hook '/work/prac_ws/install/dynamixel_hardware/share/dynamixel_hardware/hook/ld_library_path_lib.ps1'
[0.344s] INFO:colcon.colcon_core.shell:Creating environment descriptor '/work/prac_ws/install/dynamixel_hardware/share/dynamixel_hardware/hook/ld_library_path_lib.dsv'
[0.344s] INFO:colcon.colcon_core.shell:Creating environment hook '/work/prac_ws/install/dynamixel_hardware/share/dynamixel_hardware/hook/ld_library_path_lib.sh'
[0.344s] Level 1:colcon.colcon_core.environment:checking '/work/prac_ws/install/dynamixel_hardware/bin'
[0.344s] Level 1:colcon.colcon_core.environment:checking '/work/prac_ws/install/dynamixel_hardware/lib/pkgconfig/dynamixel_hardware.pc'
[0.344s] Level 1:colcon.colcon_core.environment:checking '/work/prac_ws/install/dynamixel_hardware/lib/python3.10/site-packages'
[0.344s] Level 1:colcon.colcon_core.environment:checking '/work/prac_ws/install/dynamixel_hardware/bin'
[0.345s] INFO:colcon.colcon_core.shell:Creating package script '/work/prac_ws/install/dynamixel_hardware/share/dynamixel_hardware/package.ps1'
[0.345s] INFO:colcon.colcon_core.shell:Creating package descriptor '/work/prac_ws/install/dynamixel_hardware/share/dynamixel_hardware/package.dsv'
[0.345s] INFO:colcon.colcon_core.shell:Creating package script '/work/prac_ws/install/dynamixel_hardware/share/dynamixel_hardware/package.sh'
[0.345s] INFO:colcon.colcon_core.shell:Creating package script '/work/prac_ws/install/dynamixel_hardware/share/dynamixel_hardware/package.bash'
[0.346s] INFO:colcon.colcon_core.shell:Creating package script '/work/prac_ws/install/dynamixel_hardware/share/dynamixel_hardware/package.zsh'
[0.346s] Level 1:colcon.colcon_core.environment:create_file_with_runtime_dependencies(/work/prac_ws/install/dynamixel_hardware/share/colcon-core/packages/dynamixel_hardware)
[0.346s] Level 1:colcon.colcon_core.environment:create_environment_scripts_only(dynamixel_hardware)
[0.346s] Level 1:colcon.colcon_core.environment:checking '/work/prac_ws/install/dynamixel_hardware' for CMake module files
[0.346s] Level 1:colcon.colcon_core.environment:checking '/work/prac_ws/install/dynamixel_hardware' for CMake config files
[0.347s] Level 1:colcon.colcon_core.shell:create_environment_hook('dynamixel_hardware', 'cmake_prefix_path')
[0.347s] INFO:colcon.colcon_core.shell:Creating environment hook '/work/prac_ws/install/dynamixel_hardware/share/dynamixel_hardware/hook/cmake_prefix_path.ps1'
[0.347s] INFO:colcon.colcon_core.shell:Creating environment descriptor '/work/prac_ws/install/dynamixel_hardware/share/dynamixel_hardware/hook/cmake_prefix_path.dsv'
[0.347s] INFO:colcon.colcon_core.shell:Creating environment hook '/work/prac_ws/install/dynamixel_hardware/share/dynamixel_hardware/hook/cmake_prefix_path.sh'
[0.347s] Level 1:colcon.colcon_core.environment:checking '/work/prac_ws/install/dynamixel_hardware/lib'
[0.347s] Level 1:colcon.colcon_core.shell:create_environment_hook('dynamixel_hardware', 'ld_library_path_lib')
[0.348s] INFO:colcon.colcon_core.shell:Creating environment hook '/work/prac_ws/install/dynamixel_hardware/share/dynamixel_hardware/hook/ld_library_path_lib.ps1'
[0.348s] INFO:colcon.colcon_core.shell:Creating environment descriptor '/work/prac_ws/install/dynamixel_hardware/share/dynamixel_hardware/hook/ld_library_path_lib.dsv'
[0.348s] INFO:colcon.colcon_core.shell:Creating environment hook '/work/prac_ws/install/dynamixel_hardware/share/dynamixel_hardware/hook/ld_library_path_lib.sh'
[0.348s] Level 1:colcon.colcon_core.environment:checking '/work/prac_ws/install/dynamixel_hardware/bin'
[0.348s] Level 1:colcon.colcon_core.environment:checking '/work/prac_ws/install/dynamixel_hardware/lib/pkgconfig/dynamixel_hardware.pc'
[0.348s] Level 1:colcon.colcon_core.environment:checking '/work/prac_ws/install/dynamixel_hardware/lib/python3.10/site-packages'
[0.348s] Level 1:colcon.colcon_core.environment:checking '/work/prac_ws/install/dynamixel_hardware/bin'
[0.349s] INFO:colcon.colcon_core.shell:Creating package script '/work/prac_ws/install/dynamixel_hardware/share/dynamixel_hardware/package.ps1'
[0.349s] INFO:colcon.colcon_core.shell:Creating package descriptor '/work/prac_ws/install/dynamixel_hardware/share/dynamixel_hardware/package.dsv'
[0.349s] INFO:colcon.colcon_core.shell:Creating package script '/work/prac_ws/install/dynamixel_hardware/share/dynamixel_hardware/package.sh'
[0.350s] INFO:colcon.colcon_core.shell:Creating package script '/work/prac_ws/install/dynamixel_hardware/share/dynamixel_hardware/package.bash'
[0.350s] INFO:colcon.colcon_core.shell:Creating package script '/work/prac_ws/install/dynamixel_hardware/share/dynamixel_hardware/package.zsh'
[0.350s] Level 1:colcon.colcon_core.environment:create_file_with_runtime_dependencies(/work/prac_ws/install/dynamixel_hardware/share/colcon-core/packages/dynamixel_hardware)
[0.350s] INFO:colcon.colcon_ros.task.ament_cmake.build:Building ROS package in '/work/prac_ws/src/dynamixel_hardware/open_manipulator_x_description' with build type 'ament_cmake'
[0.350s] INFO:colcon.colcon_cmake.task.cmake.build:Building CMake package in '/work/prac_ws/src/dynamixel_hardware/open_manipulator_x_description'
[0.350s] INFO:colcon.colcon_core.shell:Skip shell extension 'powershell' for command environment: Not usable outside of PowerShell
[0.350s] DEBUG:colcon.colcon_core.shell:Skip shell extension 'dsv' for command environment
[0.353s] INFO:colcon.colcon_ros.task.ament_cmake.build:Building ROS package in '/work/prac_ws/src/dynamixel_hardware/pantilt_bot_description' with build type 'ament_cmake'
[0.353s] INFO:colcon.colcon_cmake.task.cmake.build:Building CMake package in '/work/prac_ws/src/dynamixel_hardware/pantilt_bot_description'
[0.354s] INFO:colcon.colcon_core.shell:Skip shell extension 'powershell' for command environment: Not usable outside of PowerShell
[0.354s] DEBUG:colcon.colcon_core.shell:Skip shell extension 'dsv' for command environment
[0.356s] INFO:colcon.colcon_ros.task.ament_cmake.build:Building ROS package in '/work/prac_ws/src/small_arm_prac' with build type 'ament_cmake'
[0.356s] INFO:colcon.colcon_cmake.task.cmake.build:Building CMake package in '/work/prac_ws/src/small_arm_prac'
[0.356s] INFO:colcon.colcon_core.shell:Skip shell extension 'powershell' for command environment: Not usable outside of PowerShell
[0.356s] DEBUG:colcon.colcon_core.shell:Skip shell extension 'dsv' for command environment
[0.361s] DEBUG:colcon.colcon_core.event_handler.log_command:Invoking command in '/work/prac_ws/build/open_manipulator_x_description': CMAKE_PREFIX_PATH=/work/prac_ws/install/dynamixel_hardware:/work/prac_ws/install/dynamixel_workbench_toolbox:/work/prac_ws/install/small_arm_prac:/work/prac_ws/install/pantilt_bot_description:/work/prac_ws/install/open_manipulator_x_description:/work/prac_ws/install/dynamixel_workbench:/work/prac_ws/install/dynamixel_workbench_msgs:/opt/ros/humble /usr/bin/cmake --build /work/prac_ws/build/open_manipulator_x_description -- -j20 -l20
[0.364s] DEBUG:colcon.colcon_core.event_handler.log_command:Invoking command in '/work/prac_ws/build/pantilt_bot_description': CMAKE_PREFIX_PATH=/work/prac_ws/install/dynamixel_hardware:/work/prac_ws/install/dynamixel_workbench_toolbox:/work/prac_ws/install/small_arm_prac:/work/prac_ws/install/pantilt_bot_description:/work/prac_ws/install/open_manipulator_x_description:/work/prac_ws/install/dynamixel_workbench:/work/prac_ws/install/dynamixel_workbench_msgs:/opt/ros/humble /usr/bin/cmake --build /work/prac_ws/build/pantilt_bot_description -- -j20 -l20
[0.366s] DEBUG:colcon.colcon_core.event_handler.log_command:Invoking command in '/work/prac_ws/build/small_arm_prac': CMAKE_PREFIX_PATH=/work/prac_ws/install/dynamixel_hardware:/work/prac_ws/install/dynamixel_workbench_toolbox:/work/prac_ws/install/small_arm_prac:/work/prac_ws/install/pantilt_bot_description:/work/prac_ws/install/open_manipulator_x_description:/work/prac_ws/install/dynamixel_workbench:/work/prac_ws/install/dynamixel_workbench_msgs:/opt/ros/humble /usr/bin/cmake --build /work/prac_ws/build/small_arm_prac -- -j20 -l20
[0.396s] DEBUG:colcon.colcon_core.event_handler.log_command:Invoked command in '/work/prac_ws/build/small_arm_prac' returned '0': CMAKE_PREFIX_PATH=/work/prac_ws/install/dynamixel_hardware:/work/prac_ws/install/dynamixel_workbench_toolbox:/work/prac_ws/install/small_arm_prac:/work/prac_ws/install/pantilt_bot_description:/work/prac_ws/install/open_manipulator_x_description:/work/prac_ws/install/dynamixel_workbench:/work/prac_ws/install/dynamixel_workbench_msgs:/opt/ros/humble /usr/bin/cmake --build /work/prac_ws/build/small_arm_prac -- -j20 -l20
[0.398s] DEBUG:colcon.colcon_core.event_handler.log_command:Invoking command in '/work/prac_ws/build/small_arm_prac': CMAKE_PREFIX_PATH=/work/prac_ws/install/dynamixel_hardware:/work/prac_ws/install/dynamixel_workbench_toolbox:/work/prac_ws/install/small_arm_prac:/work/prac_ws/install/pantilt_bot_description:/work/prac_ws/install/open_manipulator_x_description:/work/prac_ws/install/dynamixel_workbench:/work/prac_ws/install/dynamixel_workbench_msgs:/opt/ros/humble /usr/bin/cmake --install /work/prac_ws/build/small_arm_prac
[0.399s] DEBUG:colcon.colcon_core.event_handler.log_command:Invoked command in '/work/prac_ws/build/open_manipulator_x_description' returned '0': CMAKE_PREFIX_PATH=/work/prac_ws/install/dynamixel_hardware:/work/prac_ws/install/dynamixel_workbench_toolbox:/work/prac_ws/install/small_arm_prac:/work/prac_ws/install/pantilt_bot_description:/work/prac_ws/install/open_manipulator_x_description:/work/prac_ws/install/dynamixel_workbench:/work/prac_ws/install/dynamixel_workbench_msgs:/opt/ros/humble /usr/bin/cmake --build /work/prac_ws/build/open_manipulator_x_description -- -j20 -l20
[0.400s] DEBUG:colcon.colcon_core.event_handler.log_command:Invoking command in '/work/prac_ws/build/open_manipulator_x_description': CMAKE_PREFIX_PATH=/work/prac_ws/install/dynamixel_hardware:/work/prac_ws/install/dynamixel_workbench_toolbox:/work/prac_ws/install/small_arm_prac:/work/prac_ws/install/pantilt_bot_description:/work/prac_ws/install/open_manipulator_x_description:/work/prac_ws/install/dynamixel_workbench:/work/prac_ws/install/dynamixel_workbench_msgs:/opt/ros/humble /usr/bin/cmake --install /work/prac_ws/build/open_manipulator_x_description
[0.405s] DEBUG:colcon.colcon_core.event_handler.log_command:Invoked command in '/work/prac_ws/build/pantilt_bot_description' returned '0': CMAKE_PREFIX_PATH=/work/prac_ws/install/dynamixel_hardware:/work/prac_ws/install/dynamixel_workbench_toolbox:/work/prac_ws/install/small_arm_prac:/work/prac_ws/install/pantilt_bot_description:/work/prac_ws/install/open_manipulator_x_description:/work/prac_ws/install/dynamixel_workbench:/work/prac_ws/install/dynamixel_workbench_msgs:/opt/ros/humble /usr/bin/cmake --build /work/prac_ws/build/pantilt_bot_description -- -j20 -l20
[0.406s] DEBUG:colcon.colcon_core.event_handler.log_command:Invoking command in '/work/prac_ws/build/pantilt_bot_description': CMAKE_PREFIX_PATH=/work/prac_ws/install/dynamixel_hardware:/work/prac_ws/install/dynamixel_workbench_toolbox:/work/prac_ws/install/small_arm_prac:/work/prac_ws/install/pantilt_bot_description:/work/prac_ws/install/open_manipulator_x_description:/work/prac_ws/install/dynamixel_workbench:/work/prac_ws/install/dynamixel_workbench_msgs:/opt/ros/humble /usr/bin/cmake --install /work/prac_ws/build/pantilt_bot_description
[0.408s] Level 1:colcon.colcon_core.environment:create_environment_scripts_only(small_arm_prac)
[0.408s] Level 1:colcon.colcon_core.environment:checking '/work/prac_ws/install/small_arm_prac' for CMake module files
[0.409s] DEBUG:colcon.colcon_core.event_handler.log_command:Invoked command in '/work/prac_ws/build/small_arm_prac' returned '0': CMAKE_PREFIX_PATH=/work/prac_ws/install/dynamixel_hardware:/work/prac_ws/install/dynamixel_workbench_toolbox:/work/prac_ws/install/small_arm_prac:/work/prac_ws/install/pantilt_bot_description:/work/prac_ws/install/open_manipulator_x_description:/work/prac_ws/install/dynamixel_workbench:/work/prac_ws/install/dynamixel_workbench_msgs:/opt/ros/humble /usr/bin/cmake --install /work/prac_ws/build/small_arm_prac
[0.409s] Level 1:colcon.colcon_core.environment:checking '/work/prac_ws/install/small_arm_prac' for CMake config files
[0.409s] Level 1:colcon.colcon_core.shell:create_environment_hook('small_arm_prac', 'cmake_prefix_path')
[0.409s] INFO:colcon.colcon_core.shell:Creating environment hook '/work/prac_ws/install/small_arm_prac/share/small_arm_prac/hook/cmake_prefix_path.ps1'
[0.409s] INFO:colcon.colcon_core.shell:Creating environment descriptor '/work/prac_ws/install/small_arm_prac/share/small_arm_prac/hook/cmake_prefix_path.dsv'
[0.410s] INFO:colcon.colcon_core.shell:Creating environment hook '/work/prac_ws/install/small_arm_prac/share/small_arm_prac/hook/cmake_prefix_path.sh'
[0.410s] Level 1:colcon.colcon_core.environment:checking '/work/prac_ws/install/small_arm_prac/bin'
[0.410s] Level 1:colcon.colcon_core.environment:checking '/work/prac_ws/install/small_arm_prac/lib/pkgconfig/small_arm_prac.pc'
[0.410s] Level 1:colcon.colcon_core.environment:checking '/work/prac_ws/install/small_arm_prac/lib/python3.10/site-packages'
[0.410s] Level 1:colcon.colcon_core.environment:checking '/work/prac_ws/install/small_arm_prac/bin'
[0.410s] INFO:colcon.colcon_core.shell:Creating package script '/work/prac_ws/install/small_arm_prac/share/small_arm_prac/package.ps1'
[0.411s] INFO:colcon.colcon_core.shell:Creating package descriptor '/work/prac_ws/install/small_arm_prac/share/small_arm_prac/package.dsv'
[0.411s] INFO:colcon.colcon_core.shell:Creating package script '/work/prac_ws/install/small_arm_prac/share/small_arm_prac/package.sh'
[0.411s] INFO:colcon.colcon_core.shell:Creating package script '/work/prac_ws/install/small_arm_prac/share/small_arm_prac/package.bash'
[0.411s] INFO:colcon.colcon_core.shell:Creating package script '/work/prac_ws/install/small_arm_prac/share/small_arm_prac/package.zsh'
[0.411s] Level 1:colcon.colcon_core.environment:create_file_with_runtime_dependencies(/work/prac_ws/install/small_arm_prac/share/colcon-core/packages/small_arm_prac)
[0.412s] Level 1:colcon.colcon_core.environment:create_environment_scripts_only(small_arm_prac)
[0.412s] Level 1:colcon.colcon_core.environment:checking '/work/prac_ws/install/small_arm_prac' for CMake module files
[0.412s] Level 1:colcon.colcon_core.environment:checking '/work/prac_ws/install/small_arm_prac' for CMake config files
[0.412s] Level 1:colcon.colcon_core.shell:create_environment_hook('small_arm_prac', 'cmake_prefix_path')
[0.412s] INFO:colcon.colcon_core.shell:Creating environment hook '/work/prac_ws/install/small_arm_prac/share/small_arm_prac/hook/cmake_prefix_path.ps1'
[0.413s] INFO:colcon.colcon_core.shell:Creating environment descriptor '/work/prac_ws/install/small_arm_prac/share/small_arm_prac/hook/cmake_prefix_path.dsv'
[0.414s] INFO:colcon.colcon_core.shell:Creating environment hook '/work/prac_ws/install/small_arm_prac/share/small_arm_prac/hook/cmake_prefix_path.sh'
[0.415s] Level 1:colcon.colcon_core.environment:checking '/work/prac_ws/install/small_arm_prac/bin'
[0.415s] Level 1:colcon.colcon_core.environment:checking '/work/prac_ws/install/small_arm_prac/lib/pkgconfig/small_arm_prac.pc'
[0.415s] Level 1:colcon.colcon_core.environment:checking '/work/prac_ws/install/small_arm_prac/lib/python3.10/site-packages'
[0.415s] Level 1:colcon.colcon_core.environment:checking '/work/prac_ws/install/small_arm_prac/bin'
[0.415s] INFO:colcon.colcon_core.shell:Creating package script '/work/prac_ws/install/small_arm_prac/share/small_arm_prac/package.ps1'
[0.415s] INFO:colcon.colcon_core.shell:Creating package descriptor '/work/prac_ws/install/small_arm_prac/share/small_arm_prac/package.dsv'
[0.416s] INFO:colcon.colcon_core.shell:Creating package script '/work/prac_ws/install/small_arm_prac/share/small_arm_prac/package.sh'
[0.416s] INFO:colcon.colcon_core.shell:Creating package script '/work/prac_ws/install/small_arm_prac/share/small_arm_prac/package.bash'
[0.416s] INFO:colcon.colcon_core.shell:Creating package script '/work/prac_ws/install/small_arm_prac/share/small_arm_prac/package.zsh'
[0.416s] Level 1:colcon.colcon_core.environment:create_file_with_runtime_dependencies(/work/prac_ws/install/small_arm_prac/share/colcon-core/packages/small_arm_prac)
[0.417s] Level 1:colcon.colcon_core.environment:create_environment_scripts_only(open_manipulator_x_description)
[0.417s] Level 1:colcon.colcon_core.environment:checking '/work/prac_ws/install/open_manipulator_x_description' for CMake module files
[0.417s] DEBUG:colcon.colcon_core.event_handler.log_command:Invoked command in '/work/prac_ws/build/open_manipulator_x_description' returned '0': CMAKE_PREFIX_PATH=/work/prac_ws/install/dynamixel_hardware:/work/prac_ws/install/dynamixel_workbench_toolbox:/work/prac_ws/install/small_arm_prac:/work/prac_ws/install/pantilt_bot_description:/work/prac_ws/install/open_manipulator_x_description:/work/prac_ws/install/dynamixel_workbench:/work/prac_ws/install/dynamixel_workbench_msgs:/opt/ros/humble /usr/bin/cmake --install /work/prac_ws/build/open_manipulator_x_description
[0.417s] Level 1:colcon.colcon_core.environment:checking '/work/prac_ws/install/open_manipulator_x_description' for CMake config files
[0.418s] Level 1:colcon.colcon_core.shell:create_environment_hook('open_manipulator_x_description', 'cmake_prefix_path')
[0.418s] INFO:colcon.colcon_core.shell:Creating environment hook '/work/prac_ws/install/open_manipulator_x_description/share/open_manipulator_x_description/hook/cmake_prefix_path.ps1'
[0.418s] INFO:colcon.colcon_core.shell:Creating environment descriptor '/work/prac_ws/install/open_manipulator_x_description/share/open_manipulator_x_description/hook/cmake_prefix_path.dsv'
[0.418s] INFO:colcon.colcon_core.shell:Creating environment hook '/work/prac_ws/install/open_manipulator_x_description/share/open_manipulator_x_description/hook/cmake_prefix_path.sh'
[0.418s] Level 1:colcon.colcon_core.environment:checking '/work/prac_ws/install/open_manipulator_x_description/bin'
[0.419s] Level 1:colcon.colcon_core.environment:checking '/work/prac_ws/install/open_manipulator_x_description/lib/pkgconfig/open_manipulator_x_description.pc'
[0.419s] Level 1:colcon.colcon_core.environment:checking '/work/prac_ws/install/open_manipulator_x_description/lib/python3.10/site-packages'
[0.419s] Level 1:colcon.colcon_core.environment:checking '/work/prac_ws/install/open_manipulator_x_description/bin'
[0.419s] INFO:colcon.colcon_core.shell:Creating package script '/work/prac_ws/install/open_manipulator_x_description/share/open_manipulator_x_description/package.ps1'
[0.419s] INFO:colcon.colcon_core.shell:Creating package descriptor '/work/prac_ws/install/open_manipulator_x_description/share/open_manipulator_x_description/package.dsv'
[0.420s] INFO:colcon.colcon_core.shell:Creating package script '/work/prac_ws/install/open_manipulator_x_description/share/open_manipulator_x_description/package.sh'
[0.420s] INFO:colcon.colcon_core.shell:Creating package script '/work/prac_ws/install/open_manipulator_x_description/share/open_manipulator_x_description/package.bash'
[0.420s] INFO:colcon.colcon_core.shell:Creating package script '/work/prac_ws/install/open_manipulator_x_description/share/open_manipulator_x_description/package.zsh'
[0.420s] Level 1:colcon.colcon_core.environment:create_file_with_runtime_dependencies(/work/prac_ws/install/open_manipulator_x_description/share/colcon-core/packages/open_manipulator_x_description)
[0.420s] Level 1:colcon.colcon_core.environment:create_environment_scripts_only(open_manipulator_x_description)
[0.421s] Level 1:colcon.colcon_core.environment:checking '/work/prac_ws/install/open_manipulator_x_description' for CMake module files
[0.421s] Level 1:colcon.colcon_core.environment:checking '/work/prac_ws/install/open_manipulator_x_description' for CMake config files
[0.421s] Level 1:colcon.colcon_core.shell:create_environment_hook('open_manipulator_x_description', 'cmake_prefix_path')
[0.421s] INFO:colcon.colcon_core.shell:Creating environment hook '/work/prac_ws/install/open_manipulator_x_description/share/open_manipulator_x_description/hook/cmake_prefix_path.ps1'
[0.421s] INFO:colcon.colcon_core.shell:Creating environment descriptor '/work/prac_ws/install/open_manipulator_x_description/share/open_manipulator_x_description/hook/cmake_prefix_path.dsv'
[0.421s] INFO:colcon.colcon_core.shell:Creating environment hook '/work/prac_ws/install/open_manipulator_x_description/share/open_manipulator_x_description/hook/cmake_prefix_path.sh'
[0.422s] Level 1:colcon.colcon_core.environment:checking '/work/prac_ws/install/open_manipulator_x_description/bin'
[0.422s] Level 1:colcon.colcon_core.environment:checking '/work/prac_ws/install/open_manipulator_x_description/lib/pkgconfig/open_manipulator_x_description.pc'
[0.422s] Level 1:colcon.colcon_core.environment:checking '/work/prac_ws/install/open_manipulator_x_description/lib/python3.10/site-packages'
[0.422s] Level 1:colcon.colcon_core.environment:checking '/work/prac_ws/install/open_manipulator_x_description/bin'
[0.422s] INFO:colcon.colcon_core.shell:Creating package script '/work/prac_ws/install/open_manipulator_x_description/share/open_manipulator_x_description/package.ps1'
[0.423s] INFO:colcon.colcon_core.shell:Creating package descriptor '/work/prac_ws/install/open_manipulator_x_description/share/open_manipulator_x_description/package.dsv'
[0.423s] INFO:colcon.colcon_core.shell:Creating package script '/work/prac_ws/install/open_manipulator_x_description/share/open_manipulator_x_description/package.sh'
[0.423s] INFO:colcon.colcon_core.shell:Creating package script '/work/prac_ws/install/open_manipulator_x_description/share/open_manipulator_x_description/package.bash'
[0.423s] INFO:colcon.colcon_core.shell:Creating package script '/work/prac_ws/install/open_manipulator_x_description/share/open_manipulator_x_description/package.zsh'
[0.424s] Level 1:colcon.colcon_core.environment:create_file_with_runtime_dependencies(/work/prac_ws/install/open_manipulator_x_description/share/colcon-core/packages/open_manipulator_x_description)
[0.424s] Level 1:colcon.colcon_core.environment:create_environment_scripts_only(pantilt_bot_description)
[0.424s] Level 1:colcon.colcon_core.environment:checking '/work/prac_ws/install/pantilt_bot_description' for CMake module files
[0.425s] DEBUG:colcon.colcon_core.event_handler.log_command:Invoked command in '/work/prac_ws/build/pantilt_bot_description' returned '0': CMAKE_PREFIX_PATH=/work/prac_ws/install/dynamixel_hardware:/work/prac_ws/install/dynamixel_workbench_toolbox:/work/prac_ws/install/small_arm_prac:/work/prac_ws/install/pantilt_bot_description:/work/prac_ws/install/open_manipulator_x_description:/work/prac_ws/install/dynamixel_workbench:/work/prac_ws/install/dynamixel_workbench_msgs:/opt/ros/humble /usr/bin/cmake --install /work/prac_ws/build/pantilt_bot_description
[0.425s] Level 1:colcon.colcon_core.environment:checking '/work/prac_ws/install/pantilt_bot_description' for CMake config files
[0.425s] Level 1:colcon.colcon_core.shell:create_environment_hook('pantilt_bot_description', 'cmake_prefix_path')
[0.425s] INFO:colcon.colcon_core.shell:Creating environment hook '/work/prac_ws/install/pantilt_bot_description/share/pantilt_bot_description/hook/cmake_prefix_path.ps1'
[0.425s] INFO:colcon.colcon_core.shell:Creating environment descriptor '/work/prac_ws/install/pantilt_bot_description/share/pantilt_bot_description/hook/cmake_prefix_path.dsv'
[0.425s] INFO:colcon.colcon_core.shell:Creating environment hook '/work/prac_ws/install/pantilt_bot_description/share/pantilt_bot_description/hook/cmake_prefix_path.sh'
[0.426s] Level 1:colcon.colcon_core.environment:checking '/work/prac_ws/install/pantilt_bot_description/bin'
[0.426s] Level 1:colcon.colcon_core.environment:checking '/work/prac_ws/install/pantilt_bot_description/lib/pkgconfig/pantilt_bot_description.pc'
[0.426s] Level 1:colcon.colcon_core.environment:checking '/work/prac_ws/install/pantilt_bot_description/lib/python3.10/site-packages'
[0.426s] Level 1:colcon.colcon_core.environment:checking '/work/prac_ws/install/pantilt_bot_description/bin'
[0.426s] INFO:colcon.colcon_core.shell:Creating package script '/work/prac_ws/install/pantilt_bot_description/share/pantilt_bot_description/package.ps1'
[0.426s] INFO:colcon.colcon_core.shell:Creating package descriptor '/work/prac_ws/install/pantilt_bot_description/share/pantilt_bot_description/package.dsv'
[0.427s] INFO:colcon.colcon_core.shell:Creating package script '/work/prac_ws/install/pantilt_bot_description/share/pantilt_bot_description/package.sh'
[0.427s] INFO:colcon.colcon_core.shell:Creating package script '/work/prac_ws/install/pantilt_bot_description/share/pantilt_bot_description/package.bash'
[0.427s] INFO:colcon.colcon_core.shell:Creating package script '/work/prac_ws/install/pantilt_bot_description/share/pantilt_bot_description/package.zsh'
[0.427s] Level 1:colcon.colcon_core.environment:create_file_with_runtime_dependencies(/work/prac_ws/install/pantilt_bot_description/share/colcon-core/packages/pantilt_bot_description)
[0.428s] Level 1:colcon.colcon_core.environment:create_environment_scripts_only(pantilt_bot_description)
[0.428s] Level 1:colcon.colcon_core.environment:checking '/work/prac_ws/install/pantilt_bot_description' for CMake module files
[0.428s] Level 1:colcon.colcon_core.environment:checking '/work/prac_ws/install/pantilt_bot_description' for CMake config files
[0.428s] Level 1:colcon.colcon_core.shell:create_environment_hook('pantilt_bot_description', 'cmake_prefix_path')
[0.428s] INFO:colcon.colcon_core.shell:Creating environment hook '/work/prac_ws/install/pantilt_bot_description/share/pantilt_bot_description/hook/cmake_prefix_path.ps1'
[0.428s] INFO:colcon.colcon_core.shell:Creating environment descriptor '/work/prac_ws/install/pantilt_bot_description/share/pantilt_bot_description/hook/cmake_prefix_path.dsv'
[0.428s] INFO:colcon.colcon_core.shell:Creating environment hook '/work/prac_ws/install/pantilt_bot_description/share/pantilt_bot_description/hook/cmake_prefix_path.sh'
[0.429s] Level 1:colcon.colcon_core.environment:checking '/work/prac_ws/install/pantilt_bot_description/bin'
[0.429s] Level 1:colcon.colcon_core.environment:checking '/work/prac_ws/install/pantilt_bot_description/lib/pkgconfig/pantilt_bot_description.pc'
[0.429s] Level 1:colcon.colcon_core.environment:checking '/work/prac_ws/install/pantilt_bot_description/lib/python3.10/site-packages'
[0.429s] Level 1:colcon.colcon_core.environment:checking '/work/prac_ws/install/pantilt_bot_description/bin'
[0.429s] INFO:colcon.colcon_core.shell:Creating package script '/work/prac_ws/install/pantilt_bot_description/share/pantilt_bot_description/package.ps1'
[0.430s] INFO:colcon.colcon_core.shell:Creating package descriptor '/work/prac_ws/install/pantilt_bot_description/share/pantilt_bot_description/package.dsv'
[0.430s] INFO:colcon.colcon_core.shell:Creating package script '/work/prac_ws/install/pantilt_bot_description/share/pantilt_bot_description/package.sh'
[0.430s] INFO:colcon.colcon_core.shell:Creating package script '/work/prac_ws/install/pantilt_bot_description/share/pantilt_bot_description/package.bash'
[0.430s] INFO:colcon.colcon_core.shell:Creating package script '/work/prac_ws/install/pantilt_bot_description/share/pantilt_bot_description/package.zsh'
[0.430s] Level 1:colcon.colcon_core.environment:create_file_with_runtime_dependencies(/work/prac_ws/install/pantilt_bot_description/share/colcon-core/packages/pantilt_bot_description)
[0.431s] DEBUG:colcon.colcon_core.event_handler.log_command:Invoked command in '/work/prac_ws/build/dynamixel_workbench_msgs' returned '0': CMAKE_PREFIX_PATH=${CMAKE_PREFIX_PATH}:/opt/ros/humble /usr/bin/cmake --build /work/prac_ws/build/dynamixel_workbench_msgs -- -j20 -l20
[0.432s] DEBUG:colcon.colcon_core.event_handler.log_command:Invoking command in '/work/prac_ws/build/dynamixel_workbench_msgs': CMAKE_PREFIX_PATH=${CMAKE_PREFIX_PATH}:/opt/ros/humble /usr/bin/cmake --install /work/prac_ws/build/dynamixel_workbench_msgs
[0.475s] Level 1:colcon.colcon_core.environment:create_environment_scripts_only(dynamixel_workbench_msgs)
[0.475s] Level 1:colcon.colcon_core.environment:checking '/work/prac_ws/install/dynamixel_workbench_msgs' for CMake module files
[0.476s] DEBUG:colcon.colcon_core.event_handler.log_command:Invoked command in '/work/prac_ws/build/dynamixel_workbench_msgs' returned '0': CMAKE_PREFIX_PATH=${CMAKE_PREFIX_PATH}:/opt/ros/humble /usr/bin/cmake --install /work/prac_ws/build/dynamixel_workbench_msgs
[0.476s] Level 1:colcon.colcon_core.environment:checking '/work/prac_ws/install/dynamixel_workbench_msgs' for CMake config files
[0.476s] Level 1:colcon.colcon_core.shell:create_environment_hook('dynamixel_workbench_msgs', 'cmake_prefix_path')
[0.477s] INFO:colcon.colcon_core.shell:Creating environment hook '/work/prac_ws/install/dynamixel_workbench_msgs/share/dynamixel_workbench_msgs/hook/cmake_prefix_path.ps1'
[0.477s] INFO:colcon.colcon_core.shell:Creating environment descriptor '/work/prac_ws/install/dynamixel_workbench_msgs/share/dynamixel_workbench_msgs/hook/cmake_prefix_path.dsv'
[0.477s] INFO:colcon.colcon_core.shell:Creating environment hook '/work/prac_ws/install/dynamixel_workbench_msgs/share/dynamixel_workbench_msgs/hook/cmake_prefix_path.sh'
[0.477s] Level 1:colcon.colcon_core.environment:checking '/work/prac_ws/install/dynamixel_workbench_msgs/lib'
[0.477s] Level 1:colcon.colcon_core.shell:create_environment_hook('dynamixel_workbench_msgs', 'ld_library_path_lib')
[0.478s] INFO:colcon.colcon_core.shell:Creating environment hook '/work/prac_ws/install/dynamixel_workbench_msgs/share/dynamixel_workbench_msgs/hook/ld_library_path_lib.ps1'
[0.478s] INFO:colcon.colcon_core.shell:Creating environment descriptor '/work/prac_ws/install/dynamixel_workbench_msgs/share/dynamixel_workbench_msgs/hook/ld_library_path_lib.dsv'
[0.478s] INFO:colcon.colcon_core.shell:Creating environment hook '/work/prac_ws/install/dynamixel_workbench_msgs/share/dynamixel_workbench_msgs/hook/ld_library_path_lib.sh'
[0.478s] Level 1:colcon.colcon_core.environment:checking '/work/prac_ws/install/dynamixel_workbench_msgs/bin'
[0.478s] Level 1:colcon.colcon_core.environment:checking '/work/prac_ws/install/dynamixel_workbench_msgs/lib/pkgconfig/dynamixel_workbench_msgs.pc'
[0.478s] Level 1:colcon.colcon_core.environment:checking '/work/prac_ws/install/dynamixel_workbench_msgs/lib/python3.10/site-packages'
[0.478s] Level 1:colcon.colcon_core.environment:checking '/work/prac_ws/install/dynamixel_workbench_msgs/bin'
[0.479s] INFO:colcon.colcon_core.shell:Creating package script '/work/prac_ws/install/dynamixel_workbench_msgs/share/dynamixel_workbench_msgs/package.ps1'
[0.479s] INFO:colcon.colcon_core.shell:Creating package descriptor '/work/prac_ws/install/dynamixel_workbench_msgs/share/dynamixel_workbench_msgs/package.dsv'
[0.479s] INFO:colcon.colcon_core.shell:Creating package script '/work/prac_ws/install/dynamixel_workbench_msgs/share/dynamixel_workbench_msgs/package.sh'
[0.479s] INFO:colcon.colcon_core.shell:Creating package script '/work/prac_ws/install/dynamixel_workbench_msgs/share/dynamixel_workbench_msgs/package.bash'
[0.479s] INFO:colcon.colcon_core.shell:Creating package script '/work/prac_ws/install/dynamixel_workbench_msgs/share/dynamixel_workbench_msgs/package.zsh'
[0.480s] Level 1:colcon.colcon_core.environment:create_file_with_runtime_dependencies(/work/prac_ws/install/dynamixel_workbench_msgs/share/colcon-core/packages/dynamixel_workbench_msgs)
[0.480s] Level 1:colcon.colcon_core.environment:create_environment_scripts_only(dynamixel_workbench_msgs)
[0.480s] Level 1:colcon.colcon_core.environment:checking '/work/prac_ws/install/dynamixel_workbench_msgs' for CMake module files
[0.480s] Level 1:colcon.colcon_core.environment:checking '/work/prac_ws/install/dynamixel_workbench_msgs' for CMake config files
[0.481s] Level 1:colcon.colcon_core.shell:create_environment_hook('dynamixel_workbench_msgs', 'cmake_prefix_path')
[0.481s] INFO:colcon.colcon_core.shell:Creating environment hook '/work/prac_ws/install/dynamixel_workbench_msgs/share/dynamixel_workbench_msgs/hook/cmake_prefix_path.ps1'
[0.481s] INFO:colcon.colcon_core.shell:Creating environment descriptor '/work/prac_ws/install/dynamixel_workbench_msgs/share/dynamixel_workbench_msgs/hook/cmake_prefix_path.dsv'
[0.481s] INFO:colcon.colcon_core.shell:Creating environment hook '/work/prac_ws/install/dynamixel_workbench_msgs/share/dynamixel_workbench_msgs/hook/cmake_prefix_path.sh'
[0.482s] Level 1:colcon.colcon_core.environment:checking '/work/prac_ws/install/dynamixel_workbench_msgs/lib'
[0.482s] Level 1:colcon.colcon_core.shell:create_environment_hook('dynamixel_workbench_msgs', 'ld_library_path_lib')
[0.482s] INFO:colcon.colcon_core.shell:Creating environment hook '/work/prac_ws/install/dynamixel_workbench_msgs/share/dynamixel_workbench_msgs/hook/ld_library_path_lib.ps1'
[0.482s] INFO:colcon.colcon_core.shell:Creating environment descriptor '/work/prac_ws/install/dynamixel_workbench_msgs/share/dynamixel_workbench_msgs/hook/ld_library_path_lib.dsv'
[0.482s] INFO:colcon.colcon_core.shell:Creating environment hook '/work/prac_ws/install/dynamixel_workbench_msgs/share/dynamixel_workbench_msgs/hook/ld_library_path_lib.sh'
[0.482s] Level 1:colcon.colcon_core.environment:checking '/work/prac_ws/install/dynamixel_workbench_msgs/bin'
[0.483s] Level 1:colcon.colcon_core.environment:checking '/work/prac_ws/install/dynamixel_workbench_msgs/lib/pkgconfig/dynamixel_workbench_msgs.pc'
[0.483s] Level 1:colcon.colcon_core.environment:checking '/work/prac_ws/install/dynamixel_workbench_msgs/lib/python3.10/site-packages'
[0.483s] Level 1:colcon.colcon_core.environment:checking '/work/prac_ws/install/dynamixel_workbench_msgs/bin'
[0.483s] INFO:colcon.colcon_core.shell:Creating package script '/work/prac_ws/install/dynamixel_workbench_msgs/share/dynamixel_workbench_msgs/package.ps1'
[0.483s] INFO:colcon.colcon_core.shell:Creating package descriptor '/work/prac_ws/install/dynamixel_workbench_msgs/share/dynamixel_workbench_msgs/package.dsv'
[0.484s] INFO:colcon.colcon_core.shell:Creating package script '/work/prac_ws/install/dynamixel_workbench_msgs/share/dynamixel_workbench_msgs/package.sh'
[0.484s] INFO:colcon.colcon_core.shell:Creating package script '/work/prac_ws/install/dynamixel_workbench_msgs/share/dynamixel_workbench_msgs/package.bash'
[0.484s] INFO:colcon.colcon_core.shell:Creating package script '/work/prac_ws/install/dynamixel_workbench_msgs/share/dynamixel_workbench_msgs/package.zsh'
[0.484s] Level 1:colcon.colcon_core.environment:create_file_with_runtime_dependencies(/work/prac_ws/install/dynamixel_workbench_msgs/share/colcon-core/packages/dynamixel_workbench_msgs)
[0.485s] DEBUG:colcon.colcon_parallel_executor.executor.parallel:closing loop
[0.485s] DEBUG:colcon.colcon_parallel_executor.executor.parallel:loop closed
[0.485s] DEBUG:colcon.colcon_parallel_executor.executor.parallel:run_until_complete finished with '0'
[0.485s] DEBUG:colcon.colcon_core.event_reactor:joining thread
[0.488s] INFO:colcon.colcon_core.plugin_system:Skipping extension 'colcon_notification.desktop_notification.notify_send': Could not find 'notify-send'
[0.489s] INFO:colcon.colcon_core.plugin_system:Skipping extension 'colcon_notification.desktop_notification.terminal_notifier': Not used on non-Darwin systems
[0.489s] INFO:colcon.colcon_core.plugin_system:Skipping extension 'colcon_notification.desktop_notification.win32': Not used on non-Windows systems
[0.489s] INFO:colcon.colcon_notification.desktop_notification:Sending desktop notification using 'notify2'
[0.490s] DEBUG:colcon.colcon_notification.desktop_notification.notify2:Failed to initialize notify2: org.freedesktop.DBus.Error.Spawn.ExecFailed: /usr/bin/dbus-launch terminated abnormally without any error message
[0.491s] DEBUG:colcon.colcon_core.event_reactor:joined thread
[0.491s] INFO:colcon.colcon_core.shell:Creating prefix script '/work/prac_ws/install/local_setup.ps1'
[0.492s] INFO:colcon.colcon_core.shell:Creating prefix util module '/work/prac_ws/install/_local_setup_util_ps1.py'
[0.492s] INFO:colcon.colcon_core.shell:Creating prefix chain script '/work/prac_ws/install/setup.ps1'
[0.493s] INFO:colcon.colcon_core.shell:Creating prefix script '/work/prac_ws/install/local_setup.sh'
[0.493s] INFO:colcon.colcon_core.shell:Creating prefix util module '/work/prac_ws/install/_local_setup_util_sh.py'
[0.493s] INFO:colcon.colcon_core.shell:Creating prefix chain script '/work/prac_ws/install/setup.sh'
[0.494s] INFO:colcon.colcon_core.shell:Creating prefix script '/work/prac_ws/install/local_setup.bash'
[0.494s] INFO:colcon.colcon_core.shell:Creating prefix chain script '/work/prac_ws/install/setup.bash'
[0.495s] INFO:colcon.colcon_core.shell:Creating prefix script '/work/prac_ws/install/local_setup.zsh'
[0.495s] INFO:colcon.colcon_core.shell:Creating prefix chain script '/work/prac_ws/install/setup.zsh'
