[0.017s] Invoking command in '/work/prac_ws/build/small_arm_moveit_config': CMAKE_PREFIX_PATH=/work/prac_ws/install/small_arm_prac:/work/prac_ws/install/dynamixel_hardware:/work/prac_ws/install/dynamixel_workbench_toolbox:/work/prac_ws/install/pantilt_bot_description:/work/prac_ws/install/open_manipulator_x_description:/work/prac_ws/install/dynamixel_workbench:/work/prac_ws/install/dynamixel_workbench_msgs:/opt/ros/humble /usr/bin/cmake /work/prac_ws/src/small_arm_moveit_config -DCMAKE_INSTALL_PREFIX=/work/prac_ws/install/small_arm_moveit_config
[0.063s] -- The C compiler identification is GNU 11.4.0
[0.106s] -- The CXX compiler identification is GNU 11.4.0
[0.111s] -- Detecting C compiler ABI info
[0.166s] -- Detecting C compiler ABI info - done
[0.170s] -- Check for working C compiler: /usr/bin/cc - skipped
[0.171s] -- Detecting C compile features
[0.171s] -- Detecting C compile features - done
[0.173s] -- Detecting CXX compiler ABI info
[0.240s] -- Detecting CXX compiler ABI info - done
[0.245s] -- Check for working CXX compiler: /usr/bin/c++ - skipped
[0.245s] -- Detecting CXX compile features
[0.245s] -- Detecting CXX compile features - done
[0.248s] -- Found ament_cmake: 1.3.12 (/opt/ros/humble/share/ament_cmake/cmake)
[0.352s] -- Found Python3: /usr/bin/python3 (found version "3.10.12") found components: Interpreter 
[0.456s] -- Configuring done
[0.458s] -- Generating done
[0.459s] -- Build files have been written to: /work/prac_ws/build/small_arm_moveit_config
[0.461s] Invoked command in '/work/prac_ws/build/small_arm_moveit_config' returned '0': CMAKE_PREFIX_PATH=/work/prac_ws/install/small_arm_prac:/work/prac_ws/install/dynamixel_hardware:/work/prac_ws/install/dynamixel_workbench_toolbox:/work/prac_ws/install/pantilt_bot_description:/work/prac_ws/install/open_manipulator_x_description:/work/prac_ws/install/dynamixel_workbench:/work/prac_ws/install/dynamixel_workbench_msgs:/opt/ros/humble /usr/bin/cmake /work/prac_ws/src/small_arm_moveit_config -DCMAKE_INSTALL_PREFIX=/work/prac_ws/install/small_arm_moveit_config
[0.462s] Invoking command in '/work/prac_ws/build/small_arm_moveit_config': CMAKE_PREFIX_PATH=/work/prac_ws/install/small_arm_prac:/work/prac_ws/install/dynamixel_hardware:/work/prac_ws/install/dynamixel_workbench_toolbox:/work/prac_ws/install/pantilt_bot_description:/work/prac_ws/install/open_manipulator_x_description:/work/prac_ws/install/dynamixel_workbench:/work/prac_ws/install/dynamixel_workbench_msgs:/opt/ros/humble /usr/bin/cmake --build /work/prac_ws/build/small_arm_moveit_config -- -j20 -l20
[0.492s] Invoked command in '/work/prac_ws/build/small_arm_moveit_config' returned '0': CMAKE_PREFIX_PATH=/work/prac_ws/install/small_arm_prac:/work/prac_ws/install/dynamixel_hardware:/work/prac_ws/install/dynamixel_workbench_toolbox:/work/prac_ws/install/pantilt_bot_description:/work/prac_ws/install/open_manipulator_x_description:/work/prac_ws/install/dynamixel_workbench:/work/prac_ws/install/dynamixel_workbench_msgs:/opt/ros/humble /usr/bin/cmake --build /work/prac_ws/build/small_arm_moveit_config -- -j20 -l20
[0.493s] Invoking command in '/work/prac_ws/build/small_arm_moveit_config': CMAKE_PREFIX_PATH=/work/prac_ws/install/small_arm_prac:/work/prac_ws/install/dynamixel_hardware:/work/prac_ws/install/dynamixel_workbench_toolbox:/work/prac_ws/install/pantilt_bot_description:/work/prac_ws/install/open_manipulator_x_description:/work/prac_ws/install/dynamixel_workbench:/work/prac_ws/install/dynamixel_workbench_msgs:/opt/ros/humble /usr/bin/cmake --install /work/prac_ws/build/small_arm_moveit_config
[0.500s] -- Install configuration: ""
[0.500s] -- Installing: /work/prac_ws/install/small_arm_moveit_config/share/ament_index/resource_index/package_run_dependencies/small_arm_moveit_config
[0.500s] -- Installing: /work/prac_ws/install/small_arm_moveit_config/share/ament_index/resource_index/parent_prefix_path/small_arm_moveit_config
[0.500s] -- Installing: /work/prac_ws/install/small_arm_moveit_config/share/small_arm_moveit_config/environment/ament_prefix_path.sh
[0.500s] -- Installing: /work/prac_ws/install/small_arm_moveit_config/share/small_arm_moveit_config/environment/ament_prefix_path.dsv
[0.500s] -- Installing: /work/prac_ws/install/small_arm_moveit_config/share/small_arm_moveit_config/environment/path.sh
[0.500s] -- Installing: /work/prac_ws/install/small_arm_moveit_config/share/small_arm_moveit_config/environment/path.dsv
[0.500s] -- Installing: /work/prac_ws/install/small_arm_moveit_config/share/small_arm_moveit_config/local_setup.bash
[0.500s] -- Installing: /work/prac_ws/install/small_arm_moveit_config/share/small_arm_moveit_config/local_setup.sh
[0.500s] -- Installing: /work/prac_ws/install/small_arm_moveit_config/share/small_arm_moveit_config/local_setup.zsh
[0.500s] -- Installing: /work/prac_ws/install/small_arm_moveit_config/share/small_arm_moveit_config/local_setup.dsv
[0.500s] -- Installing: /work/prac_ws/install/small_arm_moveit_config/share/small_arm_moveit_config/package.dsv
[0.501s] -- Installing: /work/prac_ws/install/small_arm_moveit_config/share/ament_index/resource_index/packages/small_arm_moveit_config
[0.501s] -- Installing: /work/prac_ws/install/small_arm_moveit_config/share/small_arm_moveit_config/cmake/small_arm_moveit_configConfig.cmake
[0.501s] -- Installing: /work/prac_ws/install/small_arm_moveit_config/share/small_arm_moveit_config/cmake/small_arm_moveit_configConfig-version.cmake
[0.501s] -- Installing: /work/prac_ws/install/small_arm_moveit_config/share/small_arm_moveit_config/package.xml
[0.501s] -- Installing: /work/prac_ws/install/small_arm_moveit_config/share/small_arm_moveit_config/launch
[0.501s] -- Installing: /work/prac_ws/install/small_arm_moveit_config/share/small_arm_moveit_config/launch/warehouse_db.launch.py
[0.501s] -- Installing: /work/prac_ws/install/small_arm_moveit_config/share/small_arm_moveit_config/launch/spawn_controllers.launch.py
[0.501s] -- Installing: /work/prac_ws/install/small_arm_moveit_config/share/small_arm_moveit_config/launch/rsp.launch.py
[0.501s] -- Installing: /work/prac_ws/install/small_arm_moveit_config/share/small_arm_moveit_config/launch/demo.launch.py
[0.501s] -- Installing: /work/prac_ws/install/small_arm_moveit_config/share/small_arm_moveit_config/launch/moveit_rviz.launch.py
[0.501s] -- Installing: /work/prac_ws/install/small_arm_moveit_config/share/small_arm_moveit_config/launch/setup_assistant.launch.py
[0.501s] -- Installing: /work/prac_ws/install/small_arm_moveit_config/share/small_arm_moveit_config/launch/static_virtual_joint_tfs.launch.py
[0.501s] -- Installing: /work/prac_ws/install/small_arm_moveit_config/share/small_arm_moveit_config/launch/move_group.launch.py
[0.501s] -- Installing: /work/prac_ws/install/small_arm_moveit_config/share/small_arm_moveit_config/config
[0.502s] -- Installing: /work/prac_ws/install/small_arm_moveit_config/share/small_arm_moveit_config/config/ros2_controllers.yaml
[0.502s] -- Installing: /work/prac_ws/install/small_arm_moveit_config/share/small_arm_moveit_config/config/kinematics.yaml
[0.502s] -- Installing: /work/prac_ws/install/small_arm_moveit_config/share/small_arm_moveit_config/config/pilz_cartesian_limits.yaml
[0.502s] -- Installing: /work/prac_ws/install/small_arm_moveit_config/share/small_arm_moveit_config/config/small_arm.ros2_control.xacro
[0.502s] -- Installing: /work/prac_ws/install/small_arm_moveit_config/share/small_arm_moveit_config/config/moveit_controllers.yaml
[0.502s] -- Installing: /work/prac_ws/install/small_arm_moveit_config/share/small_arm_moveit_config/config/initial_positions.yaml
[0.502s] -- Installing: /work/prac_ws/install/small_arm_moveit_config/share/small_arm_moveit_config/config/joint_limits.yaml
[0.502s] -- Installing: /work/prac_ws/install/small_arm_moveit_config/share/small_arm_moveit_config/config/small_arm.urdf.xacro
[0.502s] -- Installing: /work/prac_ws/install/small_arm_moveit_config/share/small_arm_moveit_config/config/small_arm.srdf
[0.502s] -- Installing: /work/prac_ws/install/small_arm_moveit_config/share/small_arm_moveit_config/config/moveit.rviz
[0.502s] -- Installing: /work/prac_ws/install/small_arm_moveit_config/share/small_arm_moveit_config/.setup_assistant
[0.503s] Invoked command in '/work/prac_ws/build/small_arm_moveit_config' returned '0': CMAKE_PREFIX_PATH=/work/prac_ws/install/small_arm_prac:/work/prac_ws/install/dynamixel_hardware:/work/prac_ws/install/dynamixel_workbench_toolbox:/work/prac_ws/install/pantilt_bot_description:/work/prac_ws/install/open_manipulator_x_description:/work/prac_ws/install/dynamixel_workbench:/work/prac_ws/install/dynamixel_workbench_msgs:/opt/ros/humble /usr/bin/cmake --install /work/prac_ws/build/small_arm_moveit_config
