[0.010s] Invoking command in '/work/prac_ws/build/open_manipulator_x_description': AMENT_PREFIX_PATH=/work/prac_ws/install/dynamixel_hardware:/work/prac_ws/install/dynamixel_workbench_toolbox:${AMENT_PREFIX_PATH} CMAKE_PREFIX_PATH=/work/prac_ws/install/dynamixel_hardware:/work/prac_ws/install/dynamixel_workbench_toolbox:/opt/ros/humble LD_LIBRARY_PATH=/work/prac_ws/install/dynamixel_hardware/lib:/work/prac_ws/install/dynamixel_workbench_toolbox/lib:${LD_LIBRARY_PATH} /usr/bin/cmake --build /work/prac_ws/build/open_manipulator_x_description -- -j20 -l20
[0.054s] Invoked command in '/work/prac_ws/build/open_manipulator_x_description' returned '0': AMENT_PREFIX_PATH=/work/prac_ws/install/dynamixel_hardware:/work/prac_ws/install/dynamixel_workbench_toolbox:${AMENT_PREFIX_PATH} CMAKE_PREFIX_PATH=/work/prac_ws/install/dynamixel_hardware:/work/prac_ws/install/dynamixel_workbench_toolbox:/opt/ros/humble LD_LIBRARY_PATH=/work/prac_ws/install/dynamixel_hardware/lib:/work/prac_ws/install/dynamixel_workbench_toolbox/lib:${LD_LIBRARY_PATH} /usr/bin/cmake --build /work/prac_ws/build/open_manipulator_x_description -- -j20 -l20
[0.055s] Invoking command in '/work/prac_ws/build/open_manipulator_x_description': AMENT_PREFIX_PATH=/work/prac_ws/install/dynamixel_hardware:/work/prac_ws/install/dynamixel_workbench_toolbox:${AMENT_PREFIX_PATH} CMAKE_PREFIX_PATH=/work/prac_ws/install/dynamixel_hardware:/work/prac_ws/install/dynamixel_workbench_toolbox:/opt/ros/humble LD_LIBRARY_PATH=/work/prac_ws/install/dynamixel_hardware/lib:/work/prac_ws/install/dynamixel_workbench_toolbox/lib:${LD_LIBRARY_PATH} /usr/bin/cmake --install /work/prac_ws/build/open_manipulator_x_description
[0.062s] -- Install configuration: ""
[0.062s] -- Up-to-date: /work/prac_ws/install/open_manipulator_x_description/share/open_manipulator_x_description/meshes
[0.063s] -- Up-to-date: /work/prac_ws/install/open_manipulator_x_description/share/open_manipulator_x_description/meshes/chain_link_grip_l.stl
[0.063s] -- Up-to-date: /work/prac_ws/install/open_manipulator_x_description/share/open_manipulator_x_description/meshes/chain_link1.stl
[0.063s] -- Up-to-date: /work/prac_ws/install/open_manipulator_x_description/share/open_manipulator_x_description/meshes/chain_link5.stl
[0.063s] -- Up-to-date: /work/prac_ws/install/open_manipulator_x_description/share/open_manipulator_x_description/meshes/chain_link4.stl
[0.063s] -- Up-to-date: /work/prac_ws/install/open_manipulator_x_description/share/open_manipulator_x_description/meshes/chain_link_grip_r.stl
[0.063s] -- Up-to-date: /work/prac_ws/install/open_manipulator_x_description/share/open_manipulator_x_description/meshes/chain_link3.stl
[0.063s] -- Up-to-date: /work/prac_ws/install/open_manipulator_x_description/share/open_manipulator_x_description/meshes/chain_link2.stl
[0.063s] -- Up-to-date: /work/prac_ws/install/open_manipulator_x_description/share/open_manipulator_x_description/urdf
[0.063s] -- Up-to-date: /work/prac_ws/install/open_manipulator_x_description/share/open_manipulator_x_description/urdf/open_manipulator_x.material.xacro
[0.063s] -- Up-to-date: /work/prac_ws/install/open_manipulator_x_description/share/open_manipulator_x_description/urdf/open_manipulator_x_gazebo.urdf.xacro
[0.063s] -- Up-to-date: /work/prac_ws/install/open_manipulator_x_description/share/open_manipulator_x_description/urdf/open_manipulator_x.urdf.xacro
[0.063s] -- Up-to-date: /work/prac_ws/install/open_manipulator_x_description/share/open_manipulator_x_description/urdf/open_manipulator_x.xacro
[0.063s] -- Up-to-date: /work/prac_ws/install/open_manipulator_x_description/share/open_manipulator_x_description/urdf/open_manipulator_x.ros2_control_gazebo.xacro
[0.063s] -- Up-to-date: /work/prac_ws/install/open_manipulator_x_description/share/open_manipulator_x_description/urdf/open_manipulator_x.ros2_control.xacro
[0.063s] -- Up-to-date: /work/prac_ws/install/open_manipulator_x_description/share/open_manipulator_x_description/controllers
[0.063s] -- Up-to-date: /work/prac_ws/install/open_manipulator_x_description/share/open_manipulator_x_description/controllers/controllers.yaml
[0.063s] -- Up-to-date: /work/prac_ws/install/open_manipulator_x_description/share/open_manipulator_x_description/launch
[0.063s] -- Up-to-date: /work/prac_ws/install/open_manipulator_x_description/share/open_manipulator_x_description/launch/open_manipulator_x.launch.py
[0.066s] -- Up-to-date: /work/prac_ws/install/open_manipulator_x_description/share/open_manipulator_x_description/launch/open_manipulator_x.rviz
[0.066s] -- Up-to-date: /work/prac_ws/install/open_manipulator_x_description/share/open_manipulator_x_description/launch/open_manipulator_x_gazebo.launch.py
[0.066s] -- Up-to-date: /work/prac_ws/install/open_manipulator_x_description/share/open_manipulator_x_description/launch/display.launch.py
[0.066s] -- Up-to-date: /work/prac_ws/install/open_manipulator_x_description/share/ament_index/resource_index/package_run_dependencies/open_manipulator_x_description
[0.066s] -- Up-to-date: /work/prac_ws/install/open_manipulator_x_description/share/ament_index/resource_index/parent_prefix_path/open_manipulator_x_description
[0.067s] -- Up-to-date: /work/prac_ws/install/open_manipulator_x_description/share/open_manipulator_x_description/environment/ament_prefix_path.sh
[0.067s] -- Up-to-date: /work/prac_ws/install/open_manipulator_x_description/share/open_manipulator_x_description/environment/ament_prefix_path.dsv
[0.067s] -- Up-to-date: /work/prac_ws/install/open_manipulator_x_description/share/open_manipulator_x_description/environment/path.sh
[0.067s] -- Up-to-date: /work/prac_ws/install/open_manipulator_x_description/share/open_manipulator_x_description/environment/path.dsv
[0.067s] -- Up-to-date: /work/prac_ws/install/open_manipulator_x_description/share/open_manipulator_x_description/local_setup.bash
[0.067s] -- Up-to-date: /work/prac_ws/install/open_manipulator_x_description/share/open_manipulator_x_description/local_setup.sh
[0.067s] -- Up-to-date: /work/prac_ws/install/open_manipulator_x_description/share/open_manipulator_x_description/local_setup.zsh
[0.067s] -- Up-to-date: /work/prac_ws/install/open_manipulator_x_description/share/open_manipulator_x_description/local_setup.dsv
[0.068s] -- Installing: /work/prac_ws/install/open_manipulator_x_description/share/open_manipulator_x_description/package.dsv
[0.068s] -- Up-to-date: /work/prac_ws/install/open_manipulator_x_description/share/ament_index/resource_index/packages/open_manipulator_x_description
[0.068s] -- Up-to-date: /work/prac_ws/install/open_manipulator_x_description/share/open_manipulator_x_description/cmake/open_manipulator_x_descriptionConfig.cmake
[0.068s] -- Up-to-date: /work/prac_ws/install/open_manipulator_x_description/share/open_manipulator_x_description/cmake/open_manipulator_x_descriptionConfig-version.cmake
[0.068s] -- Up-to-date: /work/prac_ws/install/open_manipulator_x_description/share/open_manipulator_x_description/package.xml
[0.077s] Invoked command in '/work/prac_ws/build/open_manipulator_x_description' returned '0': AMENT_PREFIX_PATH=/work/prac_ws/install/dynamixel_hardware:/work/prac_ws/install/dynamixel_workbench_toolbox:${AMENT_PREFIX_PATH} CMAKE_PREFIX_PATH=/work/prac_ws/install/dynamixel_hardware:/work/prac_ws/install/dynamixel_workbench_toolbox:/opt/ros/humble LD_LIBRARY_PATH=/work/prac_ws/install/dynamixel_hardware/lib:/work/prac_ws/install/dynamixel_workbench_toolbox/lib:${LD_LIBRARY_PATH} /usr/bin/cmake --install /work/prac_ws/build/open_manipulator_x_description
