[0.010s] Invoking command in '/work/prac_ws/build/small_arm_prac': AMENT_PREFIX_PATH=/work/prac_ws/install/dynamixel_hardware:/work/prac_ws/install/dynamixel_workbench_toolbox:${AMENT_PREFIX_PATH} CMAKE_PREFIX_PATH=/work/prac_ws/install/dynamixel_hardware:/work/prac_ws/install/dynamixel_workbench_toolbox:/opt/ros/humble LD_LIBRARY_PATH=/work/prac_ws/install/dynamixel_hardware/lib:/work/prac_ws/install/dynamixel_workbench_toolbox/lib:${LD_LIBRARY_PATH} /usr/bin/cmake --build /work/prac_ws/build/small_arm_prac -- -j20 -l20
[0.058s] Invoked command in '/work/prac_ws/build/small_arm_prac' returned '0': AMENT_PREFIX_PATH=/work/prac_ws/install/dynamixel_hardware:/work/prac_ws/install/dynamixel_workbench_toolbox:${AMENT_PREFIX_PATH} CMAKE_PREFIX_PATH=/work/prac_ws/install/dynamixel_hardware:/work/prac_ws/install/dynamixel_workbench_toolbox:/opt/ros/humble LD_LIBRARY_PATH=/work/prac_ws/install/dynamixel_hardware/lib:/work/prac_ws/install/dynamixel_workbench_toolbox/lib:${LD_LIBRARY_PATH} /usr/bin/cmake --build /work/prac_ws/build/small_arm_prac -- -j20 -l20
[0.059s] Invoking command in '/work/prac_ws/build/small_arm_prac': AMENT_PREFIX_PATH=/work/prac_ws/install/dynamixel_hardware:/work/prac_ws/install/dynamixel_workbench_toolbox:${AMENT_PREFIX_PATH} CMAKE_PREFIX_PATH=/work/prac_ws/install/dynamixel_hardware:/work/prac_ws/install/dynamixel_workbench_toolbox:/opt/ros/humble LD_LIBRARY_PATH=/work/prac_ws/install/dynamixel_hardware/lib:/work/prac_ws/install/dynamixel_workbench_toolbox/lib:${LD_LIBRARY_PATH} /usr/bin/cmake --install /work/prac_ws/build/small_arm_prac
[0.070s] -- Install configuration: ""
[0.071s] -- Up-to-date: /work/prac_ws/install/small_arm_prac/share/small_arm_prac/urdf
[0.071s] -- Up-to-date: /work/prac_ws/install/small_arm_prac/share/small_arm_prac/urdf/materials.xacro
[0.071s] -- Up-to-date: /work/prac_ws/install/small_arm_prac/share/small_arm_prac/urdf/small_arm.ros2_control.xacro
[0.071s] -- Up-to-date: /work/prac_ws/install/small_arm_prac/share/small_arm_prac/urdf/small_arm.urdf
[0.071s] -- Up-to-date: /work/prac_ws/install/small_arm_prac/share/small_arm_prac/urdf/small_arm.xacro
[0.072s] -- Up-to-date: /work/prac_ws/install/small_arm_prac/share/small_arm_prac/urdf/small_arm.urdf.xacro
[0.072s] -- Up-to-date: /work/prac_ws/install/small_arm_prac/share/small_arm_prac/meshes
[0.073s] -- Up-to-date: /work/prac_ws/install/small_arm_prac/share/small_arm_prac/meshes/link_2_1.stl
[0.073s] -- Up-to-date: /work/prac_ws/install/small_arm_prac/share/small_arm_prac/meshes/link_5_1.stl
[0.073s] -- Up-to-date: /work/prac_ws/install/small_arm_prac/share/small_arm_prac/meshes/Claw_1_1.stl
[0.073s] -- Up-to-date: /work/prac_ws/install/small_arm_prac/share/small_arm_prac/meshes/link_3_1.stl
[0.073s] -- Up-to-date: /work/prac_ws/install/small_arm_prac/share/small_arm_prac/meshes/link_4_1.stl
[0.073s] -- Up-to-date: /work/prac_ws/install/small_arm_prac/share/small_arm_prac/meshes/link_1_1.stl
[0.073s] -- Up-to-date: /work/prac_ws/install/small_arm_prac/share/small_arm_prac/meshes/Claw_base_1.stl
[0.073s] -- Up-to-date: /work/prac_ws/install/small_arm_prac/share/small_arm_prac/meshes/Camera_1.stl
[0.073s] -- Up-to-date: /work/prac_ws/install/small_arm_prac/share/small_arm_prac/meshes/base_link.stl
[0.073s] -- Up-to-date: /work/prac_ws/install/small_arm_prac/share/small_arm_prac/meshes/Claw_2_1.stl
[0.073s] -- Up-to-date: /work/prac_ws/install/small_arm_prac/share/small_arm_prac/launch
[0.073s] -- Up-to-date: /work/prac_ws/install/small_arm_prac/share/small_arm_prac/launch/pantilt_bot_gazebo.launch.py
[0.074s] -- Up-to-date: /work/prac_ws/install/small_arm_prac/share/small_arm_prac/launch/small_arm.rviz
[0.074s] -- Up-to-date: /work/prac_ws/install/small_arm_prac/share/small_arm_prac/launch/display.launch.py
[0.074s] -- Up-to-date: /work/prac_ws/install/small_arm_prac/share/small_arm_prac/launch/small_arm.launch.py
[0.074s] -- Up-to-date: /work/prac_ws/install/small_arm_prac/share/small_arm_prac/controllers
[0.074s] -- Up-to-date: /work/prac_ws/install/small_arm_prac/share/small_arm_prac/controllers/controllers.yaml
[0.074s] -- Up-to-date: /work/prac_ws/install/small_arm_prac/share/ament_index/resource_index/package_run_dependencies/small_arm_prac
[0.074s] -- Up-to-date: /work/prac_ws/install/small_arm_prac/share/ament_index/resource_index/parent_prefix_path/small_arm_prac
[0.074s] -- Up-to-date: /work/prac_ws/install/small_arm_prac/share/small_arm_prac/environment/ament_prefix_path.sh
[0.074s] -- Up-to-date: /work/prac_ws/install/small_arm_prac/share/small_arm_prac/environment/ament_prefix_path.dsv
[0.074s] -- Up-to-date: /work/prac_ws/install/small_arm_prac/share/small_arm_prac/environment/path.sh
[0.074s] -- Up-to-date: /work/prac_ws/install/small_arm_prac/share/small_arm_prac/environment/path.dsv
[0.074s] -- Up-to-date: /work/prac_ws/install/small_arm_prac/share/small_arm_prac/local_setup.bash
[0.074s] -- Up-to-date: /work/prac_ws/install/small_arm_prac/share/small_arm_prac/local_setup.sh
[0.074s] -- Up-to-date: /work/prac_ws/install/small_arm_prac/share/small_arm_prac/local_setup.zsh
[0.074s] -- Up-to-date: /work/prac_ws/install/small_arm_prac/share/small_arm_prac/local_setup.dsv
[0.074s] -- Installing: /work/prac_ws/install/small_arm_prac/share/small_arm_prac/package.dsv
[0.074s] -- Up-to-date: /work/prac_ws/install/small_arm_prac/share/ament_index/resource_index/packages/small_arm_prac
[0.074s] -- Up-to-date: /work/prac_ws/install/small_arm_prac/share/small_arm_prac/cmake/small_arm_pracConfig.cmake
[0.074s] -- Up-to-date: /work/prac_ws/install/small_arm_prac/share/small_arm_prac/cmake/small_arm_pracConfig-version.cmake
[0.074s] -- Up-to-date: /work/prac_ws/install/small_arm_prac/share/small_arm_prac/package.xml
[0.088s] Invoked command in '/work/prac_ws/build/small_arm_prac' returned '0': AMENT_PREFIX_PATH=/work/prac_ws/install/dynamixel_hardware:/work/prac_ws/install/dynamixel_workbench_toolbox:${AMENT_PREFIX_PATH} CMAKE_PREFIX_PATH=/work/prac_ws/install/dynamixel_hardware:/work/prac_ws/install/dynamixel_workbench_toolbox:/opt/ros/humble LD_LIBRARY_PATH=/work/prac_ws/install/dynamixel_hardware/lib:/work/prac_ws/install/dynamixel_workbench_toolbox/lib:${LD_LIBRARY_PATH} /usr/bin/cmake --install /work/prac_ws/build/small_arm_prac
