[0.022s] Invoking command in '/work/prac_ws/build/small_arm_moveit_config': CMAKE_PREFIX_PATH=/work/prac_ws/install/small_arm_prac:/work/prac_ws/install/dynamixel_hardware:/work/prac_ws/install/dynamixel_workbench_toolbox:/work/prac_ws/install/small_arm_moveit_config:/work/prac_ws/install/pantilt_bot_description:/work/prac_ws/install/open_manipulator_x_description:/work/prac_ws/install/dynamixel_workbench:/work/prac_ws/install/dynamixel_workbench_msgs:/opt/ros/humble /usr/bin/cmake --build /work/prac_ws/build/small_arm_moveit_config -- -j20 -l20
[0.056s] Invoked command in '/work/prac_ws/build/small_arm_moveit_config' returned '0': CMAKE_PREFIX_PATH=/work/prac_ws/install/small_arm_prac:/work/prac_ws/install/dynamixel_hardware:/work/prac_ws/install/dynamixel_workbench_toolbox:/work/prac_ws/install/small_arm_moveit_config:/work/prac_ws/install/pantilt_bot_description:/work/prac_ws/install/open_manipulator_x_description:/work/prac_ws/install/dynamixel_workbench:/work/prac_ws/install/dynamixel_workbench_msgs:/opt/ros/humble /usr/bin/cmake --build /work/prac_ws/build/small_arm_moveit_config -- -j20 -l20
[0.057s] Invoking command in '/work/prac_ws/build/small_arm_moveit_config': CMAKE_PREFIX_PATH=/work/prac_ws/install/small_arm_prac:/work/prac_ws/install/dynamixel_hardware:/work/prac_ws/install/dynamixel_workbench_toolbox:/work/prac_ws/install/small_arm_moveit_config:/work/prac_ws/install/pantilt_bot_description:/work/prac_ws/install/open_manipulator_x_description:/work/prac_ws/install/dynamixel_workbench:/work/prac_ws/install/dynamixel_workbench_msgs:/opt/ros/humble /usr/bin/cmake --install /work/prac_ws/build/small_arm_moveit_config
[0.062s] -- Install configuration: ""
[0.062s] -- Up-to-date: /work/prac_ws/install/small_arm_moveit_config/share/ament_index/resource_index/package_run_dependencies/small_arm_moveit_config
[0.062s] -- Up-to-date: /work/prac_ws/install/small_arm_moveit_config/share/ament_index/resource_index/parent_prefix_path/small_arm_moveit_config
[0.062s] -- Up-to-date: /work/prac_ws/install/small_arm_moveit_config/share/small_arm_moveit_config/environment/ament_prefix_path.sh
[0.063s] -- Up-to-date: /work/prac_ws/install/small_arm_moveit_config/share/small_arm_moveit_config/environment/ament_prefix_path.dsv
[0.063s] -- Up-to-date: /work/prac_ws/install/small_arm_moveit_config/share/small_arm_moveit_config/environment/path.sh
[0.063s] -- Up-to-date: /work/prac_ws/install/small_arm_moveit_config/share/small_arm_moveit_config/environment/path.dsv
[0.063s] -- Up-to-date: /work/prac_ws/install/small_arm_moveit_config/share/small_arm_moveit_config/local_setup.bash
[0.063s] -- Up-to-date: /work/prac_ws/install/small_arm_moveit_config/share/small_arm_moveit_config/local_setup.sh
[0.063s] -- Up-to-date: /work/prac_ws/install/small_arm_moveit_config/share/small_arm_moveit_config/local_setup.zsh
[0.063s] -- Up-to-date: /work/prac_ws/install/small_arm_moveit_config/share/small_arm_moveit_config/local_setup.dsv
[0.063s] -- Installing: /work/prac_ws/install/small_arm_moveit_config/share/small_arm_moveit_config/package.dsv
[0.063s] -- Up-to-date: /work/prac_ws/install/small_arm_moveit_config/share/ament_index/resource_index/packages/small_arm_moveit_config
[0.063s] -- Up-to-date: /work/prac_ws/install/small_arm_moveit_config/share/small_arm_moveit_config/cmake/small_arm_moveit_configConfig.cmake
[0.063s] -- Up-to-date: /work/prac_ws/install/small_arm_moveit_config/share/small_arm_moveit_config/cmake/small_arm_moveit_configConfig-version.cmake
[0.063s] -- Up-to-date: /work/prac_ws/install/small_arm_moveit_config/share/small_arm_moveit_config/package.xml
[0.063s] -- Up-to-date: /work/prac_ws/install/small_arm_moveit_config/share/small_arm_moveit_config/launch
[0.063s] -- Up-to-date: /work/prac_ws/install/small_arm_moveit_config/share/small_arm_moveit_config/launch/warehouse_db.launch.py
[0.063s] -- Up-to-date: /work/prac_ws/install/small_arm_moveit_config/share/small_arm_moveit_config/launch/spawn_controllers.launch.py
[0.063s] -- Up-to-date: /work/prac_ws/install/small_arm_moveit_config/share/small_arm_moveit_config/launch/rsp.launch.py
[0.063s] -- Up-to-date: /work/prac_ws/install/small_arm_moveit_config/share/small_arm_moveit_config/launch/demo.launch.py
[0.063s] -- Up-to-date: /work/prac_ws/install/small_arm_moveit_config/share/small_arm_moveit_config/launch/moveit_rviz.launch.py
[0.063s] -- Up-to-date: /work/prac_ws/install/small_arm_moveit_config/share/small_arm_moveit_config/launch/setup_assistant.launch.py
[0.063s] -- Up-to-date: /work/prac_ws/install/small_arm_moveit_config/share/small_arm_moveit_config/launch/static_virtual_joint_tfs.launch.py
[0.063s] -- Up-to-date: /work/prac_ws/install/small_arm_moveit_config/share/small_arm_moveit_config/launch/move_group.launch.py
[0.063s] -- Up-to-date: /work/prac_ws/install/small_arm_moveit_config/share/small_arm_moveit_config/config
[0.063s] -- Up-to-date: /work/prac_ws/install/small_arm_moveit_config/share/small_arm_moveit_config/config/ros2_controllers.yaml
[0.063s] -- Up-to-date: /work/prac_ws/install/small_arm_moveit_config/share/small_arm_moveit_config/config/kinematics.yaml
[0.063s] -- Up-to-date: /work/prac_ws/install/small_arm_moveit_config/share/small_arm_moveit_config/config/pilz_cartesian_limits.yaml
[0.063s] -- Up-to-date: /work/prac_ws/install/small_arm_moveit_config/share/small_arm_moveit_config/config/small_arm.ros2_control.xacro
[0.063s] -- Up-to-date: /work/prac_ws/install/small_arm_moveit_config/share/small_arm_moveit_config/config/moveit_controllers.yaml
[0.063s] -- Up-to-date: /work/prac_ws/install/small_arm_moveit_config/share/small_arm_moveit_config/config/initial_positions.yaml
[0.064s] -- Up-to-date: /work/prac_ws/install/small_arm_moveit_config/share/small_arm_moveit_config/config/joint_limits.yaml
[0.064s] -- Up-to-date: /work/prac_ws/install/small_arm_moveit_config/share/small_arm_moveit_config/config/small_arm.urdf.xacro
[0.064s] -- Up-to-date: /work/prac_ws/install/small_arm_moveit_config/share/small_arm_moveit_config/config/small_arm.srdf
[0.064s] -- Up-to-date: /work/prac_ws/install/small_arm_moveit_config/share/small_arm_moveit_config/config/moveit.rviz
[0.064s] -- Up-to-date: /work/prac_ws/install/small_arm_moveit_config/share/small_arm_moveit_config/.setup_assistant
[0.064s] Invoked command in '/work/prac_ws/build/small_arm_moveit_config' returned '0': CMAKE_PREFIX_PATH=/work/prac_ws/install/small_arm_prac:/work/prac_ws/install/dynamixel_hardware:/work/prac_ws/install/dynamixel_workbench_toolbox:/work/prac_ws/install/small_arm_moveit_config:/work/prac_ws/install/pantilt_bot_description:/work/prac_ws/install/open_manipulator_x_description:/work/prac_ws/install/dynamixel_workbench:/work/prac_ws/install/dynamixel_workbench_msgs:/opt/ros/humble /usr/bin/cmake --install /work/prac_ws/build/small_arm_moveit_config
