[0.010s] Invoking command in '/work/prac_ws/build/small_arm_prac': CMAKE_PREFIX_PATH=/work/prac_ws/install/dynamixel_hardware:/work/prac_ws/install/dynamixel_workbench_toolbox:/work/prac_ws/install/small_arm_moveit_config:/work/prac_ws/install/small_arm_prac:/work/prac_ws/install/pantilt_bot_description:/work/prac_ws/install/open_manipulator_x_description:/work/prac_ws/install/dynamixel_workbench:/work/prac_ws/install/dynamixel_workbench_msgs:/opt/ros/humble /usr/bin/cmake --build /work/prac_ws/build/small_arm_prac -- -j20 -l20
[0.051s] Invoked command in '/work/prac_ws/build/small_arm_prac' returned '0': CMAKE_PREFIX_PATH=/work/prac_ws/install/dynamixel_hardware:/work/prac_ws/install/dynamixel_workbench_toolbox:/work/prac_ws/install/small_arm_moveit_config:/work/prac_ws/install/small_arm_prac:/work/prac_ws/install/pantilt_bot_description:/work/prac_ws/install/open_manipulator_x_description:/work/prac_ws/install/dynamixel_workbench:/work/prac_ws/install/dynamixel_workbench_msgs:/opt/ros/humble /usr/bin/cmake --build /work/prac_ws/build/small_arm_prac -- -j20 -l20
[0.052s] Invoking command in '/work/prac_ws/build/small_arm_prac': CMAKE_PREFIX_PATH=/work/prac_ws/install/dynamixel_hardware:/work/prac_ws/install/dynamixel_workbench_toolbox:/work/prac_ws/install/small_arm_moveit_config:/work/prac_ws/install/small_arm_prac:/work/prac_ws/install/pantilt_bot_description:/work/prac_ws/install/open_manipulator_x_description:/work/prac_ws/install/dynamixel_workbench:/work/prac_ws/install/dynamixel_workbench_msgs:/opt/ros/humble /usr/bin/cmake --install /work/prac_ws/build/small_arm_prac
[0.061s] -- Install configuration: ""
[0.061s] -- Up-to-date: /work/prac_ws/install/small_arm_prac/share/small_arm_prac/urdf
[0.061s] -- Up-to-date: /work/prac_ws/install/small_arm_prac/share/small_arm_prac/urdf/materials.xacro
[0.061s] -- Up-to-date: /work/prac_ws/install/small_arm_prac/share/small_arm_prac/urdf/small_arm.ros2_control.xacro
[0.061s] -- Up-to-date: /work/prac_ws/install/small_arm_prac/share/small_arm_prac/urdf/small_arm.urdf
[0.061s] -- Up-to-date: /work/prac_ws/install/small_arm_prac/share/small_arm_prac/urdf/small_arm.xacro
[0.061s] -- Up-to-date: /work/prac_ws/install/small_arm_prac/share/small_arm_prac/urdf/small_arm.urdf.xacro
[0.061s] -- Up-to-date: /work/prac_ws/install/small_arm_prac/share/small_arm_prac/meshes
[0.061s] -- Up-to-date: /work/prac_ws/install/small_arm_prac/share/small_arm_prac/meshes/link_2_1.stl
[0.061s] -- Up-to-date: /work/prac_ws/install/small_arm_prac/share/small_arm_prac/meshes/link_5_1.stl
[0.061s] -- Up-to-date: /work/prac_ws/install/small_arm_prac/share/small_arm_prac/meshes/Claw_1_1.stl
[0.061s] -- Up-to-date: /work/prac_ws/install/small_arm_prac/share/small_arm_prac/meshes/link_3_1.stl
[0.061s] -- Up-to-date: /work/prac_ws/install/small_arm_prac/share/small_arm_prac/meshes/link_4_1.stl
[0.061s] -- Up-to-date: /work/prac_ws/install/small_arm_prac/share/small_arm_prac/meshes/link_1_1.stl
[0.061s] -- Up-to-date: /work/prac_ws/install/small_arm_prac/share/small_arm_prac/meshes/Claw_base_1.stl
[0.061s] -- Up-to-date: /work/prac_ws/install/small_arm_prac/share/small_arm_prac/meshes/Camera_1.stl
[0.061s] -- Up-to-date: /work/prac_ws/install/small_arm_prac/share/small_arm_prac/meshes/base_link.stl
[0.061s] -- Up-to-date: /work/prac_ws/install/small_arm_prac/share/small_arm_prac/meshes/Claw_2_1.stl
[0.061s] -- Up-to-date: /work/prac_ws/install/small_arm_prac/share/small_arm_prac/launch
[0.061s] -- Up-to-date: /work/prac_ws/install/small_arm_prac/share/small_arm_prac/launch/pantilt_bot_gazebo.launch.py
[0.061s] -- Up-to-date: /work/prac_ws/install/small_arm_prac/share/small_arm_prac/launch/small_arm.rviz
[0.061s] -- Up-to-date: /work/prac_ws/install/small_arm_prac/share/small_arm_prac/launch/display.launch.py
[0.061s] -- Up-to-date: /work/prac_ws/install/small_arm_prac/share/small_arm_prac/launch/small_arm.launch.py
[0.062s] -- Up-to-date: /work/prac_ws/install/small_arm_prac/share/small_arm_prac/controllers
[0.062s] -- Up-to-date: /work/prac_ws/install/small_arm_prac/share/small_arm_prac/controllers/controllers.yaml
[0.062s] -- Up-to-date: /work/prac_ws/install/small_arm_prac/share/ament_index/resource_index/package_run_dependencies/small_arm_prac
[0.062s] -- Up-to-date: /work/prac_ws/install/small_arm_prac/share/ament_index/resource_index/parent_prefix_path/small_arm_prac
[0.062s] -- Up-to-date: /work/prac_ws/install/small_arm_prac/share/small_arm_prac/environment/ament_prefix_path.sh
[0.062s] -- Up-to-date: /work/prac_ws/install/small_arm_prac/share/small_arm_prac/environment/ament_prefix_path.dsv
[0.062s] -- Up-to-date: /work/prac_ws/install/small_arm_prac/share/small_arm_prac/environment/path.sh
[0.062s] -- Up-to-date: /work/prac_ws/install/small_arm_prac/share/small_arm_prac/environment/path.dsv
[0.062s] -- Up-to-date: /work/prac_ws/install/small_arm_prac/share/small_arm_prac/local_setup.bash
[0.062s] -- Up-to-date: /work/prac_ws/install/small_arm_prac/share/small_arm_prac/local_setup.sh
[0.062s] -- Up-to-date: /work/prac_ws/install/small_arm_prac/share/small_arm_prac/local_setup.zsh
[0.062s] -- Up-to-date: /work/prac_ws/install/small_arm_prac/share/small_arm_prac/local_setup.dsv
[0.062s] -- Installing: /work/prac_ws/install/small_arm_prac/share/small_arm_prac/package.dsv
[0.062s] -- Up-to-date: /work/prac_ws/install/small_arm_prac/share/ament_index/resource_index/packages/small_arm_prac
[0.062s] -- Up-to-date: /work/prac_ws/install/small_arm_prac/share/small_arm_prac/cmake/small_arm_pracConfig.cmake
[0.062s] -- Up-to-date: /work/prac_ws/install/small_arm_prac/share/small_arm_prac/cmake/small_arm_pracConfig-version.cmake
[0.062s] -- Up-to-date: /work/prac_ws/install/small_arm_prac/share/small_arm_prac/package.xml
[0.084s] Invoked command in '/work/prac_ws/build/small_arm_prac' returned '0': CMAKE_PREFIX_PATH=/work/prac_ws/install/dynamixel_hardware:/work/prac_ws/install/dynamixel_workbench_toolbox:/work/prac_ws/install/small_arm_moveit_config:/work/prac_ws/install/small_arm_prac:/work/prac_ws/install/pantilt_bot_description:/work/prac_ws/install/open_manipulator_x_description:/work/prac_ws/install/dynamixel_workbench:/work/prac_ws/install/dynamixel_workbench_msgs:/opt/ros/humble /usr/bin/cmake --install /work/prac_ws/build/small_arm_prac
